0 verbose cli /opt/homebrew/Cellar/node/23.10.0_1/bin/node /opt/homebrew/bin/npm
1 info using npm@10.9.2
2 info using node@v23.10.0
3 silly config load:file:/opt/homebrew/lib/node_modules/npm/npmrc
4 silly config load:file:/Users/marcopagnanini/code/Progetti/frontend/mobile/App-Unto/.npmrc
5 silly config load:file:/Users/marcopagnanini/code/Progetti/frontend/mobile/App-Unto/~/.npmrc
6 silly config load:file:/opt/homebrew/etc/npmrc
7 verbose title npm install react-native-markdown-display
8 verbose argv "install" "react-native-markdown-display"
9 verbose logfile logs-max:10 dir:/Users/marcopagnanini/code/Progetti/frontend/mobile/App-Unto/~/.npm/_logs/2026-03-07T17_10_46_944Z-
10 verbose logfile /Users/marcopagnanini/code/Progetti/frontend/mobile/App-Unto/~/.npm/_logs/2026-03-07T17_10_46_944Z-debug-0.log
11 silly logfile done cleaning log files
12 silly packumentCache heap:2197815296 maxSize:549453824 maxEntrySize:274726912
13 silly idealTree buildDeps
14 silly fetch manifest react-native-markdown-display@*
15 silly packumentCache full:https://registry.npmjs.org/react-native-markdown-display cache-miss
16 verbose shrinkwrap failed to load node_modules/.package-lock.json missing from node_modules: node_modules/fsevents
17 http fetch GET 200 https://registry.npmjs.org/npm 405ms
18 http fetch GET 200 https://registry.npmjs.org/react-native-markdown-display 783ms (cache miss)
19 silly packumentCache full:https://registry.npmjs.org/react-native-markdown-display set size:undefined disposed:false
20 silly fetch manifest react@19.2.0
21 silly packumentCache full:https://registry.npmjs.org/react cache-miss
22 http fetch GET 200 https://registry.npmjs.org/react 165ms (cache miss)
23 silly packumentCache full:https://registry.npmjs.org/react set size:undefined disposed:false
24 silly fetch manifest react-native@0.83.2
25 silly packumentCache full:https://registry.npmjs.org/react-native cache-miss
26 http fetch GET 200 https://registry.npmjs.org/react-native 252ms (cache miss)
27 silly packumentCache full:https://registry.npmjs.org/react-native set size:undefined disposed:false
28 silly fetch manifest @types/react@~19.2.2
29 silly packumentCache full:https://registry.npmjs.org/@types%2freact cache-miss
30 http fetch GET 200 https://registry.npmjs.org/@types%2freact 113ms (cache miss)
31 silly packumentCache full:https://registry.npmjs.org/@types%2freact set size:undefined disposed:false
32 silly placeDep ROOT react-native-markdown-display@7.0.2 OK for: app-unto@1.0.0 want: *
33 silly fetch manifest css-to-react-native@^3.0.0
34 silly packumentCache full:https://registry.npmjs.org/css-to-react-native cache-miss
35 silly fetch manifest markdown-it@^10.0.0
36 silly packumentCache full:https://registry.npmjs.org/markdown-it cache-miss
37 silly fetch manifest prop-types@^15.7.2
38 silly packumentCache full:https://registry.npmjs.org/prop-types cache-miss
39 silly fetch manifest react-native-fit-image@^1.5.5
40 silly packumentCache full:https://registry.npmjs.org/react-native-fit-image cache-miss
41 http fetch GET 200 https://registry.npmjs.org/markdown-it 56ms (cache miss)
42 silly packumentCache full:https://registry.npmjs.org/markdown-it set size:undefined disposed:false
43 http fetch GET 200 https://registry.npmjs.org/prop-types 153ms (cache miss)
44 silly packumentCache full:https://registry.npmjs.org/prop-types set size:undefined disposed:false
45 http fetch GET 200 https://registry.npmjs.org/css-to-react-native 264ms (cache miss)
46 silly packumentCache full:https://registry.npmjs.org/css-to-react-native set size:undefined disposed:false
47 http fetch GET 200 https://registry.npmjs.org/react-native-fit-image 754ms (cache miss)
48 silly packumentCache full:https://registry.npmjs.org/react-native-fit-image set size:undefined disposed:false
49 silly placeDep ROOT css-to-react-native@3.2.0 OK for: react-native-markdown-display@7.0.2 want: ^3.0.0
50 silly placeDep ROOT markdown-it@10.0.0 OK for: react-native-markdown-display@7.0.2 want: ^10.0.0
51 silly placeDep ROOT prop-types@15.8.1 OK for: react-native-markdown-display@7.0.2 want: ^15.7.2
52 silly placeDep ROOT react-native-fit-image@1.5.5 OK for: react-native-markdown-display@7.0.2 want: ^1.5.5
53 silly fetch manifest camelize@^1.0.0
54 silly packumentCache full:https://registry.npmjs.org/camelize cache-miss
55 silly fetch manifest css-color-keywords@^1.0.0
56 silly packumentCache full:https://registry.npmjs.org/css-color-keywords cache-miss
57 silly fetch manifest mdurl@^1.0.1
58 silly packumentCache full:https://registry.npmjs.org/mdurl cache-miss
59 silly fetch manifest entities@~2.0.0
60 silly packumentCache full:https://registry.npmjs.org/entities cache-miss
61 silly fetch manifest uc.micro@^1.0.5
62 silly packumentCache full:https://registry.npmjs.org/uc.micro cache-miss
63 silly fetch manifest linkify-it@^2.0.0
64 silly packumentCache full:https://registry.npmjs.org/linkify-it cache-miss
65 silly fetch manifest react-is@^16.13.1
66 silly packumentCache full:https://registry.npmjs.org/react-is cache-miss
67 http fetch GET 200 https://registry.npmjs.org/entities 61ms (cache miss)
68 silly packumentCache full:https://registry.npmjs.org/entities set size:undefined disposed:false
69 http fetch GET 200 https://registry.npmjs.org/mdurl 62ms (cache miss)
70 silly packumentCache full:https://registry.npmjs.org/mdurl set size:undefined disposed:false
71 http fetch GET 200 https://registry.npmjs.org/uc.micro 157ms (cache miss)
72 silly packumentCache full:https://registry.npmjs.org/uc.micro set size:undefined disposed:false
73 http fetch GET 200 https://registry.npmjs.org/linkify-it 165ms (cache miss)
74 silly packumentCache full:https://registry.npmjs.org/linkify-it set size:undefined disposed:false
75 http fetch GET 200 https://registry.npmjs.org/camelize 237ms (cache miss)
76 silly packumentCache full:https://registry.npmjs.org/camelize set size:undefined disposed:false
77 http fetch GET 200 https://registry.npmjs.org/css-color-keywords 239ms (cache miss)
78 silly packumentCache full:https://registry.npmjs.org/css-color-keywords set size:undefined disposed:false
79 http fetch GET 200 https://registry.npmjs.org/react-is 324ms (cache miss)
80 silly packumentCache full:https://registry.npmjs.org/react-is set size:undefined disposed:false
81 silly placeDep ROOT camelize@1.0.1 OK for: css-to-react-native@3.2.0 want: ^1.0.0
82 silly placeDep ROOT css-color-keywords@1.0.0 OK for: css-to-react-native@3.2.0 want: ^1.0.0
83 silly placeDep ROOT entities@2.0.3 OK for: markdown-it@10.0.0 want: ~2.0.0
84 silly placeDep ROOT linkify-it@2.2.0 OK for: markdown-it@10.0.0 want: ^2.0.0
85 silly placeDep ROOT mdurl@1.0.1 OK for: markdown-it@10.0.0 want: ^1.0.1
86 silly placeDep ROOT uc.micro@1.0.6 OK for: markdown-it@10.0.0 want: ^1.0.5
87 silly fetch manifest uc.micro@^1.0.1
88 silly packumentCache full:https://registry.npmjs.org/uc.micro cache-miss
89 http cache https://registry.npmjs.org/uc.micro 5ms (cache hit)
90 silly packumentCache full:https://registry.npmjs.org/uc.micro set size:16457 disposed:false
91 silly placeDep node_modules/prop-types react-is@16.13.1 OK for: prop-types@15.8.1 want: ^16.13.1
92 silly reify moves {}
93 silly audit bulk request {
93 silly audit   '@babel/code-frame': [ '7.29.0' ],
93 silly audit   '@babel/compat-data': [ '7.29.0' ],
93 silly audit   '@babel/core': [ '7.29.0' ],
93 silly audit   '@babel/generator': [ '7.29.1' ],
93 silly audit   '@babel/helper-annotate-as-pure': [ '7.27.3' ],
93 silly audit   '@babel/helper-compilation-targets': [ '7.28.6' ],
93 silly audit   '@babel/helper-create-class-features-plugin': [ '7.28.6' ],
93 silly audit   '@babel/helper-create-regexp-features-plugin': [ '7.28.5' ],
93 silly audit   '@babel/helper-define-polyfill-provider': [ '0.6.7' ],
93 silly audit   '@babel/helper-globals': [ '7.28.0' ],
93 silly audit   '@babel/helper-member-expression-to-functions': [ '7.28.5' ],
93 silly audit   '@babel/helper-module-imports': [ '7.28.6' ],
93 silly audit   '@babel/helper-module-transforms': [ '7.28.6' ],
93 silly audit   '@babel/helper-optimise-call-expression': [ '7.27.1' ],
93 silly audit   '@babel/helper-plugin-utils': [ '7.28.6' ],
93 silly audit   '@babel/helper-remap-async-to-generator': [ '7.27.1' ],
93 silly audit   '@babel/helper-replace-supers': [ '7.28.6' ],
93 silly audit   '@babel/helper-skip-transparent-expression-wrappers': [ '7.27.1' ],
93 silly audit   '@babel/helper-string-parser': [ '7.27.1' ],
93 silly audit   '@babel/helper-validator-identifier': [ '7.28.5' ],
93 silly audit   '@babel/helper-validator-option': [ '7.27.1' ],
93 silly audit   '@babel/helper-wrap-function': [ '7.28.6' ],
93 silly audit   '@babel/helpers': [ '7.28.6' ],
93 silly audit   '@babel/parser': [ '7.29.0' ],
93 silly audit   '@babel/plugin-proposal-decorators': [ '7.29.0' ],
93 silly audit   '@babel/plugin-proposal-export-default-from': [ '7.27.1' ],
93 silly audit   '@babel/plugin-syntax-async-generators': [ '7.8.4' ],
93 silly audit   '@babel/plugin-syntax-bigint': [ '7.8.3' ],
93 silly audit   '@babel/plugin-syntax-class-properties': [ '7.12.13' ],
93 silly audit   '@babel/plugin-syntax-class-static-block': [ '7.14.5' ],
93 silly audit   '@babel/plugin-syntax-decorators': [ '7.28.6' ],
93 silly audit   '@babel/plugin-syntax-dynamic-import': [ '7.8.3' ],
93 silly audit   '@babel/plugin-syntax-export-default-from': [ '7.28.6' ],
93 silly audit   '@babel/plugin-syntax-flow': [ '7.28.6' ],
93 silly audit   '@babel/plugin-syntax-import-attributes': [ '7.28.6' ],
93 silly audit   '@babel/plugin-syntax-import-meta': [ '7.10.4' ],
93 silly audit   '@babel/plugin-syntax-json-strings': [ '7.8.3' ],
93 silly audit   '@babel/plugin-syntax-jsx': [ '7.28.6' ],
93 silly audit   '@babel/plugin-syntax-logical-assignment-operators': [ '7.10.4' ],
93 silly audit   '@babel/plugin-syntax-nullish-coalescing-operator': [ '7.8.3' ],
93 silly audit   '@babel/plugin-syntax-numeric-separator': [ '7.10.4' ],
93 silly audit   '@babel/plugin-syntax-object-rest-spread': [ '7.8.3' ],
93 silly audit   '@babel/plugin-syntax-optional-catch-binding': [ '7.8.3' ],
93 silly audit   '@babel/plugin-syntax-optional-chaining': [ '7.8.3' ],
93 silly audit   '@babel/plugin-syntax-private-property-in-object': [ '7.14.5' ],
93 silly audit   '@babel/plugin-syntax-top-level-await': [ '7.14.5' ],
93 silly audit   '@babel/plugin-syntax-typescript': [ '7.28.6' ],
93 silly audit   '@babel/plugin-transform-arrow-functions': [ '7.27.1' ],
93 silly audit   '@babel/plugin-transform-async-generator-functions': [ '7.29.0' ],
93 silly audit   '@babel/plugin-transform-async-to-generator': [ '7.28.6' ],
93 silly audit   '@babel/plugin-transform-block-scoping': [ '7.28.6' ],
93 silly audit   '@babel/plugin-transform-class-properties': [ '7.28.6', '7.27.1' ],
93 silly audit   '@babel/plugin-transform-class-static-block': [ '7.28.6' ],
93 silly audit   '@babel/plugin-transform-classes': [ '7.28.6', '7.28.4' ],
93 silly audit   '@babel/plugin-transform-computed-properties': [ '7.28.6' ],
93 silly audit   '@babel/plugin-transform-destructuring': [ '7.28.5' ],
93 silly audit   '@babel/plugin-transform-export-namespace-from': [ '7.27.1' ],
93 silly audit   '@babel/plugin-transform-flow-strip-types': [ '7.27.1' ],
93 silly audit   '@babel/plugin-transform-for-of': [ '7.27.1' ],
93 silly audit   '@babel/plugin-transform-function-name': [ '7.27.1' ],
93 silly audit   '@babel/plugin-transform-literals': [ '7.27.1' ],
93 silly audit   '@babel/plugin-transform-logical-assignment-operators': [ '7.28.6' ],
93 silly audit   '@babel/plugin-transform-modules-commonjs': [ '7.28.6' ],
93 silly audit   '@babel/plugin-transform-named-capturing-groups-regex': [ '7.29.0' ],
93 silly audit   '@babel/plugin-transform-nullish-coalescing-operator': [ '7.28.6', '7.27.1' ],
93 silly audit   '@babel/plugin-transform-numeric-separator': [ '7.28.6' ],
93 silly audit   '@babel/plugin-transform-object-rest-spread': [ '7.28.6' ],
93 silly audit   '@babel/plugin-transform-optional-catch-binding': [ '7.28.6' ],
93 silly audit   '@babel/plugin-transform-optional-chaining': [ '7.28.6', '7.27.1' ],
93 silly audit   '@babel/plugin-transform-parameters': [ '7.27.7' ],
93 silly audit   '@babel/plugin-transform-private-methods': [ '7.28.6' ],
93 silly audit   '@babel/plugin-transform-private-property-in-object': [ '7.28.6' ],
93 silly audit   '@babel/plugin-transform-react-display-name': [ '7.28.0' ],
93 silly audit   '@babel/plugin-transform-react-jsx': [ '7.28.6' ],
93 silly audit   '@babel/plugin-transform-react-jsx-development': [ '7.27.1' ],
93 silly audit   '@babel/plugin-transform-react-jsx-self': [ '7.27.1' ],
93 silly audit   '@babel/plugin-transform-react-jsx-source': [ '7.27.1' ],
93 silly audit   '@babel/plugin-transform-react-pure-annotations': [ '7.27.1' ],
93 silly audit   '@babel/plugin-transform-regenerator': [ '7.29.0' ],
93 silly audit   '@babel/plugin-transform-runtime': [ '7.29.0' ],
93 silly audit   '@babel/plugin-transform-shorthand-properties': [ '7.27.1' ],
93 silly audit   '@babel/plugin-transform-spread': [ '7.28.6' ],
93 silly audit   '@babel/plugin-transform-sticky-regex': [ '7.27.1' ],
93 silly audit   '@babel/plugin-transform-template-literals': [ '7.27.1' ],
93 silly audit   '@babel/plugin-transform-typescript': [ '7.28.6' ],
93 silly audit   '@babel/plugin-transform-unicode-regex': [ '7.27.1' ],
93 silly audit   '@babel/preset-react': [ '7.28.5' ],
93 silly audit   '@babel/preset-typescript': [ '7.28.5', '7.27.1' ],
93 silly audit   '@babel/runtime': [ '7.28.6' ],
93 silly audit   '@babel/template': [ '7.28.6' ],
93 silly audit   '@babel/traverse': [ '7.29.0' ],
93 silly audit   '@babel/types': [ '7.29.0' ],
93 silly audit   '@egjs/hammerjs': [ '2.0.17' ],
93 silly audit   '@expo-google-fonts/geist': [ '0.4.1' ],
93 silly audit   '@expo-google-fonts/geist-mono': [ '0.4.1' ],
93 silly audit   '@expo-google-fonts/instrument-serif': [ '0.4.1' ],
93 silly audit   '@expo-google-fonts/material-symbols': [ '0.4.25' ],
93 silly audit   '@expo/code-signing-certificates': [ '0.0.6' ],
93 silly audit   '@expo/config': [ '55.0.8' ],
93 silly audit   '@expo/config-plugins': [ '55.0.6' ],
93 silly audit   semver: [ '7.7.4', '7.6.3', '7.7.3', '6.3.1' ],
93 silly audit   '@expo/config-types': [ '55.0.5' ],
93 silly audit   '@expo/devcert': [ '1.2.1' ],
93 silly audit   debug: [ '3.2.7', '2.6.9', '4.4.3' ],
93 silly audit   '@expo/devtools': [ '55.0.2' ],
93 silly audit   '@expo/dom-webview': [ '55.0.3' ],
93 silly audit   '@expo/env': [ '2.1.1' ],
93 silly audit   '@expo/fingerprint': [ '0.16.5' ],
93 silly audit   '@expo/image-utils': [ '0.8.12' ],
93 silly audit   '@expo/json-file': [ '10.0.12' ],
93 silly audit   '@expo/local-build-cache-provider': [ '55.0.6' ],
93 silly audit   '@expo/log-box': [ '55.0.7' ],
93 silly audit   '@expo/metro': [ '54.2.0' ],
93 silly audit   '@expo/metro-config': [ '55.0.9' ],
93 silly audit   '@expo/metro-runtime': [ '55.0.6' ],
93 silly audit   '@expo/osascript': [ '2.4.2' ],
93 silly audit   '@expo/package-manager': [ '1.10.3' ],
93 silly audit   '@expo/plist': [ '0.5.2' ],
93 silly audit   '@expo/prebuild-config': [ '55.0.8' ],
93 silly audit   '@expo/require-utils': [ '55.0.2' ],
93 silly audit   '@expo/schema-utils': [ '55.0.2' ],
93 silly audit   '@expo/sdk-runtime-versions': [ '1.0.0' ],
93 silly audit   '@expo/spawn-async': [ '1.7.2' ],
93 silly audit   '@expo/sudo-prompt': [ '9.3.2' ],
93 silly audit   '@expo/vector-icons': [ '15.1.1' ],
93 silly audit   '@expo/ws-tunnel': [ '1.0.6' ],
93 silly audit   '@expo/xcpretty': [ '4.4.1' ],
93 silly audit   argparse: [ '2.0.1', '1.0.10' ],
93 silly audit   'js-yaml': [ '4.1.1', '3.14.2' ],
93 silly audit   '@isaacs/ttlcache': [ '1.4.1' ],
93 silly audit   '@istanbuljs/load-nyc-config': [ '1.1.0' ],
93 silly audit   camelcase: [ '5.3.1', '6.3.0' ],
93 silly audit   '@istanbuljs/schema': [ '0.1.3' ],
93 silly audit   '@jest/create-cache-key-function': [ '29.7.0' ],
93 silly audit   '@jest/environment': [ '29.7.0' ],
93 silly audit   '@jest/fake-timers': [ '29.7.0' ],
93 silly audit   '@jest/schemas': [ '29.6.3' ],
93 silly audit   '@jest/transform': [ '29.7.0' ],
93 silly audit   '@jest/types': [ '29.6.3' ],
93 silly audit   '@jridgewell/gen-mapping': [ '0.3.13' ],
93 silly audit   '@jridgewell/remapping': [ '2.3.5' ],
93 silly audit   '@jridgewell/resolve-uri': [ '3.1.2' ],
93 silly audit   '@jridgewell/source-map': [ '0.3.11' ],
93 silly audit   '@jridgewell/sourcemap-codec': [ '1.5.5' ],
93 silly audit   '@jridgewell/trace-mapping': [ '0.3.31' ],
93 silly audit   '@radix-ui/primitive': [ '1.1.3' ],
93 silly audit   '@radix-ui/react-collection': [ '1.1.7' ],
93 silly audit   '@radix-ui/react-slot': [ '1.2.3', '1.2.4' ],
93 silly audit   '@radix-ui/react-compose-refs': [ '1.1.2' ],
93 silly audit   '@radix-ui/react-context': [ '1.1.2' ],
93 silly audit   '@radix-ui/react-dialog': [ '1.1.15' ],
93 silly audit   '@radix-ui/react-direction': [ '1.1.1' ],
93 silly audit   '@radix-ui/react-dismissable-layer': [ '1.1.11' ],
93 silly audit   '@radix-ui/react-focus-guards': [ '1.1.3' ],
93 silly audit   '@radix-ui/react-focus-scope': [ '1.1.7' ],
93 silly audit   '@radix-ui/react-id': [ '1.1.1' ],
93 silly audit   '@radix-ui/react-portal': [ '1.1.9' ],
93 silly audit   '@radix-ui/react-presence': [ '1.1.5' ],
93 silly audit   '@radix-ui/react-primitive': [ '2.1.3' ],
93 silly audit   '@radix-ui/react-roving-focus': [ '1.1.11' ],
93 silly audit   '@radix-ui/react-tabs': [ '1.1.13' ],
93 silly audit   '@radix-ui/react-use-callback-ref': [ '1.1.1' ],
93 silly audit   '@radix-ui/react-use-controllable-state': [ '1.2.2' ],
93 silly audit   '@radix-ui/react-use-effect-event': [ '0.0.2' ],
93 silly audit   '@radix-ui/react-use-escape-keydown': [ '1.1.1' ],
93 silly audit   '@radix-ui/react-use-layout-effect': [ '1.1.1' ],
93 silly audit   '@react-native/assets-registry': [ '0.83.2' ],
93 silly audit   '@react-native/babel-plugin-codegen': [ '0.83.2' ],
93 silly audit   '@react-native/babel-preset': [ '0.83.2' ],
93 silly audit   'babel-plugin-syntax-hermes-parser': [ '0.32.0', '0.32.1' ],
93 silly audit   'hermes-estree': [ '0.32.0', '0.32.1' ],
93 silly audit   'hermes-parser': [ '0.32.0', '0.32.1' ],
93 silly audit   '@react-native/codegen': [ '0.83.2' ],
93 silly audit   'balanced-match': [ '1.0.2', '4.0.4' ],
93 silly audit   'brace-expansion': [ '1.1.12', '5.0.4' ],
93 silly audit   glob: [ '7.2.3', '13.0.6' ],
93 silly audit   minimatch: [ '3.1.5', '10.2.4' ],
93 silly audit   '@react-native/community-cli-plugin': [ '0.83.2' ],
93 silly audit   '@react-native/debugger-frontend': [ '0.83.2' ],
93 silly audit   '@react-native/debugger-shell': [ '0.83.2' ],
93 silly audit   '@react-native/dev-middleware': [ '0.83.2' ],
93 silly audit   '@react-native/gradle-plugin': [ '0.83.2' ],
93 silly audit   '@react-native/js-polyfills': [ '0.83.2' ],
93 silly audit   '@react-native/normalize-colors': [ '0.83.2', '0.74.89' ],
93 silly audit   '@react-native/virtualized-lists': [ '0.83.2' ],
93 silly audit   '@react-navigation/bottom-tabs': [ '7.15.5' ],
93 silly audit   '@react-navigation/core': [ '7.16.1' ],
93 silly audit   '@react-navigation/elements': [ '2.9.10' ],
93 silly audit   '@react-navigation/native': [ '7.1.33' ],
93 silly audit   '@react-navigation/native-stack': [ '7.14.4' ],
93 silly audit   '@react-navigation/routers': [ '7.5.3' ],
93 silly audit   '@sinclair/typebox': [ '0.27.10' ],
93 silly audit   '@sinonjs/commons': [ '3.0.1' ],
93 silly audit   '@sinonjs/fake-timers': [ '10.3.0' ],
93 silly audit   '@types/babel__core': [ '7.20.5' ],
93 silly audit   '@types/babel__generator': [ '7.27.0' ],
93 silly audit   '@types/babel__template': [ '7.4.4' ],
93 silly audit   '@types/babel__traverse': [ '7.28.0' ],
93 silly audit   '@types/graceful-fs': [ '4.1.9' ],
93 silly audit   '@types/hammerjs': [ '2.0.46' ],
93 silly audit   '@types/istanbul-lib-coverage': [ '2.0.6' ],
93 silly audit   '@types/istanbul-lib-report': [ '3.0.3' ],
93 silly audit   '@types/istanbul-reports': [ '3.0.4' ],
93 silly audit   '@types/node': [ '25.3.5' ],
93 silly audit   '@types/react': [ '19.2.14' ],
93 silly audit   '@types/stack-utils': [ '2.0.3' ],
93 silly audit   '@types/yargs': [ '17.0.35' ],
93 silly audit   '@types/yargs-parser': [ '21.0.3' ],
93 silly audit   '@ungap/structured-clone': [ '1.3.0' ],
93 silly audit   '@xmldom/xmldom': [ '0.8.11' ],
93 silly audit   'abort-controller': [ '3.0.0' ],
93 silly audit   accepts: [ '1.3.8' ],
93 silly audit   acorn: [ '8.16.0' ],
93 silly audit   'agent-base': [ '7.1.4' ],
93 silly audit   anser: [ '1.4.10' ],
93 silly audit   'ansi-escapes': [ '4.3.2' ],
93 silly audit   'type-fest': [ '0.21.3', '0.7.1' ],
93 silly audit   'ansi-regex': [ '5.0.1', '4.1.1' ],
93 silly audit   'ansi-styles': [ '4.3.0', '3.2.1', '5.2.0' ],
93 silly audit   anymatch: [ '3.1.3' ],
93 silly audit   picomatch: [ '2.3.1', '4.0.3' ],
93 silly audit   arg: [ '5.0.2' ],
93 silly audit   'aria-hidden': [ '1.2.6' ],
93 silly audit   asap: [ '2.0.6' ],
93 silly audit   'babel-jest': [ '29.7.0' ],
93 silly audit   'babel-plugin-istanbul': [ '6.1.1' ],
93 silly audit   'babel-plugin-jest-hoist': [ '29.6.3' ],
93 silly audit   'babel-plugin-polyfill-corejs2': [ '0.4.16' ],
93 silly audit   'babel-plugin-polyfill-corejs3': [ '0.13.0' ],
93 silly audit   'babel-plugin-polyfill-regenerator': [ '0.6.7' ],
93 silly audit   'babel-plugin-react-compiler': [ '1.0.0' ],
93 silly audit   'babel-plugin-react-native-web': [ '0.21.2' ],
93 silly audit   'babel-plugin-transform-flow-enums': [ '0.0.2' ],
93 silly audit   'babel-preset-current-node-syntax': [ '1.2.0' ],
93 silly audit   'babel-preset-expo': [ '55.0.10' ],
93 silly audit   'babel-preset-jest': [ '29.6.3' ],
93 silly audit   'base64-js': [ '1.5.1' ],
93 silly audit   'baseline-browser-mapping': [ '2.10.0' ],
93 silly audit   'better-opn': [ '3.0.2' ],
93 silly audit   open: [ '8.4.2', '7.4.2' ],
93 silly audit   'big-integer': [ '1.6.52' ],
93 silly audit   'bplist-creator': [ '0.1.0' ],
93 silly audit   'bplist-parser': [ '0.3.1' ],
93 silly audit   braces: [ '3.0.3' ],
93 silly audit   browserslist: [ '4.28.1' ],
93 silly audit   bser: [ '2.1.1' ],
93 silly audit   'buffer-from': [ '1.1.2' ],
93 silly audit   bytes: [ '3.1.2' ],
93 silly audit   'caniuse-lite': [ '1.0.30001777' ],
93 silly audit   chalk: [ '4.1.2', '2.4.2' ],
93 silly audit   'chrome-launcher': [ '0.15.2' ],
93 silly audit   'chromium-edge-launcher': [ '0.2.0' ],
93 silly audit   'ci-info': [ '2.0.0', '3.9.0' ],
93 silly audit   'cli-cursor': [ '2.1.0' ],
93 silly audit   'cli-spinners': [ '2.9.2' ],
93 silly audit   'client-only': [ '0.0.1' ],
93 silly audit   cliui: [ '8.0.1' ],
93 silly audit   clone: [ '1.0.4' ],
93 silly audit   color: [ '4.2.3' ],
93 silly audit   'color-convert': [ '2.0.1', '1.9.3' ],
93 silly audit   'color-name': [ '1.1.4', '1.1.3' ],
93 silly audit   'color-string': [ '1.9.1' ],
93 silly audit   commander: [ '7.2.0', '12.1.0', '2.20.3' ],
93 silly audit   compressible: [ '2.0.18' ],
93 silly audit   compression: [ '1.8.1' ],
93 silly audit   ms: [ '2.0.0', '2.1.3' ],
93 silly audit   negotiator: [ '0.6.4', '0.6.3' ],
93 silly audit   'concat-map': [ '0.0.1' ],
93 silly audit   connect: [ '3.7.0' ],
93 silly audit   'convert-source-map': [ '2.0.0' ],
93 silly audit   'core-js-compat': [ '3.48.0' ],
93 silly audit   'cross-fetch': [ '3.2.0' ],
93 silly audit   'cross-spawn': [ '7.0.6' ],
93 silly audit   'css-in-js-utils': [ '3.1.0' ],
93 silly audit   csstype: [ '3.2.3' ],
93 silly audit   'decode-uri-component': [ '0.2.2' ],
93 silly audit   deepmerge: [ '4.3.1' ],
93 silly audit   defaults: [ '1.0.4' ],
93 silly audit   'define-lazy-prop': [ '2.0.0' ],
93 silly audit   depd: [ '2.0.0' ],
93 silly audit   destroy: [ '1.2.0' ],
93 silly audit   'detect-libc': [ '2.1.2' ],
93 silly audit   'detect-node-es': [ '1.1.0' ],
93 silly audit   'dnssd-advertise': [ '1.1.3' ],
93 silly audit   'ee-first': [ '1.1.1' ],
93 silly audit   'electron-to-chromium': [ '1.5.307' ],
93 silly audit   'emoji-regex': [ '8.0.0' ],
93 silly audit   encodeurl: [ '1.0.2', '2.0.0' ],
93 silly audit   'error-stack-parser': [ '2.1.4' ],
93 silly audit   escalade: [ '3.2.0' ],
93 silly audit   'escape-html': [ '1.0.3' ],
93 silly audit   'escape-string-regexp': [ '4.0.0', '1.0.5', '2.0.0' ],
93 silly audit   esprima: [ '4.0.1' ],
93 silly audit   etag: [ '1.8.1' ],
93 silly audit   'event-target-shim': [ '5.0.1' ],
93 silly audit   expo: [ '55.0.5' ],
93 silly audit   'expo-asset': [ '55.0.8' ],
93 silly audit   'expo-constants': [ '55.0.7' ],
93 silly audit   'expo-device': [ '55.0.9' ],
93 silly audit   'expo-file-system': [ '55.0.10' ],
93 silly audit   'expo-font': [ '55.0.4' ],
93 silly audit   'expo-glass-effect': [ '55.0.7' ],
93 silly audit   'expo-image': [ '55.0.6' ],
93 silly audit   'expo-keep-awake': [ '55.0.4' ],
93 silly audit   'expo-linking': [ '55.0.7' ],
93 silly audit   'expo-modules-autolinking': [ '55.0.8' ],
93 silly audit   'expo-modules-core': [ '55.0.14' ],
93 silly audit   'expo-router': [ '55.0.4' ],
93 silly audit   'expo-server': [ '55.0.6' ],
93 silly audit   'expo-splash-screen': [ '55.0.10' ],
93 silly audit   'expo-status-bar': [ '55.0.4' ],
93 silly audit   'expo-symbols': [ '55.0.5' ],
93 silly audit   'expo-system-ui': [ '55.0.9' ],
93 silly audit   'expo-web-browser': [ '55.0.9' ],
93 silly audit   '@expo/cli': [ '55.0.15' ],
93 silly audit   '@expo/router-server': [ '55.0.9' ],
93 silly audit   ws: [ '8.19.0', '7.5.10' ],
93 silly audit   'exponential-backoff': [ '3.1.3' ],
93 silly audit   'fast-deep-equal': [ '3.1.3' ],
93 silly audit   'fast-json-stable-stringify': [ '2.1.0' ],
93 silly audit   'fb-dotslash': [ '0.5.8' ],
93 silly audit   'fb-watchman': [ '2.0.2' ],
93 silly audit   fbjs: [ '3.0.5' ],
93 silly audit   'fbjs-css-vars': [ '1.0.2' ],
93 silly audit   promise: [ '7.3.1', '8.3.0' ],
93 silly audit   'ua-parser-js': [ '1.0.41', '0.7.41' ],
93 silly audit   'fetch-nodeshim': [ '0.4.9' ],
93 silly audit   'fill-range': [ '7.1.1' ],
93 silly audit   'filter-obj': [ '1.1.0' ],
93 silly audit   finalhandler: [ '1.1.2' ],
93 silly audit   'find-up': [ '4.1.0' ],
93 silly audit   'flow-enums-runtime': [ '0.0.6' ],
93 silly audit   fontfaceobserver: [ '2.3.0' ],
93 silly audit   fresh: [ '0.5.2' ],
93 silly audit   'fs.realpath': [ '1.0.0' ],
93 silly audit   fsevents: [ '2.3.3' ],
93 silly audit   'function-bind': [ '1.1.2' ],
93 silly audit   gensync: [ '1.0.0-beta.2' ],
93 silly audit   'get-caller-file': [ '2.0.5' ],
93 silly audit   'get-nonce': [ '1.0.1' ],
93 silly audit   'get-package-type': [ '0.1.0' ],
93 silly audit   getenv: [ '2.0.0' ],
93 silly audit   'graceful-fs': [ '4.2.11' ],
93 silly audit   'has-flag': [ '4.0.0', '3.0.0' ],
93 silly audit   hasown: [ '2.0.2' ],
93 silly audit   'hermes-compiler': [ '0.14.1' ],
93 silly audit   'hoist-non-react-statics': [ '3.3.2' ],
93 silly audit   'react-is': [ '16.13.1', '18.3.1', '19.2.4' ],
93 silly audit   'hosted-git-info': [ '7.0.2' ],
93 silly audit   'lru-cache': [ '10.4.3', '5.1.1', '11.2.6' ],
93 silly audit   'http-errors': [ '2.0.1' ],
93 silly audit   statuses: [ '2.0.2', '1.5.0' ],
93 silly audit   'https-proxy-agent': [ '7.0.6' ],
93 silly audit   'hyphenate-style-name': [ '1.1.0' ],
93 silly audit   ignore: [ '5.3.2' ],
93 silly audit   'image-size': [ '1.2.1' ],
93 silly audit   imurmurhash: [ '0.1.4' ],
93 silly audit   inflight: [ '1.0.6' ],
93 silly audit   inherits: [ '2.0.4' ],
93 silly audit   'inline-style-prefixer': [ '7.0.1' ],
93 silly audit   invariant: [ '2.2.4' ],
93 silly audit   'is-arrayish': [ '0.3.4' ],
93 silly audit   'is-core-module': [ '2.16.1' ],
93 silly audit   'is-docker': [ '2.2.1' ],
93 silly audit   'is-fullwidth-code-point': [ '3.0.0' ],
93 silly audit   'is-number': [ '7.0.0' ],
93 silly audit   'is-wsl': [ '2.2.0' ],
93 silly audit   isexe: [ '2.0.0' ],
93 silly audit   'istanbul-lib-coverage': [ '3.2.2' ],
93 silly audit   'istanbul-lib-instrument': [ '5.2.1' ],
93 silly audit   'jest-environment-node': [ '29.7.0' ],
93 silly audit   'jest-get-type': [ '29.6.3' ],
93 silly audit   'jest-haste-map': [ '29.7.0' ],
93 silly audit   'jest-message-util': [ '29.7.0' ],
93 silly audit   'jest-mock': [ '29.7.0' ],
93 silly audit   'jest-regex-util': [ '29.6.3' ],
93 silly audit   'jest-util': [ '29.7.0' ],
93 silly audit   'jest-validate': [ '29.7.0' ],
93 silly audit   'jest-worker': [ '29.7.0' ],
93 silly audit   'supports-color': [ '8.1.1', '5.5.0', '7.2.0' ],
93 silly audit   'jimp-compact': [ '0.16.1' ],
93 silly audit   'js-tokens': [ '4.0.0' ],
93 silly audit   'jsc-safe-url': [ '0.2.4' ],
93 silly audit   jsesc: [ '3.1.0' ],
93 silly audit   json5: [ '2.2.3' ],
93 silly audit   kleur: [ '3.0.3' ],
93 silly audit   'lan-network': [ '0.2.0' ],
93 silly audit   leven: [ '3.1.0' ],
93 silly audit   'lighthouse-logger': [ '1.4.2' ],
93 silly audit   lightningcss: [ '1.31.1' ],
93 silly audit   'lightningcss-android-arm64': [ '1.31.1' ],
93 silly audit   'lightningcss-darwin-arm64': [ '1.31.1' ],
93 silly audit   'lightningcss-darwin-x64': [ '1.31.1' ],
93 silly audit   'lightningcss-freebsd-x64': [ '1.31.1' ],
93 silly audit   'lightningcss-linux-arm-gnueabihf': [ '1.31.1' ],
93 silly audit   'lightningcss-linux-arm64-gnu': [ '1.31.1' ],
93 silly audit   'lightningcss-linux-arm64-musl': [ '1.31.1' ],
93 silly audit   'lightningcss-linux-x64-gnu': [ '1.31.1' ],
93 silly audit   'lightningcss-linux-x64-musl': [ '1.31.1' ],
93 silly audit   'lightningcss-win32-arm64-msvc': [ '1.31.1' ],
93 silly audit   'lightningcss-win32-x64-msvc': [ '1.31.1' ],
93 silly audit   'locate-path': [ '5.0.0' ],
93 silly audit   'lodash.debounce': [ '4.0.8' ],
93 silly audit   'lodash.throttle': [ '4.1.1' ],
93 silly audit   'log-symbols': [ '2.2.0' ],
93 silly audit   'loose-envify': [ '1.4.0' ],
93 silly audit   makeerror: [ '1.0.12' ],
93 silly audit   marky: [ '1.3.0' ],
93 silly audit   'memoize-one': [ '5.2.1', '6.0.0' ],
93 silly audit   'merge-stream': [ '2.0.0' ],
93 silly audit   metro: [ '0.83.3' ],
93 silly audit   'metro-babel-transformer': [ '0.83.3' ],
93 silly audit   'metro-cache': [ '0.83.3' ],
93 silly audit   'metro-cache-key': [ '0.83.3' ],
93 silly audit   'metro-config': [ '0.83.3' ],
93 silly audit   'metro-core': [ '0.83.3' ],
93 silly audit   'metro-file-map': [ '0.83.3' ],
93 silly audit   'metro-minify-terser': [ '0.83.3' ],
93 silly audit   'metro-resolver': [ '0.83.3' ],
93 silly audit   'metro-runtime': [ '0.83.3' ],
93 silly audit   'metro-source-map': [ '0.83.3' ],
93 silly audit   'metro-symbolicate': [ '0.83.3' ],
93 silly audit   'metro-transform-plugins': [ '0.83.3' ],
93 silly audit   'metro-transform-worker': [ '0.83.3' ],
93 silly audit   micromatch: [ '4.0.8' ],
93 silly audit   mime: [ '1.6.0' ],
93 silly audit   'mime-db': [ '1.52.0' ],
93 silly audit   'mime-types': [ '2.1.35' ],
93 silly audit   'mimic-fn': [ '1.2.0' ],
93 silly audit   minipass: [ '7.1.3' ],
93 silly audit   mkdirp: [ '1.0.4' ],
93 silly audit   multitars: [ '0.2.4' ],
93 silly audit   nanoid: [ '3.3.11' ],
93 silly audit   'node-fetch': [ '2.7.0' ],
93 silly audit   'node-forge': [ '1.3.3' ],
93 silly audit   'node-int64': [ '0.4.0' ],
93 silly audit   'node-releases': [ '2.0.36' ],
93 silly audit   'normalize-path': [ '3.0.0' ],
93 silly audit   'npm-package-arg': [ '11.0.3' ],
93 silly audit   nullthrows: [ '1.1.1' ],
93 silly audit   ob1: [ '0.83.3' ],
93 silly audit   'object-assign': [ '4.1.1' ],
93 silly audit   'on-finished': [ '2.3.0', '2.4.1' ],
93 silly audit   'on-headers': [ '1.1.0' ],
93 silly audit   once: [ '1.4.0' ],
93 silly audit   onetime: [ '2.0.1' ],
93 silly audit   ora: [ '3.4.0' ],
93 silly audit   'strip-ansi': [ '5.2.0', '6.0.1' ],
93 silly audit   'p-limit': [ '2.3.0' ],
93 silly audit   'p-locate': [ '4.1.0' ],
93 silly audit   'p-try': [ '2.2.0' ],
93 silly audit   'parse-png': [ '2.1.0' ],
93 silly audit   parseurl: [ '1.3.3' ],
93 silly audit   'path-exists': [ '4.0.0' ],
93 silly audit   'path-is-absolute': [ '1.0.1' ],
93 silly audit   'path-key': [ '3.1.1' ],
93 silly audit   'path-parse': [ '1.0.7' ],
93 silly audit   'path-scurry': [ '2.0.2' ],
93 silly audit   picocolors: [ '1.1.1' ],
93 silly audit   pirates: [ '4.0.7' ],
93 silly audit   plist: [ '3.1.0' ],
93 silly audit   pngjs: [ '3.4.0' ],
93 silly audit   postcss: [ '8.4.49' ],
93 silly audit   'postcss-value-parser': [ '4.2.0' ],
93 silly audit   'pretty-format': [ '29.7.0' ],
93 silly audit   'proc-log': [ '4.2.0' ],
93 silly audit   progress: [ '2.0.3' ],
93 silly audit   prompts: [ '2.4.2' ],
93 silly audit   'query-string': [ '7.1.3' ],
93 silly audit   queue: [ '6.0.2' ],
93 silly audit   'range-parser': [ '1.2.1' ],
93 silly audit   react: [ '19.2.0' ],
93 silly audit   'react-devtools-core': [ '6.1.5' ],
93 silly audit   'react-dom': [ '19.2.0' ],
93 silly audit   'react-fast-compare': [ '3.2.2' ],
93 silly audit   'react-freeze': [ '1.0.4' ],
93 silly audit   'react-native': [ '0.83.2' ],
93 silly audit   'react-native-gesture-handler': [ '2.30.0' ],
93 silly audit   'react-native-is-edge-to-edge': [ '1.3.1', '1.2.1' ],
93 silly audit   'react-native-reanimated': [ '4.2.1' ],
93 silly audit   'react-native-safe-area-context': [ '5.6.2' ],
93 silly audit   'react-native-screens': [ '4.23.0' ],
93 silly audit   'react-native-web': [ '0.21.2' ],
93 silly audit   'react-native-worklets': [ '0.7.2' ],
93 silly audit   'react-refresh': [ '0.14.2' ],
93 silly audit   'react-remove-scroll': [ '2.7.2' ],
93 silly audit   'react-remove-scroll-bar': [ '2.3.8' ],
93 silly audit   'react-style-singleton': [ '2.2.3' ],
93 silly audit   regenerate: [ '1.4.2' ],
93 silly audit   'regenerate-unicode-properties': [ '10.2.2' ],
93 silly audit   'regenerator-runtime': [ '0.13.11' ],
93 silly audit   'regexpu-core': [ '6.4.0' ],
93 silly audit   regjsgen: [ '0.8.0' ],
93 silly audit   regjsparser: [ '0.13.0' ],
93 silly audit   'require-directory': [ '2.1.1' ],
93 silly audit   resolve: [ '1.22.11' ],
93 silly audit   'resolve-from': [ '5.0.0' ],
93 silly audit   'resolve-workspace-root': [ '2.0.1' ],
93 silly audit   'restore-cursor': [ '2.0.0' ],
93 silly audit   rimraf: [ '3.0.2' ],
93 silly audit   'safe-buffer': [ '5.2.1' ],
93 silly audit   sax: [ '1.5.0' ],
93 silly audit   scheduler: [ '0.27.0' ],
93 silly audit   send: [ '0.19.2' ],
93 silly audit   'serialize-error': [ '2.1.0' ],
93 silly audit   'serve-static': [ '1.16.3' ],
93 silly audit   'server-only': [ '0.0.1' ],
93 silly audit   setimmediate: [ '1.0.5' ],
93 silly audit   setprototypeof: [ '1.2.0' ],
93 silly audit   'sf-symbols-typescript': [ '2.2.0' ],
93 silly audit   shallowequal: [ '1.1.0' ],
93 silly audit   'shebang-command': [ '2.0.0' ],
93 silly audit   'shebang-regex': [ '3.0.0' ],
93 silly audit   'shell-quote': [ '1.8.3' ],
93 silly audit   'signal-exit': [ '3.0.7' ],
93 silly audit   'simple-plist': [ '1.3.1' ],
93 silly audit   'simple-swizzle': [ '0.2.4' ],
93 silly audit   sisteransi: [ '1.0.5' ],
93 silly audit   slash: [ '3.0.0' ],
93 silly audit   slugify: [ '1.6.6' ],
93 silly audit   'source-map': [ '0.5.7', '0.6.1' ],
93 silly audit   'source-map-js': [ '1.2.1' ],
93 silly audit   'source-map-support': [ '0.5.21' ],
93 silly audit   'split-on-first': [ '1.1.0' ],
93 silly audit   'sprintf-js': [ '1.0.3' ],
93 silly audit   'stack-utils': [ '2.0.6' ],
93 silly audit   stackframe: [ '1.3.4' ],
93 silly audit   'stacktrace-parser': [ '0.1.11' ],
93 silly audit   'stream-buffers': [ '2.2.0' ],
93 silly audit   'strict-uri-encode': [ '2.0.0' ],
93 silly audit   'string-width': [ '4.2.3' ],
93 silly audit   'structured-headers': [ '0.4.1' ],
93 silly audit   styleq: [ '0.1.3' ],
93 silly audit   'supports-hyperlinks': [ '2.3.0' ],
93 silly audit   'supports-preserve-symlinks-flag': [ '1.0.0' ],
93 silly audit   'terminal-link': [ '2.1.1' ],
93 silly audit   terser: [ '5.46.0' ],
93 silly audit   'test-exclude': [ '6.0.0' ],
93 silly audit   throat: [ '5.0.0' ],
93 silly audit   tmpl: [ '1.0.5' ],
93 silly audit   'to-regex-range': [ '5.0.1' ],
93 silly audit   toidentifier: [ '1.0.1' ],
93 silly audit   toqr: [ '0.1.1' ],
93 silly audit   tr46: [ '0.0.3' ],
93 silly audit   tslib: [ '2.8.1' ],
93 silly audit   'type-detect': [ '4.0.8' ],
93 silly audit   typescript: [ '5.9.3' ],
93 silly audit   'undici-types': [ '7.18.2' ],
93 silly audit   'unicode-canonical-property-names-ecmascript': [ '2.0.1' ],
93 silly audit   'unicode-match-property-ecmascript': [ '2.0.0' ],
93 silly audit   'unicode-match-property-value-ecmascript': [ '2.2.1' ],
93 silly audit   'unicode-property-aliases-ecmascript': [ '2.2.0' ],
93 silly audit   unpipe: [ '1.0.0' ],
93 silly audit   'update-browserslist-db': [ '1.2.3' ],
93 silly audit   'use-callback-ref': [ '1.3.3' ],
93 silly audit   'use-latest-callback': [ '0.2.6' ],
93 silly audit   'use-sidecar': [ '1.1.3' ],
93 silly audit   'use-sync-external-store': [ '1.6.0' ],
93 silly audit   'utils-merge': [ '1.0.1' ],
93 silly audit   uuid: [ '7.0.3' ],
93 silly audit   'validate-npm-package-name': [ '5.0.1' ],
93 silly audit   vary: [ '1.1.2' ],
93 silly audit   vaul: [ '1.1.2' ],
93 silly audit   vlq: [ '1.0.1' ],
93 silly audit   walker: [ '1.0.8' ],
93 silly audit   'warn-once': [ '0.1.1' ],
93 silly audit   wcwidth: [ '1.0.1' ],
93 silly audit   'webidl-conversions': [ '3.0.1' ],
93 silly audit   'whatwg-fetch': [ '3.6.20' ],
93 silly audit   'whatwg-url': [ '5.0.0' ],
93 silly audit   'whatwg-url-minimum': [ '0.1.1' ],
93 silly audit   which: [ '2.0.2' ],
93 silly audit   'wrap-ansi': [ '7.0.0' ],
93 silly audit   wrappy: [ '1.0.2' ],
93 silly audit   'write-file-atomic': [ '4.0.2' ],
93 silly audit   xcode: [ '3.0.1' ],
93 silly audit   xml2js: [ '0.6.0' ],
93 silly audit   xmlbuilder: [ '11.0.1', '15.1.1' ],
93 silly audit   y18n: [ '5.0.8' ],
93 silly audit   yallist: [ '3.1.1' ],
93 silly audit   yaml: [ '2.8.2' ],
93 silly audit   yargs: [ '17.7.2' ],
93 silly audit   'yargs-parser': [ '21.1.1' ],
93 silly audit   zod: [ '3.25.76' ],
93 silly audit   'react-native-markdown-display': [ '7.0.2' ],
93 silly audit   'css-to-react-native': [ '3.2.0' ],
93 silly audit   'markdown-it': [ '10.0.0' ],
93 silly audit   'prop-types': [ '15.8.1' ],
93 silly audit   'react-native-fit-image': [ '1.5.5' ],
93 silly audit   camelize: [ '1.0.1' ],
93 silly audit   'css-color-keywords': [ '1.0.0' ],
93 silly audit   entities: [ '2.0.3' ],
93 silly audit   'linkify-it': [ '2.2.0' ],
93 silly audit   mdurl: [ '1.0.1' ],
93 silly audit   'uc.micro': [ '1.0.6' ]
93 silly audit }
94 verbose reify failed optional dependency /Users/marcopagnanini/code/Progetti/frontend/mobile/App-Unto/node_modules/lightningcss-win32-x64-msvc
95 silly reify mark deleted [
95 silly reify   '/Users/marcopagnanini/code/Progetti/frontend/mobile/App-Unto/node_modules/lightningcss-win32-x64-msvc'
95 silly reify ]
96 verbose reify failed optional dependency /Users/marcopagnanini/code/Progetti/frontend/mobile/App-Unto/node_modules/lightningcss-win32-arm64-msvc
97 silly reify mark deleted [
97 silly reify   '/Users/marcopagnanini/code/Progetti/frontend/mobile/App-Unto/node_modules/lightningcss-win32-arm64-msvc'
97 silly reify ]
98 verbose reify failed optional dependency /Users/marcopagnanini/code/Progetti/frontend/mobile/App-Unto/node_modules/lightningcss-linux-x64-musl
99 silly reify mark deleted [
99 silly reify   '/Users/marcopagnanini/code/Progetti/frontend/mobile/App-Unto/node_modules/lightningcss-linux-x64-musl'
99 silly reify ]
100 verbose reify failed optional dependency /Users/marcopagnanini/code/Progetti/frontend/mobile/App-Unto/node_modules/lightningcss-linux-x64-gnu
101 silly reify mark deleted [
101 silly reify   '/Users/marcopagnanini/code/Progetti/frontend/mobile/App-Unto/node_modules/lightningcss-linux-x64-gnu'
101 silly reify ]
102 verbose reify failed optional dependency /Users/marcopagnanini/code/Progetti/frontend/mobile/App-Unto/node_modules/lightningcss-linux-arm64-musl
103 silly reify mark deleted [
103 silly reify   '/Users/marcopagnanini/code/Progetti/frontend/mobile/App-Unto/node_modules/lightningcss-linux-arm64-musl'
103 silly reify ]
104 verbose reify failed optional dependency /Users/marcopagnanini/code/Progetti/frontend/mobile/App-Unto/node_modules/lightningcss-linux-arm64-gnu
105 silly reify mark deleted [
105 silly reify   '/Users/marcopagnanini/code/Progetti/frontend/mobile/App-Unto/node_modules/lightningcss-linux-arm64-gnu'
105 silly reify ]
106 verbose reify failed optional dependency /Users/marcopagnanini/code/Progetti/frontend/mobile/App-Unto/node_modules/lightningcss-linux-arm-gnueabihf
107 silly reify mark deleted [
107 silly reify   '/Users/marcopagnanini/code/Progetti/frontend/mobile/App-Unto/node_modules/lightningcss-linux-arm-gnueabihf'
107 silly reify ]
108 verbose reify failed optional dependency /Users/marcopagnanini/code/Progetti/frontend/mobile/App-Unto/node_modules/lightningcss-freebsd-x64
109 silly reify mark deleted [
109 silly reify   '/Users/marcopagnanini/code/Progetti/frontend/mobile/App-Unto/node_modules/lightningcss-freebsd-x64'
109 silly reify ]
110 verbose reify failed optional dependency /Users/marcopagnanini/code/Progetti/frontend/mobile/App-Unto/node_modules/lightningcss-darwin-x64
111 silly reify mark deleted [
111 silly reify   '/Users/marcopagnanini/code/Progetti/frontend/mobile/App-Unto/node_modules/lightningcss-darwin-x64'
111 silly reify ]
112 verbose reify failed optional dependency /Users/marcopagnanini/code/Progetti/frontend/mobile/App-Unto/node_modules/lightningcss-android-arm64
113 silly reify mark deleted [
113 silly reify   '/Users/marcopagnanini/code/Progetti/frontend/mobile/App-Unto/node_modules/lightningcss-android-arm64'
113 silly reify ]
114 http cache mdurl@https://registry.npmjs.org/mdurl/-/mdurl-1.0.1.tgz 0ms (cache hit)
115 http cache entities@https://registry.npmjs.org/entities/-/entities-2.0.3.tgz 0ms (cache hit)
116 http cache linkify-it@https://registry.npmjs.org/linkify-it/-/linkify-it-2.2.0.tgz 0ms (cache hit)
117 http cache css-color-keywords@https://registry.npmjs.org/css-color-keywords/-/css-color-keywords-1.0.0.tgz 0ms (cache hit)
118 http cache uc.micro@https://registry.npmjs.org/uc.micro/-/uc.micro-1.0.6.tgz 0ms (cache hit)
119 http cache camelize@https://registry.npmjs.org/camelize/-/camelize-1.0.1.tgz 0ms (cache hit)
120 http cache react-native-fit-image@https://registry.npmjs.org/react-native-fit-image/-/react-native-fit-image-1.5.5.tgz 0ms (cache hit)
121 http cache prop-types@https://registry.npmjs.org/prop-types/-/prop-types-15.8.1.tgz 0ms (cache hit)
122 http cache markdown-it@https://registry.npmjs.org/markdown-it/-/markdown-it-10.0.0.tgz 0ms (cache hit)
123 http cache css-to-react-native@https://registry.npmjs.org/css-to-react-native/-/css-to-react-native-3.2.0.tgz 0ms (cache hit)
124 http cache react-native-markdown-display@https://registry.npmjs.org/react-native-markdown-display/-/react-native-markdown-display-7.0.2.tgz 0ms (cache hit)
125 http cache fsevents@https://registry.npmjs.org/fsevents/-/fsevents-2.3.3.tgz 0ms (cache hit)
126 http cache react-is@https://registry.npmjs.org/react-is/-/react-is-16.13.1.tgz 0ms (cache hit)
127 silly tarball no local data for mdurl@https://registry.npmjs.org/mdurl/-/mdurl-1.0.1.tgz. Extracting by manifest.
128 silly tarball no local data for entities@https://registry.npmjs.org/entities/-/entities-2.0.3.tgz. Extracting by manifest.
129 silly tarball no local data for linkify-it@https://registry.npmjs.org/linkify-it/-/linkify-it-2.2.0.tgz. Extracting by manifest.
130 silly tarball no local data for css-color-keywords@https://registry.npmjs.org/css-color-keywords/-/css-color-keywords-1.0.0.tgz. Extracting by manifest.
131 silly tarball no local data for uc.micro@https://registry.npmjs.org/uc.micro/-/uc.micro-1.0.6.tgz. Extracting by manifest.
132 silly tarball no local data for camelize@https://registry.npmjs.org/camelize/-/camelize-1.0.1.tgz. Extracting by manifest.
133 silly tarball no local data for react-native-fit-image@https://registry.npmjs.org/react-native-fit-image/-/react-native-fit-image-1.5.5.tgz. Extracting by manifest.
134 silly tarball no local data for prop-types@https://registry.npmjs.org/prop-types/-/prop-types-15.8.1.tgz. Extracting by manifest.
135 silly tarball no local data for markdown-it@https://registry.npmjs.org/markdown-it/-/markdown-it-10.0.0.tgz. Extracting by manifest.
136 silly tarball no local data for css-to-react-native@https://registry.npmjs.org/css-to-react-native/-/css-to-react-native-3.2.0.tgz. Extracting by manifest.
137 silly tarball no local data for react-native-markdown-display@https://registry.npmjs.org/react-native-markdown-display/-/react-native-markdown-display-7.0.2.tgz. Extracting by manifest.
138 silly tarball no local data for fsevents@https://registry.npmjs.org/fsevents/-/fsevents-2.3.3.tgz. Extracting by manifest.
139 silly tarball no local data for react-is@https://registry.npmjs.org/react-is/-/react-is-16.13.1.tgz. Extracting by manifest.
140 http fetch GET 200 https://registry.npmjs.org/css-color-keywords/-/css-color-keywords-1.0.0.tgz 73ms (cache miss)
141 http fetch GET 200 https://registry.npmjs.org/camelize/-/camelize-1.0.1.tgz 77ms (cache miss)
142 http fetch GET 200 https://registry.npmjs.org/linkify-it/-/linkify-it-2.2.0.tgz 78ms (cache miss)
143 http fetch GET 200 https://registry.npmjs.org/uc.micro/-/uc.micro-1.0.6.tgz 79ms (cache miss)
144 http fetch GET 200 https://registry.npmjs.org/mdurl/-/mdurl-1.0.1.tgz 80ms (cache miss)
145 http fetch GET 200 https://registry.npmjs.org/entities/-/entities-2.0.3.tgz 81ms (cache miss)
146 http fetch GET 200 https://registry.npmjs.org/react-native-fit-image/-/react-native-fit-image-1.5.5.tgz 157ms (cache miss)
147 http fetch GET 200 https://registry.npmjs.org/react-is/-/react-is-16.13.1.tgz 195ms (cache miss)
148 http fetch GET 200 https://registry.npmjs.org/fsevents/-/fsevents-2.3.3.tgz 208ms (cache miss)
149 http fetch GET 200 https://registry.npmjs.org/prop-types/-/prop-types-15.8.1.tgz 208ms (cache miss)
150 http fetch GET 200 https://registry.npmjs.org/react-native-markdown-display/-/react-native-markdown-display-7.0.2.tgz 212ms (cache miss)
151 http fetch GET 200 https://registry.npmjs.org/css-to-react-native/-/css-to-react-native-3.2.0.tgz 214ms (cache miss)
152 http fetch POST 200 https://registry.npmjs.org/-/npm/v1/security/advisories/bulk 226ms
153 silly audit report {
153 silly audit report   'markdown-it': [
153 silly audit report     {
153 silly audit report       id: 1092663,
153 silly audit report       url: 'https://github.com/advisories/GHSA-6vfc-qv3f-vr6c',
153 silly audit report       title: 'Uncontrolled Resource Consumption in markdown-it',
153 silly audit report       severity: 'moderate',
153 silly audit report       vulnerable_versions: '<12.3.2',
153 silly audit report       cwe: [Array],
153 silly audit report       cvss: [Object]
153 silly audit report     }
153 silly audit report   ]
153 silly audit report }
154 silly packumentCache corgi:https://registry.npmjs.org/markdown-it cache-miss
155 http fetch GET 200 https://registry.npmjs.org/markdown-it/-/markdown-it-10.0.0.tgz 273ms (cache miss)
156 http fetch GET 200 https://registry.npmjs.org/markdown-it 55ms (cache miss)
157 silly packumentCache corgi:https://registry.npmjs.org/markdown-it set size:undefined disposed:false
158 silly packumentCache corgi:https://registry.npmjs.org/react-native-markdown-display cache-miss
159 http fetch GET 200 https://registry.npmjs.org/react-native-markdown-display 749ms (cache miss)
160 silly packumentCache corgi:https://registry.npmjs.org/react-native-markdown-display set size:undefined disposed:false
161 silly ADD node_modules/uc.micro
162 silly ADD node_modules/mdurl
163 silly ADD node_modules/linkify-it
164 silly ADD node_modules/entities
165 silly ADD node_modules/css-color-keywords
166 silly ADD node_modules/camelize
167 silly ADD node_modules/react-native-fit-image
168 silly ADD node_modules/prop-types
169 silly ADD node_modules/prop-types/node_modules/react-is
170 silly ADD node_modules/markdown-it
171 silly ADD node_modules/css-to-react-native
172 silly ADD node_modules/react-native-markdown-display
173 silly ADD
174 silly ADD
175 silly ADD
176 silly ADD
177 silly ADD
178 silly ADD
179 silly ADD
180 silly ADD
181 silly ADD
182 silly ADD
183 silly ADD node_modules/fsevents
184 verbose cwd /Users/marcopagnanini/code/Progetti/frontend/mobile/App-Unto
185 verbose os Darwin 24.4.0
186 verbose node v23.10.0
187 verbose npm  v10.9.2
188 notice
188 notice New major version of npm available! 10.9.2 -> 11.11.0
188 notice Changelog: https://github.com/npm/cli/releases/tag/v11.11.0
188 notice To update run: npm install -g npm@11.11.0
188 notice  { force: true, [Symbol(proc-log.meta)]: true }
189 verbose exit 0
190 info ok
