0 verbose cli /opt/homebrew/Cellar/node/23.10.0_1/bin/node /opt/homebrew/lib/node_modules/npm/bin/npm-cli.js
1 info using npm@10.9.2
2 info using node@v23.10.0
3 silly config load:file:/opt/homebrew/lib/node_modules/npm/npmrc
4 silly config load:file:/Users/marcopagnanini/code/Progetti/frontend/mobile/App-Unto/~/.npm/_cacache/tmp/git-cloneMtpMXZ/.npmrc
5 silly config load:file:/Users/marcopagnanini/code/Progetti/frontend/mobile/App-Unto/~/.npmrc
6 silly config load:file:/opt/homebrew/etc/npmrc
7 verbose title npm install
8 verbose argv "install" "--force" "--cache" "/Users/marcopagnanini/code/Progetti/frontend/mobile/App-Unto/~/.npm" "--prefer-offline" "false" "--prefer-online" "false" "--offline" "false" "--no-progress" "--no-save" "--no-audit" "--include" "dev" "--include" "peer" "--include" "optional" "--no-package-lock-only" "--no-dry-run"
9 verbose logfile logs-max:10 dir:/Users/marcopagnanini/code/Progetti/frontend/mobile/App-Unto/~/.npm/_logs/2026-03-09T11_14_13_549Z-
10 verbose logfile /Users/marcopagnanini/code/Progetti/frontend/mobile/App-Unto/~/.npm/_logs/2026-03-09T11_14_13_549Z-debug-0.log
11 warn using --force Recommended protections disabled.
12 silly logfile done cleaning log files
13 silly packumentCache heap:2197815296 maxSize:549453824 maxEntrySize:274726912
14 silly idealTree buildDeps
15 silly fetch manifest coffee-script@^1.10.0
16 silly packumentCache full:https://registry.npmjs.org/coffee-script cache-miss
17 http fetch GET 200 https://registry.npmjs.org/coffee-script 760ms (cache miss)
18 silly packumentCache full:https://registry.npmjs.org/coffee-script set size:undefined disposed:false
19 silly fetch manifest mocha@*
20 silly packumentCache full:https://registry.npmjs.org/mocha cache-miss
21 http fetch GET 200 https://registry.npmjs.org/mocha 187ms (cache miss)
22 silly packumentCache full:https://registry.npmjs.org/mocha set size:undefined disposed:false
23 silly fetch manifest uglify-js@*
24 silly packumentCache full:https://registry.npmjs.org/uglify-js cache-miss
25 http fetch GET 200 https://registry.npmjs.org/uglify-js 71ms (cache miss)
26 silly packumentCache full:https://registry.npmjs.org/uglify-js set size:undefined disposed:false
27 silly fetch manifest underscore@*
28 silly packumentCache full:https://registry.npmjs.org/underscore cache-miss
29 http fetch GET 200 https://registry.npmjs.org/underscore 67ms (cache miss)
30 silly packumentCache full:https://registry.npmjs.org/underscore set size:undefined disposed:false
31 silly placeDep ROOT coffee-script@1.12.7 OK for: simply-deferred@3.0.0 want: ^1.10.0
32 silly placeDep ROOT mocha@11.7.5 OK for: simply-deferred@3.0.0 want: *
33 silly placeDep ROOT uglify-js@3.19.3 OK for: simply-deferred@3.0.0 want: *
34 silly placeDep ROOT underscore@1.13.8 OK for: simply-deferred@3.0.0 want: *
35 silly fetch manifest he@^1.2.0
36 silly packumentCache full:https://registry.npmjs.org/he cache-miss
37 silly fetch manifest ms@^2.1.3
38 silly packumentCache full:https://registry.npmjs.org/ms cache-miss
39 silly fetch manifest diff@^7.0.0
40 silly packumentCache full:https://registry.npmjs.org/diff cache-miss
41 silly fetch manifest glob@^10.4.5
42 silly packumentCache full:https://registry.npmjs.org/glob cache-miss
43 silly fetch manifest debug@^4.3.5
44 silly packumentCache full:https://registry.npmjs.org/debug cache-miss
45 silly fetch manifest yargs@^17.7.2
46 silly packumentCache full:https://registry.npmjs.org/yargs cache-miss
47 silly fetch manifest find-up@^5.0.0
48 silly packumentCache full:https://registry.npmjs.org/find-up cache-miss
49 http fetch GET 200 https://registry.npmjs.org/he 55ms (cache miss)
50 silly packumentCache full:https://registry.npmjs.org/he set size:undefined disposed:false
51 silly fetch manifest js-yaml@^4.1.0
52 silly packumentCache full:https://registry.npmjs.org/js-yaml cache-miss
53 http fetch GET 200 https://registry.npmjs.org/js-yaml 62ms (cache miss)
54 silly packumentCache full:https://registry.npmjs.org/js-yaml set size:undefined disposed:false
55 silly fetch manifest chokidar@^4.0.1
56 silly packumentCache full:https://registry.npmjs.org/chokidar cache-miss
57 http fetch GET 200 https://registry.npmjs.org/diff 158ms (cache miss)
58 silly packumentCache full:https://registry.npmjs.org/diff set size:undefined disposed:false
59 silly fetch manifest minimatch@^9.0.5
60 silly packumentCache full:https://registry.npmjs.org/minimatch cache-miss
61 http fetch GET 200 https://registry.npmjs.org/debug 173ms (cache miss)
62 silly packumentCache full:https://registry.npmjs.org/debug set size:undefined disposed:false
63 silly fetch manifest picocolors@^1.1.1
64 silly packumentCache full:https://registry.npmjs.org/picocolors cache-miss
65 http fetch GET 200 https://registry.npmjs.org/ms 175ms (cache miss)
66 silly packumentCache full:https://registry.npmjs.org/ms set size:undefined disposed:false
67 silly fetch manifest workerpool@^9.2.0
68 silly packumentCache full:https://registry.npmjs.org/workerpool cache-miss
69 http fetch GET 200 https://registry.npmjs.org/find-up 181ms (cache miss)
70 silly packumentCache full:https://registry.npmjs.org/find-up set size:undefined disposed:false
71 silly fetch manifest log-symbols@^4.1.0
72 silly packumentCache full:https://registry.npmjs.org/log-symbols cache-miss
73 http fetch GET 200 https://registry.npmjs.org/chokidar 65ms (cache miss)
74 silly packumentCache full:https://registry.npmjs.org/chokidar set size:undefined disposed:false
75 silly fetch manifest yargs-parser@^21.1.1
76 silly packumentCache full:https://registry.npmjs.org/yargs-parser cache-miss
77 http fetch GET 200 https://registry.npmjs.org/glob 186ms (cache miss)
78 silly packumentCache full:https://registry.npmjs.org/glob set size:undefined disposed:false
79 silly fetch manifest browser-stdout@^1.3.1
80 silly packumentCache full:https://registry.npmjs.org/browser-stdout cache-miss
81 http fetch GET 200 https://registry.npmjs.org/yargs 215ms (cache miss)
82 silly packumentCache full:https://registry.npmjs.org/yargs set size:undefined disposed:false
83 silly fetch manifest is-path-inside@^3.0.3
84 silly packumentCache full:https://registry.npmjs.org/is-path-inside cache-miss
85 http fetch GET 200 https://registry.npmjs.org/minimatch 64ms (cache miss)
86 silly packumentCache full:https://registry.npmjs.org/minimatch set size:undefined disposed:false
87 silly fetch manifest supports-color@^8.1.1
88 silly packumentCache full:https://registry.npmjs.org/supports-color cache-miss
89 http fetch GET 200 https://registry.npmjs.org/picocolors 51ms (cache miss)
90 silly packumentCache full:https://registry.npmjs.org/picocolors set size:undefined disposed:false
91 silly fetch manifest yargs-unparser@^2.0.0
92 silly packumentCache full:https://registry.npmjs.org/yargs-unparser cache-miss
93 http fetch GET 200 https://registry.npmjs.org/log-symbols 51ms (cache miss)
94 silly packumentCache full:https://registry.npmjs.org/log-symbols set size:undefined disposed:false
95 silly fetch manifest strip-json-comments@^3.1.1
96 silly packumentCache full:https://registry.npmjs.org/strip-json-comments cache-miss
97 http fetch GET 200 https://registry.npmjs.org/workerpool 63ms (cache miss)
98 silly packumentCache full:https://registry.npmjs.org/workerpool set size:undefined disposed:false
99 silly fetch manifest escape-string-regexp@^4.0.0
100 silly packumentCache full:https://registry.npmjs.org/escape-string-regexp cache-miss
101 http fetch GET 200 https://registry.npmjs.org/browser-stdout 57ms (cache miss)
102 silly packumentCache full:https://registry.npmjs.org/browser-stdout set size:undefined disposed:false
103 silly fetch manifest serialize-javascript@^6.0.2
104 silly packumentCache full:https://registry.npmjs.org/serialize-javascript cache-miss
105 http fetch GET 200 https://registry.npmjs.org/yargs-parser 66ms (cache miss)
106 silly packumentCache full:https://registry.npmjs.org/yargs-parser set size:undefined disposed:false
107 http fetch GET 200 https://registry.npmjs.org/yargs-unparser 56ms (cache miss)
108 silly packumentCache full:https://registry.npmjs.org/yargs-unparser set size:undefined disposed:false
109 http fetch GET 200 https://registry.npmjs.org/supports-color 59ms (cache miss)
110 silly packumentCache full:https://registry.npmjs.org/supports-color set size:undefined disposed:false
111 http fetch GET 200 https://registry.npmjs.org/is-path-inside 66ms (cache miss)
112 silly packumentCache full:https://registry.npmjs.org/is-path-inside set size:undefined disposed:false
113 http fetch GET 200 https://registry.npmjs.org/strip-json-comments 56ms (cache miss)
114 silly packumentCache full:https://registry.npmjs.org/strip-json-comments set size:undefined disposed:false
115 http fetch GET 200 https://registry.npmjs.org/escape-string-regexp 56ms (cache miss)
116 silly packumentCache full:https://registry.npmjs.org/escape-string-regexp set size:undefined disposed:false
117 http fetch GET 200 https://registry.npmjs.org/serialize-javascript 236ms (cache miss)
118 silly packumentCache full:https://registry.npmjs.org/serialize-javascript set size:undefined disposed:false
119 silly placeDep ROOT browser-stdout@1.3.1 OK for: mocha@11.7.5 want: ^1.3.1
120 silly placeDep ROOT chokidar@4.0.3 OK for: mocha@11.7.5 want: ^4.0.1
121 silly placeDep ROOT debug@4.4.3 OK for: mocha@11.7.5 want: ^4.3.5
122 silly placeDep ROOT diff@7.0.0 OK for: mocha@11.7.5 want: ^7.0.0
123 silly placeDep ROOT escape-string-regexp@4.0.0 OK for: mocha@11.7.5 want: ^4.0.0
124 silly placeDep ROOT find-up@5.0.0 OK for: mocha@11.7.5 want: ^5.0.0
125 silly placeDep ROOT glob@10.5.0 OK for: mocha@11.7.5 want: ^10.4.5
126 silly placeDep ROOT he@1.2.0 OK for: mocha@11.7.5 want: ^1.2.0
127 silly placeDep ROOT is-path-inside@3.0.3 OK for: mocha@11.7.5 want: ^3.0.3
128 silly placeDep ROOT js-yaml@4.1.1 OK for: mocha@11.7.5 want: ^4.1.0
129 silly placeDep ROOT log-symbols@4.1.0 OK for: mocha@11.7.5 want: ^4.1.0
130 silly placeDep ROOT minimatch@9.0.9 OK for: mocha@11.7.5 want: ^9.0.5
131 silly placeDep ROOT ms@2.1.3 OK for: mocha@11.7.5 want: ^2.1.3
132 silly placeDep ROOT picocolors@1.1.1 OK for: mocha@11.7.5 want: ^1.1.1
133 silly placeDep ROOT serialize-javascript@6.0.2 OK for: mocha@11.7.5 want: ^6.0.2
134 silly placeDep ROOT strip-json-comments@3.1.1 OK for: mocha@11.7.5 want: ^3.1.1
135 silly placeDep ROOT supports-color@8.1.1 OK for: mocha@11.7.5 want: ^8.1.1
136 silly placeDep ROOT workerpool@9.3.4 OK for: mocha@11.7.5 want: ^9.2.0
137 silly placeDep ROOT yargs@17.7.2 OK for: mocha@11.7.5 want: ^17.7.2
138 silly placeDep ROOT yargs-parser@21.1.1 OK for: mocha@11.7.5 want: ^21.1.1
139 silly placeDep ROOT yargs-unparser@2.0.0 OK for: mocha@11.7.5 want: ^2.0.0
140 silly fetch manifest readdirp@^4.0.1
141 silly packumentCache full:https://registry.npmjs.org/readdirp cache-miss
142 silly fetch manifest locate-path@^6.0.0
143 silly packumentCache full:https://registry.npmjs.org/locate-path cache-miss
144 silly fetch manifest path-exists@^4.0.0
145 silly packumentCache full:https://registry.npmjs.org/path-exists cache-miss
146 silly fetch manifest minipass@^7.1.2
147 silly packumentCache full:https://registry.npmjs.org/minipass cache-miss
148 silly fetch manifest jackspeak@^3.1.2
149 silly packumentCache full:https://registry.npmjs.org/jackspeak cache-miss
150 silly fetch manifest minimatch@^9.0.4
151 silly packumentCache full:https://registry.npmjs.org/minimatch cache-miss
152 silly fetch manifest path-scurry@^1.11.1
153 silly packumentCache full:https://registry.npmjs.org/path-scurry cache-miss
154 http cache https://registry.npmjs.org/minimatch 5ms (cache hit)
155 silly packumentCache full:https://registry.npmjs.org/minimatch set size:352359 disposed:false
156 silly fetch manifest foreground-child@^3.1.0
157 silly packumentCache full:https://registry.npmjs.org/foreground-child cache-miss
158 http fetch GET 200 https://registry.npmjs.org/jackspeak 57ms (cache miss)
159 silly packumentCache full:https://registry.npmjs.org/jackspeak set size:undefined disposed:false
160 silly fetch manifest package-json-from-dist@^1.0.0
161 silly packumentCache full:https://registry.npmjs.org/package-json-from-dist cache-miss
162 http fetch GET 200 https://registry.npmjs.org/readdirp 63ms (cache miss)
163 silly packumentCache full:https://registry.npmjs.org/readdirp set size:undefined disposed:false
164 silly fetch manifest argparse@^2.0.1
165 silly packumentCache full:https://registry.npmjs.org/argparse cache-miss
166 http fetch GET 200 https://registry.npmjs.org/path-scurry 63ms (cache miss)
167 silly packumentCache full:https://registry.npmjs.org/path-scurry set size:undefined disposed:false
168 silly fetch manifest chalk@^4.1.0
169 silly packumentCache full:https://registry.npmjs.org/chalk cache-miss
170 http fetch GET 200 https://registry.npmjs.org/path-exists 66ms (cache miss)
171 silly packumentCache full:https://registry.npmjs.org/path-exists set size:undefined disposed:false
172 silly fetch manifest is-unicode-supported@^0.1.0
173 silly packumentCache full:https://registry.npmjs.org/is-unicode-supported cache-miss
174 http fetch GET 200 https://registry.npmjs.org/foreground-child 61ms (cache miss)
175 silly packumentCache full:https://registry.npmjs.org/foreground-child set size:undefined disposed:false
176 silly fetch manifest brace-expansion@^2.0.2
177 silly packumentCache full:https://registry.npmjs.org/brace-expansion cache-miss
178 http fetch GET 200 https://registry.npmjs.org/locate-path 69ms (cache miss)
179 silly packumentCache full:https://registry.npmjs.org/locate-path set size:undefined disposed:false
180 silly fetch manifest randombytes@^2.1.0
181 silly packumentCache full:https://registry.npmjs.org/randombytes cache-miss
182 http fetch GET 200 https://registry.npmjs.org/argparse 50ms (cache miss)
183 silly packumentCache full:https://registry.npmjs.org/argparse set size:undefined disposed:false
184 silly fetch manifest has-flag@^4.0.0
185 silly packumentCache full:https://registry.npmjs.org/has-flag cache-miss
186 http fetch GET 200 https://registry.npmjs.org/package-json-from-dist 57ms (cache miss)
187 silly packumentCache full:https://registry.npmjs.org/package-json-from-dist set size:undefined disposed:false
188 silly fetch manifest y18n@^5.0.5
189 silly packumentCache full:https://registry.npmjs.org/y18n cache-miss
190 http fetch GET 200 https://registry.npmjs.org/chalk 54ms (cache miss)
191 silly packumentCache full:https://registry.npmjs.org/chalk set size:undefined disposed:false
192 silly fetch manifest cliui@^8.0.1
193 silly packumentCache full:https://registry.npmjs.org/cliui cache-miss
194 http fetch GET 200 https://registry.npmjs.org/randombytes 54ms (cache miss)
195 silly packumentCache full:https://registry.npmjs.org/randombytes set size:undefined disposed:false
196 silly fetch manifest escalade@^3.1.1
197 silly packumentCache full:https://registry.npmjs.org/escalade cache-miss
198 http fetch GET 200 https://registry.npmjs.org/brace-expansion 58ms (cache miss)
199 silly packumentCache full:https://registry.npmjs.org/brace-expansion set size:undefined disposed:false
200 silly fetch manifest string-width@^4.2.3
201 silly packumentCache full:https://registry.npmjs.org/string-width cache-miss
202 http fetch GET 200 https://registry.npmjs.org/is-unicode-supported 63ms (cache miss)
203 silly packumentCache full:https://registry.npmjs.org/is-unicode-supported set size:undefined disposed:false
204 silly fetch manifest get-caller-file@^2.0.5
205 silly packumentCache full:https://registry.npmjs.org/get-caller-file cache-miss
206 http fetch GET 200 https://registry.npmjs.org/has-flag 48ms (cache miss)
207 silly packumentCache full:https://registry.npmjs.org/has-flag set size:undefined disposed:false
208 silly fetch manifest require-directory@^2.1.1
209 silly packumentCache full:https://registry.npmjs.org/require-directory cache-miss
210 http fetch GET 200 https://registry.npmjs.org/y18n 56ms (cache miss)
211 silly packumentCache full:https://registry.npmjs.org/y18n set size:undefined disposed:false
212 silly fetch manifest camelcase@^6.0.0
213 silly packumentCache full:https://registry.npmjs.org/camelcase cache-miss
214 http fetch GET 200 https://registry.npmjs.org/get-caller-file 49ms (cache miss)
215 silly packumentCache full:https://registry.npmjs.org/get-caller-file set size:undefined disposed:false
216 silly fetch manifest decamelize@^4.0.0
217 silly packumentCache full:https://registry.npmjs.org/decamelize cache-miss
218 http fetch GET 200 https://registry.npmjs.org/cliui 60ms (cache miss)
219 silly packumentCache full:https://registry.npmjs.org/cliui set size:undefined disposed:false
220 silly fetch manifest flat@^5.0.2
221 silly packumentCache full:https://registry.npmjs.org/flat cache-miss
222 http fetch GET 200 https://registry.npmjs.org/string-width 56ms (cache miss)
223 silly packumentCache full:https://registry.npmjs.org/string-width set size:undefined disposed:false
224 silly fetch manifest is-plain-obj@^2.1.0
225 silly packumentCache full:https://registry.npmjs.org/is-plain-obj cache-miss
226 http fetch GET 200 https://registry.npmjs.org/escalade 57ms (cache miss)
227 silly packumentCache full:https://registry.npmjs.org/escalade set size:undefined disposed:false
228 http fetch GET 200 https://registry.npmjs.org/require-directory 52ms (cache miss)
229 silly packumentCache full:https://registry.npmjs.org/require-directory set size:undefined disposed:false
230 http fetch GET 200 https://registry.npmjs.org/is-plain-obj 54ms (cache miss)
231 silly packumentCache full:https://registry.npmjs.org/is-plain-obj set size:undefined disposed:false
232 http fetch GET 200 https://registry.npmjs.org/decamelize 57ms (cache miss)
233 silly packumentCache full:https://registry.npmjs.org/decamelize set size:undefined disposed:false
234 http fetch GET 200 https://registry.npmjs.org/flat 57ms (cache miss)
235 silly packumentCache full:https://registry.npmjs.org/flat set size:undefined disposed:false
236 http fetch GET 200 https://registry.npmjs.org/camelcase 66ms (cache miss)
237 silly packumentCache full:https://registry.npmjs.org/camelcase set size:undefined disposed:false
238 http fetch GET 200 https://registry.npmjs.org/minipass 252ms (cache miss)
239 silly packumentCache full:https://registry.npmjs.org/minipass set size:undefined disposed:false
240 silly placeDep ROOT readdirp@4.1.2 OK for: chokidar@4.0.3 want: ^4.0.1
241 silly placeDep ROOT locate-path@6.0.0 OK for: find-up@5.0.0 want: ^6.0.0
242 silly placeDep ROOT path-exists@4.0.0 OK for: find-up@5.0.0 want: ^4.0.0
243 silly fetch manifest p-locate@^5.0.0
244 silly packumentCache full:https://registry.npmjs.org/p-locate cache-miss
245 http fetch GET 200 https://registry.npmjs.org/p-locate 68ms (cache miss)
246 silly packumentCache full:https://registry.npmjs.org/p-locate set size:undefined disposed:false
247 silly placeDep ROOT foreground-child@3.3.1 OK for: glob@10.5.0 want: ^3.1.0
248 silly placeDep ROOT jackspeak@3.4.3 OK for: glob@10.5.0 want: ^3.1.2
249 silly placeDep ROOT minipass@7.1.3 OK for: glob@10.5.0 want: ^7.1.2
250 silly placeDep ROOT package-json-from-dist@1.0.1 OK for: glob@10.5.0 want: ^1.0.0
251 silly placeDep ROOT path-scurry@1.11.1 OK for: glob@10.5.0 want: ^1.11.1
252 silly fetch manifest cross-spawn@^7.0.6
253 silly packumentCache full:https://registry.npmjs.org/cross-spawn cache-miss
254 silly fetch manifest signal-exit@^4.0.1
255 silly packumentCache full:https://registry.npmjs.org/signal-exit cache-miss
256 silly fetch manifest @isaacs/cliui@^8.0.2
257 silly packumentCache full:https://registry.npmjs.org/@isaacs%2fcliui cache-miss
258 silly fetch manifest @pkgjs/parseargs@^0.11.0
259 silly packumentCache full:https://registry.npmjs.org/@pkgjs%2fparseargs cache-miss
260 silly fetch manifest lru-cache@^10.2.0
261 silly packumentCache full:https://registry.npmjs.org/lru-cache cache-miss
262 http fetch GET 200 https://registry.npmjs.org/@isaacs%2fcliui 69ms (cache miss)
263 silly packumentCache full:https://registry.npmjs.org/@isaacs%2fcliui set size:undefined disposed:false
264 http fetch GET 200 https://registry.npmjs.org/signal-exit 132ms (cache miss)
265 silly packumentCache full:https://registry.npmjs.org/signal-exit set size:undefined disposed:false
266 http fetch GET 200 https://registry.npmjs.org/@pkgjs%2fparseargs 133ms (cache miss)
267 silly packumentCache full:https://registry.npmjs.org/@pkgjs%2fparseargs set size:undefined disposed:false
268 http fetch GET 200 https://registry.npmjs.org/lru-cache 136ms (cache miss)
269 silly packumentCache full:https://registry.npmjs.org/lru-cache set size:undefined disposed:false
270 http fetch GET 200 https://registry.npmjs.org/cross-spawn 223ms (cache miss)
271 silly packumentCache full:https://registry.npmjs.org/cross-spawn set size:undefined disposed:false
272 silly placeDep ROOT cross-spawn@7.0.6 OK for: foreground-child@3.3.1 want: ^7.0.6
273 silly placeDep ROOT signal-exit@4.1.0 OK for: foreground-child@3.3.1 want: ^4.0.1
274 silly fetch manifest which@^2.0.1
275 silly packumentCache full:https://registry.npmjs.org/which cache-miss
276 silly fetch manifest path-key@^3.1.0
277 silly packumentCache full:https://registry.npmjs.org/path-key cache-miss
278 silly fetch manifest shebang-command@^2.0.0
279 silly packumentCache full:https://registry.npmjs.org/shebang-command cache-miss
280 http fetch GET 200 https://registry.npmjs.org/path-key 52ms (cache miss)
281 silly packumentCache full:https://registry.npmjs.org/path-key set size:undefined disposed:false
282 http fetch GET 200 https://registry.npmjs.org/shebang-command 54ms (cache miss)
283 silly packumentCache full:https://registry.npmjs.org/shebang-command set size:undefined disposed:false
284 http fetch GET 200 https://registry.npmjs.org/which 59ms (cache miss)
285 silly packumentCache full:https://registry.npmjs.org/which set size:undefined disposed:false
286 silly placeDep ROOT path-key@3.1.1 OK for: cross-spawn@7.0.6 want: ^3.1.0
287 silly placeDep ROOT shebang-command@2.0.0 OK for: cross-spawn@7.0.6 want: ^2.0.0
288 silly placeDep ROOT which@2.0.2 OK for: cross-spawn@7.0.6 want: ^2.0.1
289 silly fetch manifest shebang-regex@^3.0.0
290 silly packumentCache full:https://registry.npmjs.org/shebang-regex cache-miss
291 silly fetch manifest isexe@^2.0.0
292 silly packumentCache full:https://registry.npmjs.org/isexe cache-miss
293 http fetch GET 200 https://registry.npmjs.org/shebang-regex 49ms (cache miss)
294 silly packumentCache full:https://registry.npmjs.org/shebang-regex set size:undefined disposed:false
295 http fetch GET 200 https://registry.npmjs.org/isexe 51ms (cache miss)
296 silly packumentCache full:https://registry.npmjs.org/isexe set size:undefined disposed:false
297 silly placeDep ROOT @isaacs/cliui@8.0.2 OK for: jackspeak@3.4.3 want: ^8.0.2
298 silly placeDep ROOT @pkgjs/parseargs@0.11.0 OK for: jackspeak@3.4.3 want: ^0.11.0
299 silly fetch manifest wrap-ansi@^8.1.0
300 silly packumentCache full:https://registry.npmjs.org/wrap-ansi cache-miss
301 silly fetch manifest strip-ansi@^7.0.1
302 silly packumentCache full:https://registry.npmjs.org/strip-ansi cache-miss
303 silly fetch manifest string-width@^5.1.2
304 silly packumentCache full:https://registry.npmjs.org/string-width cache-miss
305 silly fetch manifest wrap-ansi-cjs@npm:wrap-ansi@^7.0.0
306 silly packumentCache full:https://registry.npmjs.org/wrap-ansi cache-miss
307 silly fetch manifest strip-ansi-cjs@npm:strip-ansi@^6.0.1
308 silly packumentCache full:https://registry.npmjs.org/strip-ansi cache-miss
309 silly fetch manifest string-width-cjs@npm:string-width@^4.2.0
310 silly packumentCache full:https://registry.npmjs.org/string-width cache-miss
311 http cache https://registry.npmjs.org/string-width 3ms (cache hit)
312 silly packumentCache full:https://registry.npmjs.org/string-width set size:68305 disposed:false
313 http cache https://registry.npmjs.org/string-width 3ms (cache hit)
314 silly packumentCache full:https://registry.npmjs.org/string-width set size:68305 disposed:false
315 silly packumentCache full:https://registry.npmjs.org/string-width dispose
316 http fetch GET 200 https://registry.npmjs.org/strip-ansi 53ms (cache miss)
317 silly packumentCache full:https://registry.npmjs.org/strip-ansi set size:undefined disposed:false
318 http fetch GET 200 https://registry.npmjs.org/strip-ansi 54ms (cache miss)
319 silly packumentCache full:https://registry.npmjs.org/strip-ansi set size:undefined disposed:false
320 http fetch GET 200 https://registry.npmjs.org/wrap-ansi 55ms (cache miss)
321 silly packumentCache full:https://registry.npmjs.org/wrap-ansi set size:undefined disposed:false
322 http fetch GET 200 https://registry.npmjs.org/wrap-ansi 64ms (cache miss)
323 silly packumentCache full:https://registry.npmjs.org/wrap-ansi set size:undefined disposed:false
324 silly placeDep ROOT string-width@5.1.2 OK for: @isaacs/cliui@8.0.2 want: ^5.1.2
325 silly placeDep ROOT string-width-cjs@4.2.3 OK for: @isaacs/cliui@8.0.2 want: npm:string-width@^4.2.0
326 silly placeDep ROOT strip-ansi@7.2.0 OK for: @isaacs/cliui@8.0.2 want: ^7.0.1
327 silly placeDep ROOT strip-ansi-cjs@6.0.1 OK for: @isaacs/cliui@8.0.2 want: npm:strip-ansi@^6.0.1
328 silly placeDep ROOT wrap-ansi@8.1.0 OK for: @isaacs/cliui@8.0.2 want: ^8.1.0
329 silly placeDep ROOT wrap-ansi-cjs@7.0.0 OK for: @isaacs/cliui@8.0.2 want: npm:wrap-ansi@^7.0.0
330 silly fetch manifest emoji-regex@^9.2.2
331 silly packumentCache full:https://registry.npmjs.org/emoji-regex cache-miss
332 silly fetch manifest eastasianwidth@^0.2.0
333 silly packumentCache full:https://registry.npmjs.org/eastasianwidth cache-miss
334 silly fetch manifest strip-ansi@^6.0.1
335 silly packumentCache full:https://registry.npmjs.org/strip-ansi cache-miss
336 silly fetch manifest emoji-regex@^8.0.0
337 silly packumentCache full:https://registry.npmjs.org/emoji-regex cache-miss
338 silly fetch manifest is-fullwidth-code-point@^3.0.0
339 silly packumentCache full:https://registry.npmjs.org/is-fullwidth-code-point cache-miss
340 silly fetch manifest ansi-regex@^6.2.2
341 silly packumentCache full:https://registry.npmjs.org/ansi-regex cache-miss
342 silly fetch manifest ansi-regex@^5.0.1
343 silly packumentCache full:https://registry.npmjs.org/ansi-regex cache-miss
344 http cache https://registry.npmjs.org/strip-ansi 4ms (cache hit)
345 silly packumentCache full:https://registry.npmjs.org/strip-ansi set size:44998 disposed:false
346 silly fetch manifest ansi-styles@^6.1.0
347 silly packumentCache full:https://registry.npmjs.org/ansi-styles cache-miss
348 http fetch GET 200 https://registry.npmjs.org/eastasianwidth 52ms (cache miss)
349 silly packumentCache full:https://registry.npmjs.org/eastasianwidth set size:undefined disposed:false
350 silly fetch manifest strip-ansi@^6.0.0
351 silly packumentCache full:https://registry.npmjs.org/strip-ansi cache-hit
352 silly fetch manifest ansi-styles@^4.0.0
353 silly packumentCache full:https://registry.npmjs.org/ansi-styles cache-miss
354 http fetch GET 200 https://registry.npmjs.org/ansi-regex 53ms (cache miss)
355 silly packumentCache full:https://registry.npmjs.org/ansi-regex set size:undefined disposed:false
356 silly fetch manifest string-width@^4.1.0
357 silly packumentCache full:https://registry.npmjs.org/string-width cache-hit
358 http fetch GET 200 https://registry.npmjs.org/emoji-regex 55ms (cache miss)
359 silly packumentCache full:https://registry.npmjs.org/emoji-regex set size:undefined disposed:false
360 http fetch GET 200 https://registry.npmjs.org/is-fullwidth-code-point 57ms (cache miss)
361 silly packumentCache full:https://registry.npmjs.org/is-fullwidth-code-point set size:undefined disposed:false
362 http fetch GET 200 https://registry.npmjs.org/ansi-regex 59ms (cache miss)
363 silly packumentCache full:https://registry.npmjs.org/ansi-regex set size:undefined disposed:false
364 http fetch GET 200 https://registry.npmjs.org/ansi-styles 60ms (cache miss)
365 silly packumentCache full:https://registry.npmjs.org/ansi-styles set size:undefined disposed:false
366 http fetch GET 200 https://registry.npmjs.org/emoji-regex 65ms (cache miss)
367 silly packumentCache full:https://registry.npmjs.org/emoji-regex set size:undefined disposed:false
368 http fetch GET 200 https://registry.npmjs.org/ansi-styles 52ms (cache miss)
369 silly packumentCache full:https://registry.npmjs.org/ansi-styles set size:undefined disposed:false
370 silly placeDep ROOT argparse@2.0.1 OK for: js-yaml@4.1.1 want: ^2.0.1
371 silly placeDep ROOT p-locate@5.0.0 OK for: locate-path@6.0.0 want: ^5.0.0
372 silly fetch manifest p-limit@^3.0.2
373 silly packumentCache full:https://registry.npmjs.org/p-limit cache-miss
374 http fetch GET 200 https://registry.npmjs.org/p-limit 58ms (cache miss)
375 silly packumentCache full:https://registry.npmjs.org/p-limit set size:undefined disposed:false
376 silly placeDep ROOT chalk@4.1.2 OK for: log-symbols@4.1.0 want: ^4.1.0
377 silly placeDep ROOT is-unicode-supported@0.1.0 OK for: log-symbols@4.1.0 want: ^0.1.0
378 silly fetch manifest ansi-styles@^4.1.0
379 silly packumentCache full:https://registry.npmjs.org/ansi-styles cache-miss
380 silly fetch manifest supports-color@^7.1.0
381 silly packumentCache full:https://registry.npmjs.org/supports-color cache-miss
382 http cache https://registry.npmjs.org/ansi-styles 3ms (cache hit)
383 silly packumentCache full:https://registry.npmjs.org/ansi-styles set size:63233 disposed:false
384 http cache https://registry.npmjs.org/supports-color 4ms (cache hit)
385 silly packumentCache full:https://registry.npmjs.org/supports-color set size:118680 disposed:false
386 silly placeDep ROOT ansi-styles@4.3.0 OK for: chalk@4.1.2 want: ^4.1.0
387 silly placeDep node_modules/chalk supports-color@7.2.0 OK for: chalk@4.1.2 want: ^7.1.0
388 silly fetch manifest color-convert@^2.0.1
389 silly packumentCache full:https://registry.npmjs.org/color-convert cache-miss
390 http fetch GET 200 https://registry.npmjs.org/color-convert 52ms (cache miss)
391 silly packumentCache full:https://registry.npmjs.org/color-convert set size:undefined disposed:false
392 silly placeDep ROOT color-convert@2.0.1 OK for: ansi-styles@4.3.0 want: ^2.0.1
393 silly fetch manifest color-name@~1.1.4
394 silly packumentCache full:https://registry.npmjs.org/color-name cache-miss
395 http fetch GET 200 https://registry.npmjs.org/color-name 53ms (cache miss)
396 silly packumentCache full:https://registry.npmjs.org/color-name set size:undefined disposed:false
397 silly placeDep ROOT color-name@1.1.4 OK for: color-convert@2.0.1 want: ~1.1.4
398 silly placeDep ROOT brace-expansion@2.0.2 OK for: minimatch@9.0.9 want: ^2.0.2
399 silly fetch manifest balanced-match@^1.0.0
400 silly packumentCache full:https://registry.npmjs.org/balanced-match cache-miss
401 http fetch GET 200 https://registry.npmjs.org/balanced-match 60ms (cache miss)
402 silly packumentCache full:https://registry.npmjs.org/balanced-match set size:undefined disposed:false
403 silly placeDep ROOT balanced-match@1.0.2 OK for: brace-expansion@2.0.2 want: ^1.0.0
404 silly placeDep ROOT p-limit@3.1.0 OK for: p-locate@5.0.0 want: ^3.0.2
405 silly fetch manifest yocto-queue@^0.1.0
406 silly packumentCache full:https://registry.npmjs.org/yocto-queue cache-miss
407 http fetch GET 200 https://registry.npmjs.org/yocto-queue 55ms (cache miss)
408 silly packumentCache full:https://registry.npmjs.org/yocto-queue set size:undefined disposed:false
409 silly placeDep ROOT yocto-queue@0.1.0 OK for: p-limit@3.1.0 want: ^0.1.0
410 silly placeDep ROOT lru-cache@10.4.3 OK for: path-scurry@1.11.1 want: ^10.2.0
411 silly placeDep ROOT randombytes@2.1.0 OK for: serialize-javascript@6.0.2 want: ^2.1.0
412 silly fetch manifest safe-buffer@^5.1.0
413 silly packumentCache full:https://registry.npmjs.org/safe-buffer cache-miss
414 http fetch GET 200 https://registry.npmjs.org/safe-buffer 62ms (cache miss)
415 silly packumentCache full:https://registry.npmjs.org/safe-buffer set size:undefined disposed:false
416 silly placeDep ROOT safe-buffer@5.2.1 OK for: randombytes@2.1.0 want: ^5.1.0
417 silly placeDep ROOT shebang-regex@3.0.0 OK for: shebang-command@2.0.0 want: ^3.0.0
418 silly placeDep ROOT eastasianwidth@0.2.0 OK for: string-width@5.1.2 want: ^0.2.0
419 silly placeDep ROOT emoji-regex@9.2.2 OK for: string-width@5.1.2 want: ^9.2.2
420 silly placeDep node_modules/string-width-cjs emoji-regex@8.0.0 OK for: string-width@4.2.3 want: ^8.0.0
421 silly placeDep ROOT is-fullwidth-code-point@3.0.0 OK for: string-width@4.2.3 want: ^3.0.0
422 silly placeDep node_modules/string-width-cjs strip-ansi@6.0.1 OK for: string-width@4.2.3 want: ^6.0.1
423 silly placeDep ROOT ansi-regex@6.2.2 OK for: strip-ansi@7.2.0 want: ^6.2.2
424 silly placeDep node_modules/strip-ansi-cjs ansi-regex@5.0.1 OK for: strip-ansi@6.0.1 want: ^5.0.1
425 silly placeDep ROOT has-flag@4.0.0 OK for: supports-color@8.1.1 want: ^4.0.0
426 silly placeDep ROOT isexe@2.0.0 OK for: which@2.0.2 want: ^2.0.0
427 silly placeDep node_modules/wrap-ansi ansi-styles@6.2.3 OK for: wrap-ansi@8.1.0 want: ^6.1.0
428 silly placeDep node_modules/wrap-ansi-cjs string-width@4.2.3 OK for: wrap-ansi@7.0.0 want: ^4.1.0
429 silly placeDep node_modules/wrap-ansi-cjs strip-ansi@6.0.1 OK for: wrap-ansi@7.0.0 want: ^6.0.0
430 silly placeDep ROOT cliui@8.0.1 OK for: yargs@17.7.2 want: ^8.0.1
431 silly placeDep ROOT escalade@3.2.0 OK for: yargs@17.7.2 want: ^3.1.1
432 silly placeDep ROOT get-caller-file@2.0.5 OK for: yargs@17.7.2 want: ^2.0.5
433 silly placeDep ROOT require-directory@2.1.1 OK for: yargs@17.7.2 want: ^2.1.1
434 silly placeDep node_modules/yargs string-width@4.2.3 OK for: yargs@17.7.2 want: ^4.2.3
435 silly placeDep ROOT y18n@5.0.8 OK for: yargs@17.7.2 want: ^5.0.5
436 silly fetch manifest wrap-ansi@^7.0.0
437 silly packumentCache full:https://registry.npmjs.org/wrap-ansi cache-miss
438 silly fetch manifest string-width@^4.2.0
439 silly packumentCache full:https://registry.npmjs.org/string-width cache-hit
440 http cache https://registry.npmjs.org/wrap-ansi 2ms (cache hit)
441 silly packumentCache full:https://registry.npmjs.org/wrap-ansi set size:55299 disposed:false
442 silly placeDep node_modules/cliui string-width@4.2.3 OK for: cliui@8.0.1 want: ^4.2.0
443 silly placeDep node_modules/cliui strip-ansi@6.0.1 OK for: cliui@8.0.1 want: ^6.0.1
444 silly placeDep node_modules/cliui wrap-ansi@7.0.0 OK for: cliui@8.0.1 want: ^7.0.0
445 silly placeDep ROOT camelcase@6.3.0 OK for: yargs-unparser@2.0.0 want: ^6.0.0
446 silly placeDep ROOT decamelize@4.0.0 OK for: yargs-unparser@2.0.0 want: ^4.0.0
447 silly placeDep ROOT flat@5.0.2 OK for: yargs-unparser@2.0.0 want: ^5.0.2
448 silly placeDep ROOT is-plain-obj@2.1.0 OK for: yargs-unparser@2.0.0 want: ^2.1.0
449 silly placeDep node_modules/cliui emoji-regex@8.0.0 OK for: string-width@4.2.3 want: ^8.0.0
450 silly placeDep node_modules/cliui ansi-regex@5.0.1 OK for: strip-ansi@6.0.1 want: ^5.0.1
451 silly placeDep node_modules/string-width-cjs ansi-regex@5.0.1 OK for: strip-ansi@6.0.1 want: ^5.0.1
452 silly placeDep node_modules/wrap-ansi-cjs emoji-regex@8.0.0 OK for: string-width@4.2.3 want: ^8.0.0
453 silly placeDep node_modules/wrap-ansi-cjs ansi-regex@5.0.1 OK for: strip-ansi@6.0.1 want: ^5.0.1
454 silly placeDep node_modules/yargs emoji-regex@8.0.0 OK for: string-width@4.2.3 want: ^8.0.0
455 silly placeDep node_modules/yargs strip-ansi@6.0.1 OK for: string-width@4.2.3 want: ^6.0.1
456 silly placeDep node_modules/yargs ansi-regex@5.0.1 OK for: strip-ansi@6.0.1 want: ^5.0.1
457 silly reify moves {}
458 http cache is-plain-obj@https://registry.npmjs.org/is-plain-obj/-/is-plain-obj-2.1.0.tgz 0ms (cache hit)
459 http cache flat@https://registry.npmjs.org/flat/-/flat-5.0.2.tgz 0ms (cache hit)
460 http cache decamelize@https://registry.npmjs.org/decamelize/-/decamelize-4.0.0.tgz 0ms (cache hit)
461 http cache camelcase@https://registry.npmjs.org/camelcase/-/camelcase-6.3.0.tgz 0ms (cache hit)
462 http cache require-directory@https://registry.npmjs.org/require-directory/-/require-directory-2.1.1.tgz 0ms (cache hit)
463 http cache get-caller-file@https://registry.npmjs.org/get-caller-file/-/get-caller-file-2.0.5.tgz 0ms (cache hit)
464 http cache escalade@https://registry.npmjs.org/escalade/-/escalade-3.2.0.tgz 0ms (cache hit)
465 http cache ansi-regex@https://registry.npmjs.org/ansi-regex/-/ansi-regex-5.0.1.tgz 0ms (cache hit)
466 http cache cliui@https://registry.npmjs.org/cliui/-/cliui-8.0.1.tgz 0ms (cache hit)
467 http cache emoji-regex@https://registry.npmjs.org/emoji-regex/-/emoji-regex-8.0.0.tgz 0ms (cache hit)
468 http cache wrap-ansi@https://registry.npmjs.org/wrap-ansi/-/wrap-ansi-7.0.0.tgz 0ms (cache hit)
469 http cache strip-ansi@https://registry.npmjs.org/strip-ansi/-/strip-ansi-6.0.1.tgz 0ms (cache hit)
470 http cache isexe@https://registry.npmjs.org/isexe/-/isexe-2.0.0.tgz 0ms (cache hit)
471 http cache ansi-regex@https://registry.npmjs.org/ansi-regex/-/ansi-regex-6.2.2.tgz 0ms (cache hit)
472 http cache is-fullwidth-code-point@https://registry.npmjs.org/is-fullwidth-code-point/-/is-fullwidth-code-point-3.0.0.tgz 0ms (cache hit)
473 http cache has-flag@https://registry.npmjs.org/has-flag/-/has-flag-4.0.0.tgz 0ms (cache hit)
474 http cache emoji-regex@https://registry.npmjs.org/emoji-regex/-/emoji-regex-9.2.2.tgz 0ms (cache hit)
475 http cache eastasianwidth@https://registry.npmjs.org/eastasianwidth/-/eastasianwidth-0.2.0.tgz 0ms (cache hit)
476 http cache shebang-regex@https://registry.npmjs.org/shebang-regex/-/shebang-regex-3.0.0.tgz 0ms (cache hit)
477 http cache safe-buffer@https://registry.npmjs.org/safe-buffer/-/safe-buffer-5.2.1.tgz 0ms (cache hit)
478 http cache randombytes@https://registry.npmjs.org/randombytes/-/randombytes-2.1.0.tgz 0ms (cache hit)
479 http cache lru-cache@https://registry.npmjs.org/lru-cache/-/lru-cache-10.4.3.tgz 0ms (cache hit)
480 http cache yocto-queue@https://registry.npmjs.org/yocto-queue/-/yocto-queue-0.1.0.tgz 0ms (cache hit)
481 http cache p-limit@https://registry.npmjs.org/p-limit/-/p-limit-3.1.0.tgz 0ms (cache hit)
482 http cache balanced-match@https://registry.npmjs.org/balanced-match/-/balanced-match-1.0.2.tgz 0ms (cache hit)
483 http cache brace-expansion@https://registry.npmjs.org/brace-expansion/-/brace-expansion-2.0.2.tgz 0ms (cache hit)
484 http cache string-width@https://registry.npmjs.org/string-width/-/string-width-4.2.3.tgz 0ms (cache hit)
485 http cache color-name@https://registry.npmjs.org/color-name/-/color-name-1.1.4.tgz 0ms (cache hit)
486 http cache ansi-styles@https://registry.npmjs.org/ansi-styles/-/ansi-styles-4.3.0.tgz 0ms (cache hit)
487 http cache is-unicode-supported@https://registry.npmjs.org/is-unicode-supported/-/is-unicode-supported-0.1.0.tgz 0ms (cache hit)
488 http cache chalk@https://registry.npmjs.org/chalk/-/chalk-4.1.2.tgz 0ms (cache hit)
489 http cache color-convert@https://registry.npmjs.org/color-convert/-/color-convert-2.0.1.tgz 0ms (cache hit)
490 http cache y18n@https://registry.npmjs.org/y18n/-/y18n-5.0.8.tgz 0ms (cache hit)
491 http cache wrap-ansi-cjs@https://registry.npmjs.org/wrap-ansi/-/wrap-ansi-7.0.0.tgz 0ms (cache hit)
492 http cache p-locate@https://registry.npmjs.org/p-locate/-/p-locate-5.0.0.tgz 0ms (cache hit)
493 http cache ansi-regex@https://registry.npmjs.org/ansi-regex/-/ansi-regex-5.0.1.tgz 0ms (cache hit)
494 http cache strip-ansi@https://registry.npmjs.org/strip-ansi/-/strip-ansi-6.0.1.tgz 0ms (cache hit)
495 http cache emoji-regex@https://registry.npmjs.org/emoji-regex/-/emoji-regex-8.0.0.tgz 0ms (cache hit)
496 http cache string-width@https://registry.npmjs.org/string-width/-/string-width-4.2.3.tgz 0ms (cache hit)
497 http cache wrap-ansi@https://registry.npmjs.org/wrap-ansi/-/wrap-ansi-8.1.0.tgz 0ms (cache hit)
498 http cache ansi-styles@https://registry.npmjs.org/ansi-styles/-/ansi-styles-6.2.3.tgz 0ms (cache hit)
499 http cache strip-ansi-cjs@https://registry.npmjs.org/strip-ansi/-/strip-ansi-6.0.1.tgz 0ms (cache hit)
500 http cache ansi-regex@https://registry.npmjs.org/ansi-regex/-/ansi-regex-5.0.1.tgz 0ms (cache hit)
501 http cache strip-ansi@https://registry.npmjs.org/strip-ansi/-/strip-ansi-7.2.0.tgz 0ms (cache hit)
502 http cache ansi-regex@https://registry.npmjs.org/ansi-regex/-/ansi-regex-5.0.1.tgz 0ms (cache hit)
503 http cache strip-ansi@https://registry.npmjs.org/strip-ansi/-/strip-ansi-6.0.1.tgz 0ms (cache hit)
504 http cache string-width-cjs@https://registry.npmjs.org/string-width/-/string-width-4.2.3.tgz 0ms (cache hit)
505 http cache emoji-regex@https://registry.npmjs.org/emoji-regex/-/emoji-regex-8.0.0.tgz 0ms (cache hit)
506 http cache @pkgjs/parseargs@https://registry.npmjs.org/@pkgjs/parseargs/-/parseargs-0.11.0.tgz 0ms (cache hit)
507 http cache string-width@https://registry.npmjs.org/string-width/-/string-width-5.1.2.tgz 0ms (cache hit)
508 http cache which@https://registry.npmjs.org/which/-/which-2.0.2.tgz 0ms (cache hit)
509 http cache path-key@https://registry.npmjs.org/path-key/-/path-key-3.1.1.tgz 0ms (cache hit)
510 http cache @isaacs/cliui@https://registry.npmjs.org/@isaacs/cliui/-/cliui-8.0.2.tgz 0ms (cache hit)
511 http cache shebang-command@https://registry.npmjs.org/shebang-command/-/shebang-command-2.0.0.tgz 0ms (cache hit)
512 http cache path-scurry@https://registry.npmjs.org/path-scurry/-/path-scurry-1.11.1.tgz 0ms (cache hit)
513 http cache signal-exit@https://registry.npmjs.org/signal-exit/-/signal-exit-4.1.0.tgz 0ms (cache hit)
514 http cache cross-spawn@https://registry.npmjs.org/cross-spawn/-/cross-spawn-7.0.6.tgz 0ms (cache hit)
515 http cache minipass@https://registry.npmjs.org/minipass/-/minipass-7.1.3.tgz 0ms (cache hit)
516 http cache jackspeak@https://registry.npmjs.org/jackspeak/-/jackspeak-3.4.3.tgz 0ms (cache hit)
517 http cache package-json-from-dist@https://registry.npmjs.org/package-json-from-dist/-/package-json-from-dist-1.0.1.tgz 0ms (cache hit)
518 http cache path-exists@https://registry.npmjs.org/path-exists/-/path-exists-4.0.0.tgz 0ms (cache hit)
519 http cache yargs-unparser@https://registry.npmjs.org/yargs-unparser/-/yargs-unparser-2.0.0.tgz 0ms (cache hit)
520 http cache locate-path@https://registry.npmjs.org/locate-path/-/locate-path-6.0.0.tgz 0ms (cache hit)
521 http cache foreground-child@https://registry.npmjs.org/foreground-child/-/foreground-child-3.3.1.tgz 0ms (cache hit)
522 http cache yargs-parser@https://registry.npmjs.org/yargs-parser/-/yargs-parser-21.1.1.tgz 0ms (cache hit)
523 http cache readdirp@https://registry.npmjs.org/readdirp/-/readdirp-4.1.2.tgz 0ms (cache hit)
524 http cache ansi-regex@https://registry.npmjs.org/ansi-regex/-/ansi-regex-5.0.1.tgz 0ms (cache hit)
525 http cache yargs@https://registry.npmjs.org/yargs/-/yargs-17.7.2.tgz 0ms (cache hit)
526 http cache string-width@https://registry.npmjs.org/string-width/-/string-width-4.2.3.tgz 0ms (cache hit)
527 http cache strip-ansi@https://registry.npmjs.org/strip-ansi/-/strip-ansi-6.0.1.tgz 0ms (cache hit)
528 http cache supports-color@https://registry.npmjs.org/supports-color/-/supports-color-8.1.1.tgz 0ms (cache hit)
529 http cache workerpool@https://registry.npmjs.org/workerpool/-/workerpool-9.3.4.tgz 0ms (cache hit)
530 http cache strip-json-comments@https://registry.npmjs.org/strip-json-comments/-/strip-json-comments-3.1.1.tgz 0ms (cache hit)
531 http cache serialize-javascript@https://registry.npmjs.org/serialize-javascript/-/serialize-javascript-6.0.2.tgz 0ms (cache hit)
532 http cache picocolors@https://registry.npmjs.org/picocolors/-/picocolors-1.1.1.tgz 0ms (cache hit)
533 http cache ms@https://registry.npmjs.org/ms/-/ms-2.1.3.tgz 0ms (cache hit)
534 http cache minimatch@https://registry.npmjs.org/minimatch/-/minimatch-9.0.9.tgz 0ms (cache hit)
535 http cache log-symbols@https://registry.npmjs.org/log-symbols/-/log-symbols-4.1.0.tgz 0ms (cache hit)
536 http cache js-yaml@https://registry.npmjs.org/js-yaml/-/js-yaml-4.1.1.tgz 0ms (cache hit)
537 http cache is-path-inside@https://registry.npmjs.org/is-path-inside/-/is-path-inside-3.0.3.tgz 0ms (cache hit)
538 http cache he@https://registry.npmjs.org/he/-/he-1.2.0.tgz 0ms (cache hit)
539 http cache glob@https://registry.npmjs.org/glob/-/glob-10.5.0.tgz 0ms (cache hit)
540 http cache find-up@https://registry.npmjs.org/find-up/-/find-up-5.0.0.tgz 0ms (cache hit)
541 http cache diff@https://registry.npmjs.org/diff/-/diff-7.0.0.tgz 0ms (cache hit)
542 http cache escape-string-regexp@https://registry.npmjs.org/escape-string-regexp/-/escape-string-regexp-4.0.0.tgz 0ms (cache hit)
543 http cache debug@https://registry.npmjs.org/debug/-/debug-4.4.3.tgz 0ms (cache hit)
544 http cache browser-stdout@https://registry.npmjs.org/browser-stdout/-/browser-stdout-1.3.1.tgz 0ms (cache hit)
545 http cache chokidar@https://registry.npmjs.org/chokidar/-/chokidar-4.0.3.tgz 0ms (cache hit)
546 http cache underscore@https://registry.npmjs.org/underscore/-/underscore-1.13.8.tgz 0ms (cache hit)
547 http cache uglify-js@https://registry.npmjs.org/uglify-js/-/uglify-js-3.19.3.tgz 0ms (cache hit)
548 http cache coffee-script@https://registry.npmjs.org/coffee-script/-/coffee-script-1.12.7.tgz 0ms (cache hit)
549 http cache mocha@https://registry.npmjs.org/mocha/-/mocha-11.7.5.tgz 0ms (cache hit)
550 http cache emoji-regex@https://registry.npmjs.org/emoji-regex/-/emoji-regex-8.0.0.tgz 0ms (cache hit)
551 http cache argparse@https://registry.npmjs.org/argparse/-/argparse-2.0.1.tgz 0ms (cache hit)
552 http cache supports-color@https://registry.npmjs.org/supports-color/-/supports-color-7.2.0.tgz 0ms (cache hit)
553 silly tarball no local data for is-plain-obj@https://registry.npmjs.org/is-plain-obj/-/is-plain-obj-2.1.0.tgz. Extracting by manifest.
554 silly tarball no local data for flat@https://registry.npmjs.org/flat/-/flat-5.0.2.tgz. Extracting by manifest.
555 silly tarball no local data for decamelize@https://registry.npmjs.org/decamelize/-/decamelize-4.0.0.tgz. Extracting by manifest.
556 silly tarball no local data for camelcase@https://registry.npmjs.org/camelcase/-/camelcase-6.3.0.tgz. Extracting by manifest.
557 silly tarball no local data for require-directory@https://registry.npmjs.org/require-directory/-/require-directory-2.1.1.tgz. Extracting by manifest.
558 silly tarball no local data for get-caller-file@https://registry.npmjs.org/get-caller-file/-/get-caller-file-2.0.5.tgz. Extracting by manifest.
559 silly tarball no local data for escalade@https://registry.npmjs.org/escalade/-/escalade-3.2.0.tgz. Extracting by manifest.
560 silly tarball no local data for ansi-regex@https://registry.npmjs.org/ansi-regex/-/ansi-regex-5.0.1.tgz. Extracting by manifest.
561 silly tarball no local data for cliui@https://registry.npmjs.org/cliui/-/cliui-8.0.1.tgz. Extracting by manifest.
562 silly tarball no local data for emoji-regex@https://registry.npmjs.org/emoji-regex/-/emoji-regex-8.0.0.tgz. Extracting by manifest.
563 silly tarball no local data for wrap-ansi@https://registry.npmjs.org/wrap-ansi/-/wrap-ansi-7.0.0.tgz. Extracting by manifest.
564 silly tarball no local data for strip-ansi@https://registry.npmjs.org/strip-ansi/-/strip-ansi-6.0.1.tgz. Extracting by manifest.
565 silly tarball no local data for isexe@https://registry.npmjs.org/isexe/-/isexe-2.0.0.tgz. Extracting by manifest.
566 silly tarball no local data for ansi-regex@https://registry.npmjs.org/ansi-regex/-/ansi-regex-6.2.2.tgz. Extracting by manifest.
567 silly tarball no local data for is-fullwidth-code-point@https://registry.npmjs.org/is-fullwidth-code-point/-/is-fullwidth-code-point-3.0.0.tgz. Extracting by manifest.
568 silly tarball no local data for has-flag@https://registry.npmjs.org/has-flag/-/has-flag-4.0.0.tgz. Extracting by manifest.
569 silly tarball no local data for emoji-regex@https://registry.npmjs.org/emoji-regex/-/emoji-regex-9.2.2.tgz. Extracting by manifest.
570 silly tarball no local data for eastasianwidth@https://registry.npmjs.org/eastasianwidth/-/eastasianwidth-0.2.0.tgz. Extracting by manifest.
571 silly tarball no local data for shebang-regex@https://registry.npmjs.org/shebang-regex/-/shebang-regex-3.0.0.tgz. Extracting by manifest.
572 silly tarball no local data for safe-buffer@https://registry.npmjs.org/safe-buffer/-/safe-buffer-5.2.1.tgz. Extracting by manifest.
573 silly tarball no local data for randombytes@https://registry.npmjs.org/randombytes/-/randombytes-2.1.0.tgz. Extracting by manifest.
574 silly tarball no local data for lru-cache@https://registry.npmjs.org/lru-cache/-/lru-cache-10.4.3.tgz. Extracting by manifest.
575 silly tarball no local data for yocto-queue@https://registry.npmjs.org/yocto-queue/-/yocto-queue-0.1.0.tgz. Extracting by manifest.
576 silly tarball no local data for p-limit@https://registry.npmjs.org/p-limit/-/p-limit-3.1.0.tgz. Extracting by manifest.
577 silly tarball no local data for balanced-match@https://registry.npmjs.org/balanced-match/-/balanced-match-1.0.2.tgz. Extracting by manifest.
578 silly tarball no local data for brace-expansion@https://registry.npmjs.org/brace-expansion/-/brace-expansion-2.0.2.tgz. Extracting by manifest.
579 silly tarball no local data for string-width@https://registry.npmjs.org/string-width/-/string-width-4.2.3.tgz. Extracting by manifest.
580 silly tarball no local data for color-name@https://registry.npmjs.org/color-name/-/color-name-1.1.4.tgz. Extracting by manifest.
581 silly tarball no local data for ansi-styles@https://registry.npmjs.org/ansi-styles/-/ansi-styles-4.3.0.tgz. Extracting by manifest.
582 silly tarball no local data for is-unicode-supported@https://registry.npmjs.org/is-unicode-supported/-/is-unicode-supported-0.1.0.tgz. Extracting by manifest.
583 silly tarball no local data for chalk@https://registry.npmjs.org/chalk/-/chalk-4.1.2.tgz. Extracting by manifest.
584 silly tarball no local data for color-convert@https://registry.npmjs.org/color-convert/-/color-convert-2.0.1.tgz. Extracting by manifest.
585 silly tarball no local data for y18n@https://registry.npmjs.org/y18n/-/y18n-5.0.8.tgz. Extracting by manifest.
586 silly tarball no local data for wrap-ansi-cjs@https://registry.npmjs.org/wrap-ansi/-/wrap-ansi-7.0.0.tgz. Extracting by manifest.
587 silly tarball no local data for ansi-regex@https://registry.npmjs.org/ansi-regex/-/ansi-regex-5.0.1.tgz. Extracting by manifest.
588 silly tarball no local data for p-locate@https://registry.npmjs.org/p-locate/-/p-locate-5.0.0.tgz. Extracting by manifest.
589 silly tarball no local data for strip-ansi@https://registry.npmjs.org/strip-ansi/-/strip-ansi-6.0.1.tgz. Extracting by manifest.
590 silly tarball no local data for emoji-regex@https://registry.npmjs.org/emoji-regex/-/emoji-regex-8.0.0.tgz. Extracting by manifest.
591 silly tarball no local data for string-width@https://registry.npmjs.org/string-width/-/string-width-4.2.3.tgz. Extracting by manifest.
592 silly tarball no local data for wrap-ansi@https://registry.npmjs.org/wrap-ansi/-/wrap-ansi-8.1.0.tgz. Extracting by manifest.
593 silly tarball no local data for ansi-styles@https://registry.npmjs.org/ansi-styles/-/ansi-styles-6.2.3.tgz. Extracting by manifest.
594 silly tarball no local data for strip-ansi-cjs@https://registry.npmjs.org/strip-ansi/-/strip-ansi-6.0.1.tgz. Extracting by manifest.
595 silly tarball no local data for ansi-regex@https://registry.npmjs.org/ansi-regex/-/ansi-regex-5.0.1.tgz. Extracting by manifest.
596 silly tarball no local data for strip-ansi@https://registry.npmjs.org/strip-ansi/-/strip-ansi-7.2.0.tgz. Extracting by manifest.
597 silly tarball no local data for ansi-regex@https://registry.npmjs.org/ansi-regex/-/ansi-regex-5.0.1.tgz. Extracting by manifest.
598 silly tarball no local data for strip-ansi@https://registry.npmjs.org/strip-ansi/-/strip-ansi-6.0.1.tgz. Extracting by manifest.
599 silly tarball no local data for string-width-cjs@https://registry.npmjs.org/string-width/-/string-width-4.2.3.tgz. Extracting by manifest.
600 silly tarball no local data for emoji-regex@https://registry.npmjs.org/emoji-regex/-/emoji-regex-8.0.0.tgz. Extracting by manifest.
601 silly tarball no local data for @pkgjs/parseargs@https://registry.npmjs.org/@pkgjs/parseargs/-/parseargs-0.11.0.tgz. Extracting by manifest.
602 silly tarball no local data for string-width@https://registry.npmjs.org/string-width/-/string-width-5.1.2.tgz. Extracting by manifest.
603 silly tarball no local data for which@https://registry.npmjs.org/which/-/which-2.0.2.tgz. Extracting by manifest.
604 silly tarball no local data for path-key@https://registry.npmjs.org/path-key/-/path-key-3.1.1.tgz. Extracting by manifest.
605 silly tarball no local data for @isaacs/cliui@https://registry.npmjs.org/@isaacs/cliui/-/cliui-8.0.2.tgz. Extracting by manifest.
606 silly tarball no local data for shebang-command@https://registry.npmjs.org/shebang-command/-/shebang-command-2.0.0.tgz. Extracting by manifest.
607 silly tarball no local data for path-scurry@https://registry.npmjs.org/path-scurry/-/path-scurry-1.11.1.tgz. Extracting by manifest.
608 silly tarball no local data for signal-exit@https://registry.npmjs.org/signal-exit/-/signal-exit-4.1.0.tgz. Extracting by manifest.
609 silly tarball no local data for cross-spawn@https://registry.npmjs.org/cross-spawn/-/cross-spawn-7.0.6.tgz. Extracting by manifest.
610 silly tarball no local data for minipass@https://registry.npmjs.org/minipass/-/minipass-7.1.3.tgz. Extracting by manifest.
611 silly tarball no local data for jackspeak@https://registry.npmjs.org/jackspeak/-/jackspeak-3.4.3.tgz. Extracting by manifest.
612 silly tarball no local data for package-json-from-dist@https://registry.npmjs.org/package-json-from-dist/-/package-json-from-dist-1.0.1.tgz. Extracting by manifest.
613 silly tarball no local data for path-exists@https://registry.npmjs.org/path-exists/-/path-exists-4.0.0.tgz. Extracting by manifest.
614 silly tarball no local data for yargs-unparser@https://registry.npmjs.org/yargs-unparser/-/yargs-unparser-2.0.0.tgz. Extracting by manifest.
615 silly tarball no local data for locate-path@https://registry.npmjs.org/locate-path/-/locate-path-6.0.0.tgz. Extracting by manifest.
616 silly tarball no local data for foreground-child@https://registry.npmjs.org/foreground-child/-/foreground-child-3.3.1.tgz. Extracting by manifest.
617 silly tarball no local data for yargs-parser@https://registry.npmjs.org/yargs-parser/-/yargs-parser-21.1.1.tgz. Extracting by manifest.
618 silly tarball no local data for readdirp@https://registry.npmjs.org/readdirp/-/readdirp-4.1.2.tgz. Extracting by manifest.
619 silly tarball no local data for ansi-regex@https://registry.npmjs.org/ansi-regex/-/ansi-regex-5.0.1.tgz. Extracting by manifest.
620 silly tarball no local data for string-width@https://registry.npmjs.org/string-width/-/string-width-4.2.3.tgz. Extracting by manifest.
621 silly tarball no local data for yargs@https://registry.npmjs.org/yargs/-/yargs-17.7.2.tgz. Extracting by manifest.
622 silly tarball no local data for strip-ansi@https://registry.npmjs.org/strip-ansi/-/strip-ansi-6.0.1.tgz. Extracting by manifest.
623 silly tarball no local data for supports-color@https://registry.npmjs.org/supports-color/-/supports-color-8.1.1.tgz. Extracting by manifest.
624 silly tarball no local data for workerpool@https://registry.npmjs.org/workerpool/-/workerpool-9.3.4.tgz. Extracting by manifest.
625 silly tarball no local data for strip-json-comments@https://registry.npmjs.org/strip-json-comments/-/strip-json-comments-3.1.1.tgz. Extracting by manifest.
626 silly tarball no local data for serialize-javascript@https://registry.npmjs.org/serialize-javascript/-/serialize-javascript-6.0.2.tgz. Extracting by manifest.
627 silly tarball no local data for picocolors@https://registry.npmjs.org/picocolors/-/picocolors-1.1.1.tgz. Extracting by manifest.
628 silly tarball no local data for ms@https://registry.npmjs.org/ms/-/ms-2.1.3.tgz. Extracting by manifest.
629 silly tarball no local data for minimatch@https://registry.npmjs.org/minimatch/-/minimatch-9.0.9.tgz. Extracting by manifest.
630 silly tarball no local data for log-symbols@https://registry.npmjs.org/log-symbols/-/log-symbols-4.1.0.tgz. Extracting by manifest.
631 silly tarball no local data for js-yaml@https://registry.npmjs.org/js-yaml/-/js-yaml-4.1.1.tgz. Extracting by manifest.
632 silly tarball no local data for is-path-inside@https://registry.npmjs.org/is-path-inside/-/is-path-inside-3.0.3.tgz. Extracting by manifest.
633 silly tarball no local data for he@https://registry.npmjs.org/he/-/he-1.2.0.tgz. Extracting by manifest.
634 silly tarball no local data for glob@https://registry.npmjs.org/glob/-/glob-10.5.0.tgz. Extracting by manifest.
635 silly tarball no local data for find-up@https://registry.npmjs.org/find-up/-/find-up-5.0.0.tgz. Extracting by manifest.
636 silly tarball no local data for diff@https://registry.npmjs.org/diff/-/diff-7.0.0.tgz. Extracting by manifest.
637 silly tarball no local data for escape-string-regexp@https://registry.npmjs.org/escape-string-regexp/-/escape-string-regexp-4.0.0.tgz. Extracting by manifest.
638 silly tarball no local data for debug@https://registry.npmjs.org/debug/-/debug-4.4.3.tgz. Extracting by manifest.
639 silly tarball no local data for browser-stdout@https://registry.npmjs.org/browser-stdout/-/browser-stdout-1.3.1.tgz. Extracting by manifest.
640 silly tarball no local data for underscore@https://registry.npmjs.org/underscore/-/underscore-1.13.8.tgz. Extracting by manifest.
641 silly tarball no local data for chokidar@https://registry.npmjs.org/chokidar/-/chokidar-4.0.3.tgz. Extracting by manifest.
642 silly tarball no local data for uglify-js@https://registry.npmjs.org/uglify-js/-/uglify-js-3.19.3.tgz. Extracting by manifest.
643 silly tarball no local data for coffee-script@https://registry.npmjs.org/coffee-script/-/coffee-script-1.12.7.tgz. Extracting by manifest.
644 silly tarball no local data for mocha@https://registry.npmjs.org/mocha/-/mocha-11.7.5.tgz. Extracting by manifest.
645 silly tarball no local data for emoji-regex@https://registry.npmjs.org/emoji-regex/-/emoji-regex-8.0.0.tgz. Extracting by manifest.
646 silly tarball no local data for argparse@https://registry.npmjs.org/argparse/-/argparse-2.0.1.tgz. Extracting by manifest.
647 silly tarball no local data for supports-color@https://registry.npmjs.org/supports-color/-/supports-color-7.2.0.tgz. Extracting by manifest.
648 http fetch GET 200 https://registry.npmjs.org/is-plain-obj/-/is-plain-obj-2.1.0.tgz 71ms (cache miss)
649 http fetch GET 200 https://registry.npmjs.org/camelcase/-/camelcase-6.3.0.tgz 73ms (cache miss)
650 http fetch GET 200 https://registry.npmjs.org/flat/-/flat-5.0.2.tgz 73ms (cache miss)
651 http fetch GET 200 https://registry.npmjs.org/decamelize/-/decamelize-4.0.0.tgz 73ms (cache miss)
652 http fetch GET 200 https://registry.npmjs.org/get-caller-file/-/get-caller-file-2.0.5.tgz 72ms (cache miss)
653 http fetch GET 200 https://registry.npmjs.org/escalade/-/escalade-3.2.0.tgz 72ms (cache miss)
654 http fetch GET 200 https://registry.npmjs.org/require-directory/-/require-directory-2.1.1.tgz 73ms (cache miss)
655 http fetch GET 200 https://registry.npmjs.org/eastasianwidth/-/eastasianwidth-0.2.0.tgz 109ms (cache miss)
656 http fetch GET 200 https://registry.npmjs.org/has-flag/-/has-flag-4.0.0.tgz 111ms (cache miss)
657 http fetch GET 200 https://registry.npmjs.org/shebang-regex/-/shebang-regex-3.0.0.tgz 110ms (cache miss)
658 http fetch GET 200 https://registry.npmjs.org/emoji-regex/-/emoji-regex-9.2.2.tgz 117ms (cache miss)
659 http fetch GET 200 https://registry.npmjs.org/safe-buffer/-/safe-buffer-5.2.1.tgz 124ms (cache miss)
660 http fetch GET 200 https://registry.npmjs.org/randombytes/-/randombytes-2.1.0.tgz 124ms (cache miss)
661 http fetch GET 200 https://registry.npmjs.org/lru-cache/-/lru-cache-10.4.3.tgz 143ms (cache miss)
662 http fetch GET 200 https://registry.npmjs.org/yocto-queue/-/yocto-queue-0.1.0.tgz 154ms (cache miss)
663 http fetch GET 200 https://registry.npmjs.org/p-limit/-/p-limit-3.1.0.tgz 154ms (cache miss)
664 http fetch GET 200 https://registry.npmjs.org/ansi-regex/-/ansi-regex-5.0.1.tgz 163ms (cache miss)
665 http fetch GET 200 https://registry.npmjs.org/balanced-match/-/balanced-match-1.0.2.tgz 161ms (cache miss)
666 http fetch GET 200 https://registry.npmjs.org/brace-expansion/-/brace-expansion-2.0.2.tgz 161ms (cache miss)
667 http fetch GET 200 https://registry.npmjs.org/string-width/-/string-width-4.2.3.tgz 171ms (cache miss)
668 http fetch GET 200 https://registry.npmjs.org/is-fullwidth-code-point/-/is-fullwidth-code-point-3.0.0.tgz 173ms (cache miss)
669 http fetch GET 200 https://registry.npmjs.org/cliui/-/cliui-8.0.1.tgz 175ms (cache miss)
670 http fetch GET 200 https://registry.npmjs.org/emoji-regex/-/emoji-regex-8.0.0.tgz 175ms (cache miss)
671 http fetch GET 200 https://registry.npmjs.org/ansi-regex/-/ansi-regex-6.2.2.tgz 178ms (cache miss)
672 http fetch GET 200 https://registry.npmjs.org/strip-ansi/-/strip-ansi-6.0.1.tgz 180ms (cache miss)
673 http fetch GET 200 https://registry.npmjs.org/isexe/-/isexe-2.0.0.tgz 179ms (cache miss)
674 http fetch GET 200 https://registry.npmjs.org/color-name/-/color-name-1.1.4.tgz 178ms (cache miss)
675 http fetch GET 200 https://registry.npmjs.org/wrap-ansi/-/wrap-ansi-7.0.0.tgz 198ms (cache miss)
676 http fetch GET 200 https://registry.npmjs.org/is-unicode-supported/-/is-unicode-supported-0.1.0.tgz 198ms (cache miss)
677 http fetch GET 200 https://registry.npmjs.org/y18n/-/y18n-5.0.8.tgz 206ms (cache miss)
678 http fetch GET 200 https://registry.npmjs.org/wrap-ansi/-/wrap-ansi-7.0.0.tgz 209ms (cache miss)
679 http fetch GET 200 https://registry.npmjs.org/chalk/-/chalk-4.1.2.tgz 210ms (cache miss)
680 http fetch GET 200 https://registry.npmjs.org/strip-ansi/-/strip-ansi-6.0.1.tgz 219ms (cache miss)
681 http fetch GET 200 https://registry.npmjs.org/p-locate/-/p-locate-5.0.0.tgz 219ms (cache miss)
682 http fetch GET 200 https://registry.npmjs.org/ansi-regex/-/ansi-regex-5.0.1.tgz 224ms (cache miss)
683 http fetch GET 200 https://registry.npmjs.org/color-convert/-/color-convert-2.0.1.tgz 225ms (cache miss)
684 http fetch GET 200 https://registry.npmjs.org/emoji-regex/-/emoji-regex-8.0.0.tgz 225ms (cache miss)
685 http fetch GET 200 https://registry.npmjs.org/strip-ansi/-/strip-ansi-6.0.1.tgz 227ms (cache miss)
686 http fetch GET 200 https://registry.npmjs.org/string-width/-/string-width-4.2.3.tgz 227ms (cache miss)
687 http fetch GET 200 https://registry.npmjs.org/ansi-styles/-/ansi-styles-4.3.0.tgz 230ms (cache miss)
688 http fetch GET 200 https://registry.npmjs.org/ansi-styles/-/ansi-styles-6.2.3.tgz 230ms (cache miss)
689 http fetch GET 200 https://registry.npmjs.org/wrap-ansi/-/wrap-ansi-8.1.0.tgz 232ms (cache miss)
690 http fetch GET 200 https://registry.npmjs.org/strip-ansi/-/strip-ansi-7.2.0.tgz 246ms (cache miss)
691 http fetch GET 200 https://registry.npmjs.org/ansi-regex/-/ansi-regex-5.0.1.tgz 249ms (cache miss)
692 http fetch GET 200 https://registry.npmjs.org/strip-ansi/-/strip-ansi-6.0.1.tgz 259ms (cache miss)
693 http fetch GET 200 https://registry.npmjs.org/string-width/-/string-width-4.2.3.tgz 259ms (cache miss)
694 http fetch GET 200 https://registry.npmjs.org/ansi-regex/-/ansi-regex-5.0.1.tgz 260ms (cache miss)
695 http fetch GET 200 https://registry.npmjs.org/emoji-regex/-/emoji-regex-8.0.0.tgz 274ms (cache miss)
696 http fetch GET 200 https://registry.npmjs.org/path-key/-/path-key-3.1.1.tgz 274ms (cache miss)
697 http fetch GET 200 https://registry.npmjs.org/string-width/-/string-width-5.1.2.tgz 274ms (cache miss)
698 http fetch GET 200 https://registry.npmjs.org/which/-/which-2.0.2.tgz 274ms (cache miss)
699 http fetch GET 200 https://registry.npmjs.org/shebang-command/-/shebang-command-2.0.0.tgz 289ms (cache miss)
700 http fetch GET 200 https://registry.npmjs.org/signal-exit/-/signal-exit-4.1.0.tgz 300ms (cache miss)
701 http fetch GET 200 https://registry.npmjs.org/@isaacs/cliui/-/cliui-8.0.2.tgz 306ms (cache miss)
702 http fetch GET 200 https://registry.npmjs.org/cross-spawn/-/cross-spawn-7.0.6.tgz 308ms (cache miss)
703 http fetch GET 200 https://registry.npmjs.org/@pkgjs/parseargs/-/parseargs-0.11.0.tgz 312ms (cache miss)
704 http fetch GET 200 https://registry.npmjs.org/path-exists/-/path-exists-4.0.0.tgz 312ms (cache miss)
705 http fetch GET 200 https://registry.npmjs.org/yargs-unparser/-/yargs-unparser-2.0.0.tgz 318ms (cache miss)
706 http fetch GET 200 https://registry.npmjs.org/minipass/-/minipass-7.1.3.tgz 324ms (cache miss)
707 http fetch GET 200 https://registry.npmjs.org/foreground-child/-/foreground-child-3.3.1.tgz 325ms (cache miss)
708 http fetch GET 200 https://registry.npmjs.org/path-scurry/-/path-scurry-1.11.1.tgz 326ms (cache miss)
709 http fetch GET 200 https://registry.npmjs.org/jackspeak/-/jackspeak-3.4.3.tgz 327ms (cache miss)
710 http fetch GET 200 https://registry.npmjs.org/locate-path/-/locate-path-6.0.0.tgz 327ms (cache miss)
711 http fetch GET 200 https://registry.npmjs.org/package-json-from-dist/-/package-json-from-dist-1.0.1.tgz 329ms (cache miss)
712 http fetch GET 200 https://registry.npmjs.org/readdirp/-/readdirp-4.1.2.tgz 331ms (cache miss)
713 http fetch GET 200 https://registry.npmjs.org/yargs-parser/-/yargs-parser-21.1.1.tgz 332ms (cache miss)
714 http fetch GET 200 https://registry.npmjs.org/strip-ansi/-/strip-ansi-6.0.1.tgz 338ms (cache miss)
715 http fetch GET 200 https://registry.npmjs.org/ansi-regex/-/ansi-regex-5.0.1.tgz 338ms (cache miss)
716 http fetch GET 200 https://registry.npmjs.org/string-width/-/string-width-4.2.3.tgz 339ms (cache miss)
717 http fetch GET 200 https://registry.npmjs.org/supports-color/-/supports-color-8.1.1.tgz 340ms (cache miss)
718 http fetch GET 200 https://registry.npmjs.org/yargs/-/yargs-17.7.2.tgz 345ms (cache miss)
719 http fetch GET 200 https://registry.npmjs.org/strip-json-comments/-/strip-json-comments-3.1.1.tgz 355ms (cache miss)
720 http fetch GET 200 https://registry.npmjs.org/picocolors/-/picocolors-1.1.1.tgz 357ms (cache miss)
721 http fetch GET 200 https://registry.npmjs.org/serialize-javascript/-/serialize-javascript-6.0.2.tgz 357ms (cache miss)
722 http fetch GET 200 https://registry.npmjs.org/workerpool/-/workerpool-9.3.4.tgz 362ms (cache miss)
723 http fetch GET 200 https://registry.npmjs.org/ms/-/ms-2.1.3.tgz 364ms (cache miss)
724 http fetch GET 200 https://registry.npmjs.org/log-symbols/-/log-symbols-4.1.0.tgz 376ms (cache miss)
725 http fetch GET 200 https://registry.npmjs.org/is-path-inside/-/is-path-inside-3.0.3.tgz 380ms (cache miss)
726 http fetch GET 200 https://registry.npmjs.org/minimatch/-/minimatch-9.0.9.tgz 391ms (cache miss)
727 http fetch GET 200 https://registry.npmjs.org/find-up/-/find-up-5.0.0.tgz 391ms (cache miss)
728 http fetch GET 200 https://registry.npmjs.org/he/-/he-1.2.0.tgz 392ms (cache miss)
729 http fetch GET 200 https://registry.npmjs.org/escape-string-regexp/-/escape-string-regexp-4.0.0.tgz 391ms (cache miss)
730 http fetch GET 200 https://registry.npmjs.org/debug/-/debug-4.4.3.tgz 406ms (cache miss)
731 http fetch GET 200 https://registry.npmjs.org/browser-stdout/-/browser-stdout-1.3.1.tgz 408ms (cache miss)
732 http fetch GET 200 https://registry.npmjs.org/js-yaml/-/js-yaml-4.1.1.tgz 429ms (cache miss)
733 http fetch GET 200 https://registry.npmjs.org/glob/-/glob-10.5.0.tgz 433ms (cache miss)
734 warn deprecated glob@10.5.0: Old versions of glob are not supported, and contain widely publicized security vulnerabilities, which have been fixed in the current version. Please update. Support for old versions may be purchased (at exorbitant rates) by contacting i@izs.me
735 http fetch GET 200 https://registry.npmjs.org/chokidar/-/chokidar-4.0.3.tgz 438ms (cache miss)
736 http fetch GET 200 https://registry.npmjs.org/coffee-script/-/coffee-script-1.12.7.tgz 444ms (cache miss)
737 warn deprecated coffee-script@1.12.7: CoffeeScript on NPM has moved to "coffeescript" (no hyphen)
738 http fetch GET 200 https://registry.npmjs.org/supports-color/-/supports-color-7.2.0.tgz 469ms (cache miss)
739 http fetch GET 200 https://registry.npmjs.org/emoji-regex/-/emoji-regex-8.0.0.tgz 471ms (cache miss)
740 http fetch GET 200 https://registry.npmjs.org/uglify-js/-/uglify-js-3.19.3.tgz 482ms (cache miss)
741 http fetch GET 200 https://registry.npmjs.org/diff/-/diff-7.0.0.tgz 484ms (cache miss)
742 http fetch GET 200 https://registry.npmjs.org/argparse/-/argparse-2.0.1.tgz 485ms (cache miss)
743 http fetch GET 200 https://registry.npmjs.org/underscore/-/underscore-1.13.8.tgz 499ms (cache miss)
744 http fetch GET 200 https://registry.npmjs.org/mocha/-/mocha-11.7.5.tgz 561ms (cache miss)
745 silly ADD node_modules/is-plain-obj
746 silly ADD node_modules/flat
747 silly ADD node_modules/decamelize
748 silly ADD node_modules/camelcase
749 silly ADD node_modules/y18n
750 silly ADD node_modules/require-directory
751 silly ADD node_modules/get-caller-file
752 silly ADD node_modules/escalade
753 silly ADD node_modules/cliui
754 silly ADD node_modules/cliui/node_modules/ansi-regex
755 silly ADD node_modules/cliui/node_modules/emoji-regex
756 silly ADD node_modules/cliui/node_modules/wrap-ansi
757 silly ADD node_modules/cliui/node_modules/strip-ansi
758 silly ADD node_modules/cliui/node_modules/string-width
759 silly ADD node_modules/isexe
760 silly ADD node_modules/has-flag
761 silly ADD node_modules/ansi-regex
762 silly ADD node_modules/is-fullwidth-code-point
763 silly ADD node_modules/emoji-regex
764 silly ADD node_modules/eastasianwidth
765 silly ADD node_modules/shebang-regex
766 silly ADD node_modules/safe-buffer
767 silly ADD node_modules/randombytes
768 silly ADD node_modules/lru-cache
769 silly ADD node_modules/yocto-queue
770 silly ADD node_modules/p-limit
771 silly ADD node_modules/balanced-match
772 silly ADD node_modules/brace-expansion
773 silly ADD node_modules/color-name
774 silly ADD node_modules/color-convert
775 silly ADD node_modules/ansi-styles
776 silly ADD node_modules/is-unicode-supported
777 silly ADD node_modules/chalk
778 silly ADD node_modules/chalk/node_modules/supports-color
779 silly ADD node_modules/p-locate
780 silly ADD node_modules/argparse
781 silly ADD node_modules/wrap-ansi-cjs
782 silly ADD node_modules/wrap-ansi-cjs/node_modules/ansi-regex
783 silly ADD node_modules/wrap-ansi-cjs/node_modules/emoji-regex
784 silly ADD node_modules/wrap-ansi-cjs/node_modules/strip-ansi
785 silly ADD node_modules/wrap-ansi-cjs/node_modules/string-width
786 silly ADD node_modules/wrap-ansi
787 silly ADD node_modules/wrap-ansi/node_modules/ansi-styles
788 silly ADD node_modules/strip-ansi-cjs
789 silly ADD node_modules/strip-ansi-cjs/node_modules/ansi-regex
790 silly ADD node_modules/strip-ansi
791 silly ADD node_modules/string-width-cjs
792 silly ADD node_modules/string-width-cjs/node_modules/ansi-regex
793 silly ADD node_modules/string-width-cjs/node_modules/strip-ansi
794 silly ADD node_modules/string-width-cjs/node_modules/emoji-regex
795 silly ADD node_modules/string-width
796 silly ADD node_modules/@pkgjs/parseargs
797 silly ADD node_modules/@isaacs/cliui
798 silly ADD node_modules/which
799 silly ADD node_modules/shebang-command
800 silly ADD node_modules/path-key
801 silly ADD node_modules/signal-exit
802 silly ADD node_modules/cross-spawn
803 silly ADD node_modules/path-scurry
804 silly ADD node_modules/package-json-from-dist
805 silly ADD node_modules/minipass
806 silly ADD node_modules/jackspeak
807 silly ADD node_modules/foreground-child
808 silly ADD node_modules/path-exists
809 silly ADD node_modules/locate-path
810 silly ADD node_modules/readdirp
811 silly ADD node_modules/yargs-unparser
812 silly ADD node_modules/yargs-parser
813 silly ADD node_modules/yargs
814 silly ADD node_modules/yargs/node_modules/ansi-regex
815 silly ADD node_modules/yargs/node_modules/strip-ansi
816 silly ADD node_modules/yargs/node_modules/emoji-regex
817 silly ADD node_modules/yargs/node_modules/string-width
818 silly ADD node_modules/workerpool
819 silly ADD node_modules/supports-color
820 silly ADD node_modules/strip-json-comments
821 silly ADD node_modules/serialize-javascript
822 silly ADD node_modules/picocolors
823 silly ADD node_modules/ms
824 silly ADD node_modules/minimatch
825 silly ADD node_modules/log-symbols
826 silly ADD node_modules/js-yaml
827 silly ADD node_modules/is-path-inside
828 silly ADD node_modules/he
829 silly ADD node_modules/glob
830 silly ADD node_modules/find-up
831 silly ADD node_modules/escape-string-regexp
832 silly ADD node_modules/diff
833 silly ADD node_modules/debug
834 silly ADD node_modules/chokidar
835 silly ADD node_modules/browser-stdout
836 silly ADD node_modules/underscore
837 silly ADD node_modules/uglify-js
838 silly ADD node_modules/mocha
839 silly ADD node_modules/coffee-script
840 verbose cwd /Users/marcopagnanini/code/Progetti/frontend/mobile/App-Unto/~/.npm/_cacache/tmp/git-cloneMtpMXZ
841 verbose os Darwin 24.4.0
842 verbose node v23.10.0
843 verbose npm  v10.9.2
844 verbose exit 0
845 info ok
