0 verbose cli /opt/homebrew/Cellar/node/23.10.0_1/bin/node /opt/homebrew/bin/npm
1 info using npm@10.9.2
2 info using node@v23.10.0
3 silly config load:file:/opt/homebrew/lib/node_modules/npm/npmrc
4 silly config load:file:/Users/marcopagnanini/code/Progetti/frontend/mobile/App-Unto/.npmrc
5 silly config load:file:/Users/marcopagnanini/code/Progetti/frontend/mobile/App-Unto/~/.npmrc
6 silly config load:file:/opt/homebrew/etc/npmrc
7 verbose title npm install @expensify/react-native-live-markdown
8 verbose argv "install" "@expensify/react-native-live-markdown"
9 verbose logfile logs-max:10 dir:/Users/marcopagnanini/code/Progetti/frontend/mobile/App-Unto/~/.npm/_logs/2026-03-09T11_14_08_567Z-
10 verbose logfile /Users/marcopagnanini/code/Progetti/frontend/mobile/App-Unto/~/.npm/_logs/2026-03-09T11_14_08_567Z-debug-0.log
11 silly logfile done cleaning log files
12 silly packumentCache heap:2197815296 maxSize:549453824 maxEntrySize:274726912
13 silly idealTree buildDeps
14 silly fetch manifest @expensify/react-native-live-markdown@*
15 silly packumentCache full:https://registry.npmjs.org/@expensify%2freact-native-live-markdown cache-miss
16 verbose shrinkwrap failed to load node_modules/.package-lock.json missing from node_modules: node_modules/lightningcss-android-arm64
17 http fetch GET 200 https://registry.npmjs.org/@expensify%2freact-native-live-markdown 718ms (cache miss)
18 silly packumentCache full:https://registry.npmjs.org/@expensify%2freact-native-live-markdown set size:undefined disposed:false
19 silly fetch manifest expensify-common@>=2.0.148
20 silly packumentCache full:https://registry.npmjs.org/expensify-common cache-miss
21 http fetch GET 200 https://registry.npmjs.org/expensify-common 351ms (cache miss)
22 silly packumentCache full:https://registry.npmjs.org/expensify-common set size:undefined disposed:false
23 silly fetch manifest react@19.2.0
24 silly packumentCache full:https://registry.npmjs.org/react cache-miss
25 http fetch GET 200 https://registry.npmjs.org/react 107ms (cache revalidated)
26 silly packumentCache full:https://registry.npmjs.org/react set size:6535664 disposed:false
27 silly fetch manifest react-native@0.83.2
28 silly packumentCache full:https://registry.npmjs.org/react-native cache-miss
29 http fetch GET 200 https://registry.npmjs.org/react-native 1094ms (cache updated)
30 silly packumentCache full:https://registry.npmjs.org/react-native set size:undefined disposed:false
31 silly fetch manifest @types/react@~19.2.2
32 silly packumentCache full:https://registry.npmjs.org/@types%2freact cache-miss
33 http fetch GET 200 https://registry.npmjs.org/@types%2freact 90ms (cache revalidated)
34 silly packumentCache full:https://registry.npmjs.org/@types%2freact set size:2588986 disposed:false
35 silly fetch manifest react-native-worklets@0.7.2
36 silly packumentCache full:https://registry.npmjs.org/react-native-worklets cache-miss
37 http fetch GET 200 https://registry.npmjs.org/react-native-worklets 317ms (cache miss)
38 silly packumentCache full:https://registry.npmjs.org/react-native-worklets set size:undefined disposed:false
39 silly fetch manifest @babel/core@*
40 silly packumentCache full:https://registry.npmjs.org/@babel%2fcore cache-miss
41 http fetch GET 200 https://registry.npmjs.org/@babel%2fcore 123ms (cache miss)
42 silly packumentCache full:https://registry.npmjs.org/@babel%2fcore set size:undefined disposed:false
43 silly placeDep ROOT @expensify/react-native-live-markdown@0.1.324 OK for: app-unto@1.0.0 want: *
44 silly placeDep ROOT expensify-common@2.0.171 OK for: @expensify/react-native-live-markdown@0.1.324 want: >=2.0.148
45 silly fetch manifest awesome-phonenumber@^5.4.0
46 silly packumentCache full:https://registry.npmjs.org/awesome-phonenumber cache-miss
47 silly fetch manifest classnames@2.5.0
48 silly packumentCache full:https://registry.npmjs.org/classnames cache-miss
49 silly fetch manifest clipboard@2.0.11
50 silly packumentCache full:https://registry.npmjs.org/clipboard cache-miss
51 silly fetch manifest html-entities@^2.5.2
52 silly packumentCache full:https://registry.npmjs.org/html-entities cache-miss
53 silly fetch manifest jquery@3.6.0
54 silly packumentCache full:https://registry.npmjs.org/jquery cache-miss
55 silly fetch manifest localforage@^1.10.0
56 silly packumentCache full:https://registry.npmjs.org/localforage cache-miss
57 silly fetch manifest lodash@4.17.23
58 silly packumentCache full:https://registry.npmjs.org/lodash cache-miss
59 http fetch GET 200 https://registry.npmjs.org/awesome-phonenumber 86ms (cache miss)
60 silly packumentCache full:https://registry.npmjs.org/awesome-phonenumber set size:undefined disposed:false
61 silly fetch manifest punycode@^2.3.1
62 silly packumentCache full:https://registry.npmjs.org/punycode cache-miss
63 http fetch GET 200 https://registry.npmjs.org/punycode 57ms (cache miss)
64 silly packumentCache full:https://registry.npmjs.org/punycode set size:undefined disposed:false
65 silly fetch manifest react@16.12.0
66 silly packumentCache full:https://registry.npmjs.org/react cache-miss
67 http cache https://registry.npmjs.org/react 9ms (cache hit)
68 silly packumentCache full:https://registry.npmjs.org/react set size:6535664 disposed:false
69 silly fetch manifest react-dom@16.12.0
70 silly packumentCache full:https://registry.npmjs.org/react-dom cache-miss
71 http fetch GET 200 https://registry.npmjs.org/classnames 209ms (cache miss)
72 silly packumentCache full:https://registry.npmjs.org/classnames set size:undefined disposed:false
73 silly fetch manifest semver@^7.6.3
74 silly packumentCache full:https://registry.npmjs.org/semver cache-miss
75 http fetch GET 200 https://registry.npmjs.org/clipboard 213ms (cache miss)
76 silly packumentCache full:https://registry.npmjs.org/clipboard set size:undefined disposed:false
77 silly fetch manifest simply-deferred@git+https://github.com/Expensify/simply-deferred.git#77a08a95754660c7bd6e0b6979fdf84e8e831bf5
78 http fetch GET 200 https://registry.npmjs.org/html-entities 225ms (cache miss)
79 silly packumentCache full:https://registry.npmjs.org/html-entities set size:undefined disposed:false
80 silly fetch manifest ua-parser-js@^1.0.38
81 silly packumentCache full:https://registry.npmjs.org/ua-parser-js cache-miss
82 http fetch GET 200 https://registry.npmjs.org/localforage 226ms (cache miss)
83 silly packumentCache full:https://registry.npmjs.org/localforage set size:undefined disposed:false
84 http fetch GET 200 https://registry.npmjs.org/lodash 258ms (cache miss)
85 silly packumentCache full:https://registry.npmjs.org/lodash set size:undefined disposed:false
86 http fetch GET 200 https://registry.npmjs.org/semver 98ms (cache miss)
87 silly packumentCache full:https://registry.npmjs.org/semver set size:undefined disposed:false
88 http fetch GET 200 https://registry.npmjs.org/jquery 378ms (cache miss)
89 silly packumentCache full:https://registry.npmjs.org/jquery set size:undefined disposed:false
90 http fetch GET 200 https://registry.npmjs.org/ua-parser-js 195ms (cache miss)
91 silly packumentCache full:https://registry.npmjs.org/ua-parser-js set size:undefined disposed:false
92 http fetch GET 200 https://registry.npmjs.org/react-dom 356ms (cache miss)
93 silly packumentCache full:https://registry.npmjs.org/react-dom set size:undefined disposed:false
94 http fetch GET 200 https://codeload.github.com/Expensify/simply-deferred/tar.gz/77a08a95754660c7bd6e0b6979fdf84e8e831bf5 347ms (cache miss)
95 silly packumentCache heap:2197815296 maxSize:549453824 maxEntrySize:274726912
96 silly placeDep ROOT awesome-phonenumber@5.11.0 OK for: expensify-common@2.0.171 want: ^5.4.0
97 silly placeDep ROOT classnames@2.5.0 OK for: expensify-common@2.0.171 want: 2.5.0
98 silly placeDep ROOT clipboard@2.0.11 OK for: expensify-common@2.0.171 want: 2.0.11
99 silly placeDep ROOT html-entities@2.6.0 OK for: expensify-common@2.0.171 want: ^2.5.2
100 silly placeDep ROOT jquery@3.6.0 OK for: expensify-common@2.0.171 want: 3.6.0
101 silly placeDep ROOT localforage@1.10.0 OK for: expensify-common@2.0.171 want: ^1.10.0
102 silly placeDep ROOT lodash@4.17.23 OK for: expensify-common@2.0.171 want: 4.17.23
103 silly placeDep ROOT punycode@2.3.1 OK for: expensify-common@2.0.171 want: ^2.3.1
104 silly placeDep node_modules/expensify-common react@16.12.0 OK for: expensify-common@2.0.171 want: 16.12.0
105 silly placeDep node_modules/expensify-common react-dom@16.12.0 OK for: expensify-common@2.0.171 want: 16.12.0
106 silly placeDep node_modules/expensify-common semver@7.7.4 OK for: expensify-common@2.0.171 want: ^7.6.3
107 silly placeDep ROOT simply-deferred@3.0.0 OK for: expensify-common@2.0.171 want: git+https://github.com/Expensify/simply-deferred.git#77a08a95754660c7bd6e0b6979fdf84e8e831bf5
108 silly placeDep node_modules/expensify-common ua-parser-js@1.0.41 OK for: expensify-common@2.0.171 want: ^1.0.38
109 silly fetch manifest good-listener@^1.2.2
110 silly packumentCache full:https://registry.npmjs.org/good-listener cache-miss
111 silly fetch manifest select@^1.1.2
112 silly packumentCache full:https://registry.npmjs.org/select cache-miss
113 silly fetch manifest tiny-emitter@^2.0.0
114 silly packumentCache full:https://registry.npmjs.org/tiny-emitter cache-miss
115 silly fetch manifest lie@3.1.1
116 silly packumentCache full:https://registry.npmjs.org/lie cache-miss
117 silly fetch manifest scheduler@^0.18.0
118 silly packumentCache full:https://registry.npmjs.org/scheduler cache-miss
119 http fetch GET 200 https://registry.npmjs.org/select 203ms (cache miss)
120 silly packumentCache full:https://registry.npmjs.org/select set size:undefined disposed:false
121 http fetch GET 200 https://registry.npmjs.org/good-listener 213ms (cache miss)
122 silly packumentCache full:https://registry.npmjs.org/good-listener set size:undefined disposed:false
123 http fetch GET 200 https://registry.npmjs.org/lie 215ms (cache miss)
124 silly packumentCache full:https://registry.npmjs.org/lie set size:undefined disposed:false
125 http fetch GET 200 https://registry.npmjs.org/tiny-emitter 219ms (cache miss)
126 silly packumentCache full:https://registry.npmjs.org/tiny-emitter set size:undefined disposed:false
127 http fetch GET 200 https://registry.npmjs.org/scheduler 416ms (cache miss)
128 silly packumentCache full:https://registry.npmjs.org/scheduler set size:undefined disposed:false
129 silly placeDep ROOT good-listener@1.2.2 OK for: clipboard@2.0.11 want: ^1.2.2
130 silly placeDep ROOT select@1.1.2 OK for: clipboard@2.0.11 want: ^1.1.2
131 silly placeDep ROOT tiny-emitter@2.1.0 OK for: clipboard@2.0.11 want: ^2.0.0
132 silly fetch manifest delegate@^3.1.2
133 silly packumentCache full:https://registry.npmjs.org/delegate cache-miss
134 http fetch GET 200 https://registry.npmjs.org/delegate 75ms (cache miss)
135 silly packumentCache full:https://registry.npmjs.org/delegate set size:undefined disposed:false
136 silly placeDep ROOT delegate@3.2.0 OK for: good-listener@1.2.2 want: ^3.1.2
137 silly placeDep ROOT lie@3.1.1 OK for: localforage@1.10.0 want: 3.1.1
138 silly fetch manifest immediate@~3.0.5
139 silly packumentCache full:https://registry.npmjs.org/immediate cache-miss
140 http fetch GET 200 https://registry.npmjs.org/immediate 57ms (cache miss)
141 silly packumentCache full:https://registry.npmjs.org/immediate set size:undefined disposed:false
142 silly placeDep ROOT immediate@3.0.6 OK for: lie@3.1.1 want: ~3.0.5
143 silly placeDep node_modules/expensify-common scheduler@0.18.0 OK for: react-dom@16.12.0 want: ^0.18.0
144 silly reify moves {}
145 silly audit bulk request {
145 silly audit   '@babel/code-frame': [ '7.29.0' ],
145 silly audit   '@babel/compat-data': [ '7.29.0' ],
145 silly audit   '@babel/core': [ '7.29.0' ],
145 silly audit   '@babel/generator': [ '7.29.1' ],
145 silly audit   '@babel/helper-annotate-as-pure': [ '7.27.3' ],
145 silly audit   '@babel/helper-compilation-targets': [ '7.28.6' ],
145 silly audit   '@babel/helper-create-class-features-plugin': [ '7.28.6' ],
145 silly audit   '@babel/helper-create-regexp-features-plugin': [ '7.28.5' ],
145 silly audit   '@babel/helper-define-polyfill-provider': [ '0.6.7' ],
145 silly audit   '@babel/helper-globals': [ '7.28.0' ],
145 silly audit   '@babel/helper-member-expression-to-functions': [ '7.28.5' ],
145 silly audit   '@babel/helper-module-imports': [ '7.28.6' ],
145 silly audit   '@babel/helper-module-transforms': [ '7.28.6' ],
145 silly audit   '@babel/helper-optimise-call-expression': [ '7.27.1' ],
145 silly audit   '@babel/helper-plugin-utils': [ '7.28.6' ],
145 silly audit   '@babel/helper-remap-async-to-generator': [ '7.27.1' ],
145 silly audit   '@babel/helper-replace-supers': [ '7.28.6' ],
145 silly audit   '@babel/helper-skip-transparent-expression-wrappers': [ '7.27.1' ],
145 silly audit   '@babel/helper-string-parser': [ '7.27.1' ],
145 silly audit   '@babel/helper-validator-identifier': [ '7.28.5' ],
145 silly audit   '@babel/helper-validator-option': [ '7.27.1' ],
145 silly audit   '@babel/helper-wrap-function': [ '7.28.6' ],
145 silly audit   '@babel/helpers': [ '7.28.6' ],
145 silly audit   '@babel/parser': [ '7.29.0' ],
145 silly audit   '@babel/plugin-proposal-decorators': [ '7.29.0' ],
145 silly audit   '@babel/plugin-proposal-export-default-from': [ '7.27.1' ],
145 silly audit   '@babel/plugin-syntax-async-generators': [ '7.8.4' ],
145 silly audit   '@babel/plugin-syntax-bigint': [ '7.8.3' ],
145 silly audit   '@babel/plugin-syntax-class-properties': [ '7.12.13' ],
145 silly audit   '@babel/plugin-syntax-class-static-block': [ '7.14.5' ],
145 silly audit   '@babel/plugin-syntax-decorators': [ '7.28.6' ],
145 silly audit   '@babel/plugin-syntax-dynamic-import': [ '7.8.3' ],
145 silly audit   '@babel/plugin-syntax-export-default-from': [ '7.28.6' ],
145 silly audit   '@babel/plugin-syntax-flow': [ '7.28.6' ],
145 silly audit   '@babel/plugin-syntax-import-attributes': [ '7.28.6' ],
145 silly audit   '@babel/plugin-syntax-import-meta': [ '7.10.4' ],
145 silly audit   '@babel/plugin-syntax-json-strings': [ '7.8.3' ],
145 silly audit   '@babel/plugin-syntax-jsx': [ '7.28.6' ],
145 silly audit   '@babel/plugin-syntax-logical-assignment-operators': [ '7.10.4' ],
145 silly audit   '@babel/plugin-syntax-nullish-coalescing-operator': [ '7.8.3' ],
145 silly audit   '@babel/plugin-syntax-numeric-separator': [ '7.10.4' ],
145 silly audit   '@babel/plugin-syntax-object-rest-spread': [ '7.8.3' ],
145 silly audit   '@babel/plugin-syntax-optional-catch-binding': [ '7.8.3' ],
145 silly audit   '@babel/plugin-syntax-optional-chaining': [ '7.8.3' ],
145 silly audit   '@babel/plugin-syntax-private-property-in-object': [ '7.14.5' ],
145 silly audit   '@babel/plugin-syntax-top-level-await': [ '7.14.5' ],
145 silly audit   '@babel/plugin-syntax-typescript': [ '7.28.6' ],
145 silly audit   '@babel/plugin-transform-arrow-functions': [ '7.27.1' ],
145 silly audit   '@babel/plugin-transform-async-generator-functions': [ '7.29.0' ],
145 silly audit   '@babel/plugin-transform-async-to-generator': [ '7.28.6' ],
145 silly audit   '@babel/plugin-transform-block-scoping': [ '7.28.6' ],
145 silly audit   '@babel/plugin-transform-class-properties': [ '7.28.6', '7.27.1' ],
145 silly audit   '@babel/plugin-transform-class-static-block': [ '7.28.6' ],
145 silly audit   '@babel/plugin-transform-classes': [ '7.28.6', '7.28.4' ],
145 silly audit   '@babel/plugin-transform-computed-properties': [ '7.28.6' ],
145 silly audit   '@babel/plugin-transform-destructuring': [ '7.28.5' ],
145 silly audit   '@babel/plugin-transform-export-namespace-from': [ '7.27.1' ],
145 silly audit   '@babel/plugin-transform-flow-strip-types': [ '7.27.1' ],
145 silly audit   '@babel/plugin-transform-for-of': [ '7.27.1' ],
145 silly audit   '@babel/plugin-transform-function-name': [ '7.27.1' ],
145 silly audit   '@babel/plugin-transform-literals': [ '7.27.1' ],
145 silly audit   '@babel/plugin-transform-logical-assignment-operators': [ '7.28.6' ],
145 silly audit   '@babel/plugin-transform-modules-commonjs': [ '7.28.6' ],
145 silly audit   '@babel/plugin-transform-named-capturing-groups-regex': [ '7.29.0' ],
145 silly audit   '@babel/plugin-transform-nullish-coalescing-operator': [ '7.28.6', '7.27.1' ],
145 silly audit   '@babel/plugin-transform-numeric-separator': [ '7.28.6' ],
145 silly audit   '@babel/plugin-transform-object-rest-spread': [ '7.28.6' ],
145 silly audit   '@babel/plugin-transform-optional-catch-binding': [ '7.28.6' ],
145 silly audit   '@babel/plugin-transform-optional-chaining': [ '7.28.6', '7.27.1' ],
145 silly audit   '@babel/plugin-transform-parameters': [ '7.27.7' ],
145 silly audit   '@babel/plugin-transform-private-methods': [ '7.28.6' ],
145 silly audit   '@babel/plugin-transform-private-property-in-object': [ '7.28.6' ],
145 silly audit   '@babel/plugin-transform-react-display-name': [ '7.28.0' ],
145 silly audit   '@babel/plugin-transform-react-jsx': [ '7.28.6' ],
145 silly audit   '@babel/plugin-transform-react-jsx-development': [ '7.27.1' ],
145 silly audit   '@babel/plugin-transform-react-jsx-self': [ '7.27.1' ],
145 silly audit   '@babel/plugin-transform-react-jsx-source': [ '7.27.1' ],
145 silly audit   '@babel/plugin-transform-react-pure-annotations': [ '7.27.1' ],
145 silly audit   '@babel/plugin-transform-regenerator': [ '7.29.0' ],
145 silly audit   '@babel/plugin-transform-runtime': [ '7.29.0' ],
145 silly audit   '@babel/plugin-transform-shorthand-properties': [ '7.27.1' ],
145 silly audit   '@babel/plugin-transform-spread': [ '7.28.6' ],
145 silly audit   '@babel/plugin-transform-sticky-regex': [ '7.27.1' ],
145 silly audit   '@babel/plugin-transform-template-literals': [ '7.27.1' ],
145 silly audit   '@babel/plugin-transform-typescript': [ '7.28.6' ],
145 silly audit   '@babel/plugin-transform-unicode-regex': [ '7.27.1' ],
145 silly audit   '@babel/preset-react': [ '7.28.5' ],
145 silly audit   '@babel/preset-typescript': [ '7.28.5', '7.27.1' ],
145 silly audit   '@babel/runtime': [ '7.28.6' ],
145 silly audit   '@babel/template': [ '7.28.6' ],
145 silly audit   '@babel/traverse': [ '7.29.0' ],
145 silly audit   '@babel/types': [ '7.29.0' ],
145 silly audit   '@egjs/hammerjs': [ '2.0.17' ],
145 silly audit   '@expo-google-fonts/geist': [ '0.4.1' ],
145 silly audit   '@expo-google-fonts/geist-mono': [ '0.4.1' ],
145 silly audit   '@expo-google-fonts/instrument-serif': [ '0.4.1' ],
145 silly audit   '@expo-google-fonts/material-symbols': [ '0.4.25' ],
145 silly audit   '@expo/code-signing-certificates': [ '0.0.6' ],
145 silly audit   '@expo/config': [ '55.0.8' ],
145 silly audit   '@expo/config-plugins': [ '55.0.6' ],
145 silly audit   semver: [ '7.7.4', '7.6.3', '7.7.3', '6.3.1' ],
145 silly audit   '@expo/config-types': [ '55.0.5' ],
145 silly audit   '@expo/devcert': [ '1.2.1' ],
145 silly audit   debug: [ '3.2.7', '2.6.9', '4.4.3' ],
145 silly audit   '@expo/devtools': [ '55.0.2' ],
145 silly audit   '@expo/dom-webview': [ '55.0.3' ],
145 silly audit   '@expo/env': [ '2.1.1' ],
145 silly audit   '@expo/fingerprint': [ '0.16.5' ],
145 silly audit   '@expo/image-utils': [ '0.8.12' ],
145 silly audit   '@expo/json-file': [ '10.0.12' ],
145 silly audit   '@expo/local-build-cache-provider': [ '55.0.6' ],
145 silly audit   '@expo/log-box': [ '55.0.7' ],
145 silly audit   '@expo/metro': [ '54.2.0' ],
145 silly audit   '@expo/metro-config': [ '55.0.9' ],
145 silly audit   '@expo/metro-runtime': [ '55.0.6' ],
145 silly audit   '@expo/osascript': [ '2.4.2' ],
145 silly audit   '@expo/package-manager': [ '1.10.3' ],
145 silly audit   '@expo/plist': [ '0.5.2' ],
145 silly audit   '@expo/prebuild-config': [ '55.0.8' ],
145 silly audit   '@expo/require-utils': [ '55.0.2' ],
145 silly audit   '@expo/schema-utils': [ '55.0.2' ],
145 silly audit   '@expo/sdk-runtime-versions': [ '1.0.0' ],
145 silly audit   '@expo/spawn-async': [ '1.7.2' ],
145 silly audit   '@expo/sudo-prompt': [ '9.3.2' ],
145 silly audit   '@expo/vector-icons': [ '15.1.1' ],
145 silly audit   '@expo/ws-tunnel': [ '1.0.6' ],
145 silly audit   '@expo/xcpretty': [ '4.4.1' ],
145 silly audit   argparse: [ '2.0.1', '1.0.10' ],
145 silly audit   'js-yaml': [ '4.1.1', '3.14.2' ],
145 silly audit   '@isaacs/ttlcache': [ '1.4.1' ],
145 silly audit   '@istanbuljs/load-nyc-config': [ '1.1.0' ],
145 silly audit   camelcase: [ '5.3.1', '6.3.0' ],
145 silly audit   '@istanbuljs/schema': [ '0.1.3' ],
145 silly audit   '@jest/create-cache-key-function': [ '29.7.0' ],
145 silly audit   '@jest/environment': [ '29.7.0' ],
145 silly audit   '@jest/fake-timers': [ '29.7.0' ],
145 silly audit   '@jest/schemas': [ '29.6.3' ],
145 silly audit   '@jest/transform': [ '29.7.0' ],
145 silly audit   '@jest/types': [ '29.6.3' ],
145 silly audit   '@jridgewell/gen-mapping': [ '0.3.13' ],
145 silly audit   '@jridgewell/remapping': [ '2.3.5' ],
145 silly audit   '@jridgewell/resolve-uri': [ '3.1.2' ],
145 silly audit   '@jridgewell/source-map': [ '0.3.11' ],
145 silly audit   '@jridgewell/sourcemap-codec': [ '1.5.5' ],
145 silly audit   '@jridgewell/trace-mapping': [ '0.3.31' ],
145 silly audit   '@radix-ui/primitive': [ '1.1.3' ],
145 silly audit   '@radix-ui/react-collection': [ '1.1.7' ],
145 silly audit   '@radix-ui/react-slot': [ '1.2.3', '1.2.4' ],
145 silly audit   '@radix-ui/react-compose-refs': [ '1.1.2' ],
145 silly audit   '@radix-ui/react-context': [ '1.1.2' ],
145 silly audit   '@radix-ui/react-dialog': [ '1.1.15' ],
145 silly audit   '@radix-ui/react-direction': [ '1.1.1' ],
145 silly audit   '@radix-ui/react-dismissable-layer': [ '1.1.11' ],
145 silly audit   '@radix-ui/react-focus-guards': [ '1.1.3' ],
145 silly audit   '@radix-ui/react-focus-scope': [ '1.1.7' ],
145 silly audit   '@radix-ui/react-id': [ '1.1.1' ],
145 silly audit   '@radix-ui/react-portal': [ '1.1.9' ],
145 silly audit   '@radix-ui/react-presence': [ '1.1.5' ],
145 silly audit   '@radix-ui/react-primitive': [ '2.1.3' ],
145 silly audit   '@radix-ui/react-roving-focus': [ '1.1.11' ],
145 silly audit   '@radix-ui/react-tabs': [ '1.1.13' ],
145 silly audit   '@radix-ui/react-use-callback-ref': [ '1.1.1' ],
145 silly audit   '@radix-ui/react-use-controllable-state': [ '1.2.2' ],
145 silly audit   '@radix-ui/react-use-effect-event': [ '0.0.2' ],
145 silly audit   '@radix-ui/react-use-escape-keydown': [ '1.1.1' ],
145 silly audit   '@radix-ui/react-use-layout-effect': [ '1.1.1' ],
145 silly audit   '@react-native/assets-registry': [ '0.83.2' ],
145 silly audit   '@react-native/babel-plugin-codegen': [ '0.83.2' ],
145 silly audit   '@react-native/babel-preset': [ '0.83.2' ],
145 silly audit   'babel-plugin-syntax-hermes-parser': [ '0.32.0', '0.32.1' ],
145 silly audit   'hermes-estree': [ '0.32.0', '0.32.1' ],
145 silly audit   'hermes-parser': [ '0.32.0', '0.32.1' ],
145 silly audit   '@react-native/codegen': [ '0.83.2' ],
145 silly audit   'balanced-match': [ '1.0.2', '4.0.4' ],
145 silly audit   'brace-expansion': [ '1.1.12', '5.0.4' ],
145 silly audit   glob: [ '7.2.3', '13.0.6' ],
145 silly audit   minimatch: [ '3.1.5', '10.2.4' ],
145 silly audit   '@react-native/community-cli-plugin': [ '0.83.2' ],
145 silly audit   '@react-native/debugger-frontend': [ '0.83.2' ],
145 silly audit   '@react-native/debugger-shell': [ '0.83.2' ],
145 silly audit   '@react-native/dev-middleware': [ '0.83.2' ],
145 silly audit   '@react-native/gradle-plugin': [ '0.83.2' ],
145 silly audit   '@react-native/js-polyfills': [ '0.83.2' ],
145 silly audit   '@react-native/normalize-colors': [ '0.83.2', '0.74.89' ],
145 silly audit   '@react-native/virtualized-lists': [ '0.83.2' ],
145 silly audit   '@react-navigation/bottom-tabs': [ '7.15.5' ],
145 silly audit   '@react-navigation/core': [ '7.16.1' ],
145 silly audit   '@react-navigation/elements': [ '2.9.10' ],
145 silly audit   '@react-navigation/native': [ '7.1.33' ],
145 silly audit   '@react-navigation/native-stack': [ '7.14.4' ],
145 silly audit   '@react-navigation/routers': [ '7.5.3' ],
145 silly audit   '@sinclair/typebox': [ '0.27.10' ],
145 silly audit   '@sinonjs/commons': [ '3.0.1' ],
145 silly audit   '@sinonjs/fake-timers': [ '10.3.0' ],
145 silly audit   '@types/babel__core': [ '7.20.5' ],
145 silly audit   '@types/babel__generator': [ '7.27.0' ],
145 silly audit   '@types/babel__template': [ '7.4.4' ],
145 silly audit   '@types/babel__traverse': [ '7.28.0' ],
145 silly audit   '@types/graceful-fs': [ '4.1.9' ],
145 silly audit   '@types/hammerjs': [ '2.0.46' ],
145 silly audit   '@types/istanbul-lib-coverage': [ '2.0.6' ],
145 silly audit   '@types/istanbul-lib-report': [ '3.0.3' ],
145 silly audit   '@types/istanbul-reports': [ '3.0.4' ],
145 silly audit   '@types/node': [ '25.3.5' ],
145 silly audit   '@types/react': [ '19.2.14' ],
145 silly audit   '@types/stack-utils': [ '2.0.3' ],
145 silly audit   '@types/yargs': [ '17.0.35' ],
145 silly audit   '@types/yargs-parser': [ '21.0.3' ],
145 silly audit   '@ungap/structured-clone': [ '1.3.0' ],
145 silly audit   '@xmldom/xmldom': [ '0.8.11' ],
145 silly audit   'abort-controller': [ '3.0.0' ],
145 silly audit   accepts: [ '1.3.8' ],
145 silly audit   acorn: [ '8.16.0' ],
145 silly audit   'agent-base': [ '7.1.4' ],
145 silly audit   anser: [ '1.4.10' ],
145 silly audit   'ansi-escapes': [ '4.3.2' ],
145 silly audit   'type-fest': [ '0.21.3', '0.7.1' ],
145 silly audit   'ansi-regex': [ '5.0.1', '4.1.1' ],
145 silly audit   'ansi-styles': [ '4.3.0', '3.2.1', '5.2.0' ],
145 silly audit   anymatch: [ '3.1.3' ],
145 silly audit   picomatch: [ '2.3.1', '4.0.3' ],
145 silly audit   arg: [ '5.0.2' ],
145 silly audit   'aria-hidden': [ '1.2.6' ],
145 silly audit   asap: [ '2.0.6' ],
145 silly audit   asynckit: [ '0.4.0' ],
145 silly audit   axios: [ '1.13.6' ],
145 silly audit   'babel-jest': [ '29.7.0' ],
145 silly audit   'babel-plugin-istanbul': [ '6.1.1' ],
145 silly audit   'babel-plugin-jest-hoist': [ '29.6.3' ],
145 silly audit   'babel-plugin-polyfill-corejs2': [ '0.4.16' ],
145 silly audit   'babel-plugin-polyfill-corejs3': [ '0.13.0' ],
145 silly audit   'babel-plugin-polyfill-regenerator': [ '0.6.7' ],
145 silly audit   'babel-plugin-react-compiler': [ '1.0.0' ],
145 silly audit   'babel-plugin-react-native-web': [ '0.21.2' ],
145 silly audit   'babel-plugin-transform-flow-enums': [ '0.0.2' ],
145 silly audit   'babel-preset-current-node-syntax': [ '1.2.0' ],
145 silly audit   'babel-preset-expo': [ '55.0.10' ],
145 silly audit   'babel-preset-jest': [ '29.6.3' ],
145 silly audit   'base64-js': [ '1.5.1' ],
145 silly audit   'baseline-browser-mapping': [ '2.10.0' ],
145 silly audit   'better-opn': [ '3.0.2' ],
145 silly audit   open: [ '8.4.2', '7.4.2' ],
145 silly audit   'big-integer': [ '1.6.52' ],
145 silly audit   'bplist-creator': [ '0.1.0' ],
145 silly audit   'bplist-parser': [ '0.3.1' ],
145 silly audit   braces: [ '3.0.3' ],
145 silly audit   browserslist: [ '4.28.1' ],
145 silly audit   bser: [ '2.1.1' ],
145 silly audit   'buffer-from': [ '1.1.2' ],
145 silly audit   bytes: [ '3.1.2' ],
145 silly audit   'call-bind-apply-helpers': [ '1.0.2' ],
145 silly audit   camelize: [ '1.0.1' ],
145 silly audit   'caniuse-lite': [ '1.0.30001777' ],
145 silly audit   chalk: [ '4.1.2', '2.4.2' ],
145 silly audit   'chrome-launcher': [ '0.15.2' ],
145 silly audit   'chromium-edge-launcher': [ '0.2.0' ],
145 silly audit   'ci-info': [ '2.0.0', '3.9.0' ],
145 silly audit   'cli-cursor': [ '2.1.0' ],
145 silly audit   'cli-spinners': [ '2.9.2' ],
145 silly audit   'client-only': [ '0.0.1' ],
145 silly audit   cliui: [ '8.0.1' ],
145 silly audit   clone: [ '1.0.4' ],
145 silly audit   color: [ '4.2.3' ],
145 silly audit   'color-convert': [ '2.0.1', '1.9.3' ],
145 silly audit   'color-name': [ '1.1.4', '1.1.3' ],
145 silly audit   'color-string': [ '1.9.1' ],
145 silly audit   'combined-stream': [ '1.0.8' ],
145 silly audit   commander: [ '7.2.0', '12.1.0', '2.20.3' ],
145 silly audit   compressible: [ '2.0.18' ],
145 silly audit   compression: [ '1.8.1' ],
145 silly audit   ms: [ '2.0.0', '2.1.3' ],
145 silly audit   negotiator: [ '0.6.4', '0.6.3' ],
145 silly audit   'concat-map': [ '0.0.1' ],
145 silly audit   connect: [ '3.7.0' ],
145 silly audit   'convert-source-map': [ '2.0.0' ],
145 silly audit   'core-js-compat': [ '3.48.0' ],
145 silly audit   'cross-fetch': [ '3.2.0' ],
145 silly audit   'cross-spawn': [ '7.0.6' ],
145 silly audit   'css-color-keywords': [ '1.0.0' ],
145 silly audit   'css-in-js-utils': [ '3.1.0' ],
145 silly audit   'css-to-react-native': [ '3.2.0' ],
145 silly audit   csstype: [ '3.2.3' ],
145 silly audit   'decode-uri-component': [ '0.2.2' ],
145 silly audit   deepmerge: [ '4.3.1' ],
145 silly audit   defaults: [ '1.0.4' ],
145 silly audit   'define-lazy-prop': [ '2.0.0' ],
145 silly audit   'delayed-stream': [ '1.0.0' ],
145 silly audit   depd: [ '2.0.0' ],
145 silly audit   destroy: [ '1.2.0' ],
145 silly audit   'detect-libc': [ '2.1.2' ],
145 silly audit   'detect-node-es': [ '1.1.0' ],
145 silly audit   'dnssd-advertise': [ '1.1.3' ],
145 silly audit   'dunder-proto': [ '1.0.1' ],
145 silly audit   'ee-first': [ '1.1.1' ],
145 silly audit   'electron-to-chromium': [ '1.5.307' ],
145 silly audit   'emoji-regex': [ '8.0.0' ],
145 silly audit   encodeurl: [ '1.0.2', '2.0.0' ],
145 silly audit   entities: [ '2.0.3' ],
145 silly audit   'error-stack-parser': [ '2.1.4' ],
145 silly audit   'es-define-property': [ '1.0.1' ],
145 silly audit   'es-errors': [ '1.3.0' ],
145 silly audit   'es-object-atoms': [ '1.1.1' ],
145 silly audit   'es-set-tostringtag': [ '2.1.0' ],
145 silly audit   escalade: [ '3.2.0' ],
145 silly audit   'escape-html': [ '1.0.3' ],
145 silly audit   'escape-string-regexp': [ '4.0.0', '1.0.5', '2.0.0' ],
145 silly audit   esprima: [ '4.0.1' ],
145 silly audit   etag: [ '1.8.1' ],
145 silly audit   'event-target-shim': [ '5.0.1' ],
145 silly audit   expo: [ '55.0.5' ],
145 silly audit   'expo-asset': [ '55.0.8' ],
145 silly audit   'expo-constants': [ '55.0.7' ],
145 silly audit   'expo-device': [ '55.0.9' ],
145 silly audit   'expo-file-system': [ '55.0.10' ],
145 silly audit   'expo-font': [ '55.0.4' ],
145 silly audit   'expo-glass-effect': [ '55.0.7' ],
145 silly audit   'expo-image': [ '55.0.6' ],
145 silly audit   'expo-keep-awake': [ '55.0.4' ],
145 silly audit   'expo-linking': [ '55.0.7' ],
145 silly audit   'expo-modules-autolinking': [ '55.0.8' ],
145 silly audit   'expo-modules-core': [ '55.0.14' ],
145 silly audit   'expo-router': [ '55.0.4' ],
145 silly audit   'expo-secure-store': [ '55.0.8' ],
145 silly audit   'expo-server': [ '55.0.6' ],
145 silly audit   'expo-splash-screen': [ '55.0.10' ],
145 silly audit   'expo-status-bar': [ '55.0.4' ],
145 silly audit   'expo-symbols': [ '55.0.5' ],
145 silly audit   'expo-system-ui': [ '55.0.9' ],
145 silly audit   'expo-web-browser': [ '55.0.9' ],
145 silly audit   '@expo/cli': [ '55.0.15' ],
145 silly audit   '@expo/router-server': [ '55.0.9' ],
145 silly audit   ws: [ '8.19.0', '7.5.10' ],
145 silly audit   'exponential-backoff': [ '3.1.3' ],
145 silly audit   'fast-deep-equal': [ '3.1.3' ],
145 silly audit   'fast-json-stable-stringify': [ '2.1.0' ],
145 silly audit   'fb-dotslash': [ '0.5.8' ],
145 silly audit   'fb-watchman': [ '2.0.2' ],
145 silly audit   fbjs: [ '3.0.5' ],
145 silly audit   'fbjs-css-vars': [ '1.0.2' ],
145 silly audit   promise: [ '7.3.1', '8.3.0' ],
145 silly audit   'ua-parser-js': [ '1.0.41', '0.7.41' ],
145 silly audit   'fetch-nodeshim': [ '0.4.9' ],
145 silly audit   'fill-range': [ '7.1.1' ],
145 silly audit   'filter-obj': [ '1.1.0' ],
145 silly audit   finalhandler: [ '1.1.2' ],
145 silly audit   'find-up': [ '4.1.0' ],
145 silly audit   'flow-enums-runtime': [ '0.0.6' ],
145 silly audit   'follow-redirects': [ '1.15.11' ],
145 silly audit   fontfaceobserver: [ '2.3.0' ],
145 silly audit   'form-data': [ '4.0.5' ],
145 silly audit   fresh: [ '0.5.2' ],
145 silly audit   'fs.realpath': [ '1.0.0' ],
145 silly audit   fsevents: [ '2.3.3' ],
145 silly audit   'function-bind': [ '1.1.2' ],
145 silly audit   gensync: [ '1.0.0-beta.2' ],
145 silly audit   'get-caller-file': [ '2.0.5' ],
145 silly audit   'get-intrinsic': [ '1.3.0' ],
145 silly audit   'get-nonce': [ '1.0.1' ],
145 silly audit   'get-package-type': [ '0.1.0' ],
145 silly audit   'get-proto': [ '1.0.1' ],
145 silly audit   getenv: [ '2.0.0' ],
145 silly audit   gopd: [ '1.2.0' ],
145 silly audit   'graceful-fs': [ '4.2.11' ],
145 silly audit   'has-flag': [ '4.0.0', '3.0.0' ],
145 silly audit   'has-symbols': [ '1.1.0' ],
145 silly audit   'has-tostringtag': [ '1.0.2' ],
145 silly audit   hasown: [ '2.0.2' ],
145 silly audit   'hermes-compiler': [ '0.14.1' ],
145 silly audit   'hoist-non-react-statics': [ '3.3.2' ],
145 silly audit   'react-is': [ '16.13.1', '18.3.1', '19.2.4' ],
145 silly audit   'hosted-git-info': [ '7.0.2' ],
145 silly audit   'lru-cache': [ '10.4.3', '5.1.1', '11.2.6' ],
145 silly audit   'http-errors': [ '2.0.1' ],
145 silly audit   statuses: [ '2.0.2', '1.5.0' ],
145 silly audit   'https-proxy-agent': [ '7.0.6' ],
145 silly audit   'hyphenate-style-name': [ '1.1.0' ],
145 silly audit   ignore: [ '5.3.2' ],
145 silly audit   'image-size': [ '1.2.1' ],
145 silly audit   imurmurhash: [ '0.1.4' ],
145 silly audit   inflight: [ '1.0.6' ],
145 silly audit   inherits: [ '2.0.4' ],
145 silly audit   'inline-style-prefixer': [ '7.0.1' ],
145 silly audit   invariant: [ '2.2.4' ],
145 silly audit   'is-arrayish': [ '0.3.4' ],
145 silly audit   'is-core-module': [ '2.16.1' ],
145 silly audit   'is-docker': [ '2.2.1' ],
145 silly audit   'is-fullwidth-code-point': [ '3.0.0' ],
145 silly audit   'is-number': [ '7.0.0' ],
145 silly audit   'is-wsl': [ '2.2.0' ],
145 silly audit   isexe: [ '2.0.0' ],
145 silly audit   'istanbul-lib-coverage': [ '3.2.2' ],
145 silly audit   'istanbul-lib-instrument': [ '5.2.1' ],
145 silly audit   'jest-environment-node': [ '29.7.0' ],
145 silly audit   'jest-get-type': [ '29.6.3' ],
145 silly audit   'jest-haste-map': [ '29.7.0' ],
145 silly audit   'jest-message-util': [ '29.7.0' ],
145 silly audit   'jest-mock': [ '29.7.0' ],
145 silly audit   'jest-regex-util': [ '29.6.3' ],
145 silly audit   'jest-util': [ '29.7.0' ],
145 silly audit   'jest-validate': [ '29.7.0' ],
145 silly audit   'jest-worker': [ '29.7.0' ],
145 silly audit   'supports-color': [ '8.1.1', '5.5.0', '7.2.0' ],
145 silly audit   'jimp-compact': [ '0.16.1' ],
145 silly audit   'js-tokens': [ '4.0.0' ],
145 silly audit   'jsc-safe-url': [ '0.2.4' ],
145 silly audit   jsesc: [ '3.1.0' ],
145 silly audit   json5: [ '2.2.3' ],
145 silly audit   kleur: [ '3.0.3' ],
145 silly audit   'lan-network': [ '0.2.0' ],
145 silly audit   leven: [ '3.1.0' ],
145 silly audit   'lighthouse-logger': [ '1.4.2' ],
145 silly audit   lightningcss: [ '1.31.1' ],
145 silly audit   'lightningcss-android-arm64': [ '1.31.1' ],
145 silly audit   'lightningcss-darwin-arm64': [ '1.31.1' ],
145 silly audit   'lightningcss-darwin-x64': [ '1.31.1' ],
145 silly audit   'lightningcss-freebsd-x64': [ '1.31.1' ],
145 silly audit   'lightningcss-linux-arm-gnueabihf': [ '1.31.1' ],
145 silly audit   'lightningcss-linux-arm64-gnu': [ '1.31.1' ],
145 silly audit   'lightningcss-linux-arm64-musl': [ '1.31.1' ],
145 silly audit   'lightningcss-linux-x64-gnu': [ '1.31.1' ],
145 silly audit   'lightningcss-linux-x64-musl': [ '1.31.1' ],
145 silly audit   'lightningcss-win32-arm64-msvc': [ '1.31.1' ],
145 silly audit   'lightningcss-win32-x64-msvc': [ '1.31.1' ],
145 silly audit   'linkify-it': [ '2.2.0' ],
145 silly audit   'locate-path': [ '5.0.0' ],
145 silly audit   'lodash.debounce': [ '4.0.8' ],
145 silly audit   'lodash.throttle': [ '4.1.1' ],
145 silly audit   'log-symbols': [ '2.2.0' ],
145 silly audit   'loose-envify': [ '1.4.0' ],
145 silly audit   makeerror: [ '1.0.12' ],
145 silly audit   'markdown-it': [ '10.0.0' ],
145 silly audit   marky: [ '1.3.0' ],
145 silly audit   'math-intrinsics': [ '1.1.0' ],
145 silly audit   mdurl: [ '1.0.1' ],
145 silly audit   'memoize-one': [ '5.2.1', '6.0.0' ],
145 silly audit   'merge-stream': [ '2.0.0' ],
145 silly audit   metro: [ '0.83.3' ],
145 silly audit   'metro-babel-transformer': [ '0.83.3' ],
145 silly audit   'metro-cache': [ '0.83.3' ],
145 silly audit   'metro-cache-key': [ '0.83.3' ],
145 silly audit   'metro-config': [ '0.83.3' ],
145 silly audit   'metro-core': [ '0.83.3' ],
145 silly audit   'metro-file-map': [ '0.83.3' ],
145 silly audit   'metro-minify-terser': [ '0.83.3' ],
145 silly audit   'metro-resolver': [ '0.83.3' ],
145 silly audit   'metro-runtime': [ '0.83.3' ],
145 silly audit   'metro-source-map': [ '0.83.3' ],
145 silly audit   'metro-symbolicate': [ '0.83.3' ],
145 silly audit   'metro-transform-plugins': [ '0.83.3' ],
145 silly audit   'metro-transform-worker': [ '0.83.3' ],
145 silly audit   micromatch: [ '4.0.8' ],
145 silly audit   mime: [ '1.6.0' ],
145 silly audit   'mime-db': [ '1.52.0' ],
145 silly audit   'mime-types': [ '2.1.35' ],
145 silly audit   'mimic-fn': [ '1.2.0' ],
145 silly audit   minipass: [ '7.1.3' ],
145 silly audit   mkdirp: [ '1.0.4' ],
145 silly audit   multitars: [ '0.2.4' ],
145 silly audit   nanoid: [ '3.3.11' ],
145 silly audit   'node-fetch': [ '2.7.0' ],
145 silly audit   'node-forge': [ '1.3.3' ],
145 silly audit   'node-int64': [ '0.4.0' ],
145 silly audit   'node-releases': [ '2.0.36' ],
145 silly audit   'normalize-path': [ '3.0.0' ],
145 silly audit   'npm-package-arg': [ '11.0.3' ],
145 silly audit   nullthrows: [ '1.1.1' ],
145 silly audit   ob1: [ '0.83.3' ],
145 silly audit   'object-assign': [ '4.1.1' ],
145 silly audit   'on-finished': [ '2.3.0', '2.4.1' ],
145 silly audit   'on-headers': [ '1.1.0' ],
145 silly audit   once: [ '1.4.0' ],
145 silly audit   onetime: [ '2.0.1' ],
145 silly audit   ora: [ '3.4.0' ],
145 silly audit   'strip-ansi': [ '5.2.0', '6.0.1' ],
145 silly audit   'p-limit': [ '2.3.0' ],
145 silly audit   'p-locate': [ '4.1.0' ],
145 silly audit   'p-try': [ '2.2.0' ],
145 silly audit   'parse-png': [ '2.1.0' ],
145 silly audit   parseurl: [ '1.3.3' ],
145 silly audit   'path-exists': [ '4.0.0' ],
145 silly audit   'path-is-absolute': [ '1.0.1' ],
145 silly audit   'path-key': [ '3.1.1' ],
145 silly audit   'path-parse': [ '1.0.7' ],
145 silly audit   'path-scurry': [ '2.0.2' ],
145 silly audit   picocolors: [ '1.1.1' ],
145 silly audit   pirates: [ '4.0.7' ],
145 silly audit   plist: [ '3.1.0' ],
145 silly audit   pngjs: [ '3.4.0' ],
145 silly audit   postcss: [ '8.4.49' ],
145 silly audit   'postcss-value-parser': [ '4.2.0' ],
145 silly audit   'pretty-format': [ '29.7.0' ],
145 silly audit   'proc-log': [ '4.2.0' ],
145 silly audit   progress: [ '2.0.3' ],
145 silly audit   prompts: [ '2.4.2' ],
145 silly audit   'prop-types': [ '15.8.1' ],
145 silly audit   'proxy-from-env': [ '1.1.0' ],
145 silly audit   'query-string': [ '7.1.3' ],
145 silly audit   queue: [ '6.0.2' ],
145 silly audit   'range-parser': [ '1.2.1' ],
145 silly audit   react: [ '19.2.0', '16.12.0' ],
145 silly audit   'react-devtools-core': [ '6.1.5' ],
145 silly audit   'react-dom': [ '19.2.0', '16.12.0' ],
145 silly audit   'react-fast-compare': [ '3.2.2' ],
145 silly audit   'react-freeze': [ '1.0.4' ],
145 silly audit   'react-native': [ '0.83.2' ],
145 silly audit   'react-native-fit-image': [ '1.5.5' ],
145 silly audit   'react-native-gesture-handler': [ '2.30.0' ],
145 silly audit   'react-native-is-edge-to-edge': [ '1.3.1', '1.2.1' ],
145 silly audit   'react-native-markdown-display': [ '7.0.2' ],
145 silly audit   'react-native-reanimated': [ '4.2.1' ],
145 silly audit   'react-native-safe-area-context': [ '5.6.2' ],
145 silly audit   'react-native-screens': [ '4.23.0' ],
145 silly audit   'react-native-web': [ '0.21.2' ],
145 silly audit   'react-native-worklets': [ '0.7.2' ],
145 silly audit   'react-refresh': [ '0.14.2' ],
145 silly audit   'react-remove-scroll': [ '2.7.2' ],
145 silly audit   'react-remove-scroll-bar': [ '2.3.8' ],
145 silly audit   'react-style-singleton': [ '2.2.3' ],
145 silly audit   regenerate: [ '1.4.2' ],
145 silly audit   'regenerate-unicode-properties': [ '10.2.2' ],
145 silly audit   'regenerator-runtime': [ '0.13.11' ],
145 silly audit   'regexpu-core': [ '6.4.0' ],
145 silly audit   regjsgen: [ '0.8.0' ],
145 silly audit   regjsparser: [ '0.13.0' ],
145 silly audit   'require-directory': [ '2.1.1' ],
145 silly audit   resolve: [ '1.22.11' ],
145 silly audit   'resolve-from': [ '5.0.0' ],
145 silly audit   'resolve-workspace-root': [ '2.0.1' ],
145 silly audit   'restore-cursor': [ '2.0.0' ],
145 silly audit   rimraf: [ '3.0.2' ],
145 silly audit   'safe-buffer': [ '5.2.1' ],
145 silly audit   sax: [ '1.5.0' ],
145 silly audit   scheduler: [ '0.27.0', '0.18.0' ],
145 silly audit   send: [ '0.19.2' ],
145 silly audit   'serialize-error': [ '2.1.0' ],
145 silly audit   'serve-static': [ '1.16.3' ],
145 silly audit   'server-only': [ '0.0.1' ],
145 silly audit   setimmediate: [ '1.0.5' ],
145 silly audit   setprototypeof: [ '1.2.0' ],
145 silly audit   'sf-symbols-typescript': [ '2.2.0' ],
145 silly audit   shallowequal: [ '1.1.0' ],
145 silly audit   'shebang-command': [ '2.0.0' ],
145 silly audit   'shebang-regex': [ '3.0.0' ],
145 silly audit   'shell-quote': [ '1.8.3' ],
145 silly audit   'signal-exit': [ '3.0.7' ],
145 silly audit   'simple-plist': [ '1.3.1' ],
145 silly audit   'simple-swizzle': [ '0.2.4' ],
145 silly audit   sisteransi: [ '1.0.5' ],
145 silly audit   slash: [ '3.0.0' ],
145 silly audit   slugify: [ '1.6.6' ],
145 silly audit   'source-map': [ '0.5.7', '0.6.1' ],
145 silly audit   'source-map-js': [ '1.2.1' ],
145 silly audit   'source-map-support': [ '0.5.21' ],
145 silly audit   'split-on-first': [ '1.1.0' ],
145 silly audit   'sprintf-js': [ '1.0.3' ],
145 silly audit   'stack-utils': [ '2.0.6' ],
145 silly audit   stackframe: [ '1.3.4' ],
145 silly audit   'stacktrace-parser': [ '0.1.11' ],
145 silly audit   'stream-buffers': [ '2.2.0' ],
145 silly audit   'strict-uri-encode': [ '2.0.0' ],
145 silly audit   'string-width': [ '4.2.3' ],
145 silly audit   'structured-headers': [ '0.4.1' ],
145 silly audit   styleq: [ '0.1.3' ],
145 silly audit   'supports-hyperlinks': [ '2.3.0' ],
145 silly audit   'supports-preserve-symlinks-flag': [ '1.0.0' ],
145 silly audit   'terminal-link': [ '2.1.1' ],
145 silly audit   terser: [ '5.46.0' ],
145 silly audit   'test-exclude': [ '6.0.0' ],
145 silly audit   throat: [ '5.0.0' ],
145 silly audit   tmpl: [ '1.0.5' ],
145 silly audit   'to-regex-range': [ '5.0.1' ],
145 silly audit   toidentifier: [ '1.0.1' ],
145 silly audit   toqr: [ '0.1.1' ],
145 silly audit   tr46: [ '0.0.3' ],
145 silly audit   tslib: [ '2.8.1' ],
145 silly audit   'type-detect': [ '4.0.8' ],
145 silly audit   typescript: [ '5.9.3' ],
145 silly audit   'uc.micro': [ '1.0.6' ],
145 silly audit   'undici-types': [ '7.18.2' ],
145 silly audit   'unicode-canonical-property-names-ecmascript': [ '2.0.1' ],
145 silly audit   'unicode-match-property-ecmascript': [ '2.0.0' ],
145 silly audit   'unicode-match-property-value-ecmascript': [ '2.2.1' ],
145 silly audit   'unicode-property-aliases-ecmascript': [ '2.2.0' ],
145 silly audit   unpipe: [ '1.0.0' ],
145 silly audit   'update-browserslist-db': [ '1.2.3' ],
145 silly audit   'use-callback-ref': [ '1.3.3' ],
145 silly audit   'use-latest-callback': [ '0.2.6' ],
145 silly audit   'use-sidecar': [ '1.1.3' ],
145 silly audit   'use-sync-external-store': [ '1.6.0' ],
145 silly audit   'utils-merge': [ '1.0.1' ],
145 silly audit   uuid: [ '7.0.3' ],
145 silly audit   'validate-npm-package-name': [ '5.0.1' ],
145 silly audit   vary: [ '1.1.2' ],
145 silly audit   vaul: [ '1.1.2' ],
145 silly audit   vlq: [ '1.0.1' ],
145 silly audit   walker: [ '1.0.8' ],
145 silly audit   'warn-once': [ '0.1.1' ],
145 silly audit   wcwidth: [ '1.0.1' ],
145 silly audit   'webidl-conversions': [ '3.0.1' ],
145 silly audit   'whatwg-fetch': [ '3.6.20' ],
145 silly audit   'whatwg-url': [ '5.0.0' ],
145 silly audit   'whatwg-url-minimum': [ '0.1.1' ],
145 silly audit   which: [ '2.0.2' ],
145 silly audit   'wrap-ansi': [ '7.0.0' ],
145 silly audit   wrappy: [ '1.0.2' ],
145 silly audit   'write-file-atomic': [ '4.0.2' ],
145 silly audit   xcode: [ '3.0.1' ],
145 silly audit   xml2js: [ '0.6.0' ],
145 silly audit   xmlbuilder: [ '11.0.1', '15.1.1' ],
145 silly audit   y18n: [ '5.0.8' ],
145 silly audit   yallist: [ '3.1.1' ],
145 silly audit   yaml: [ '2.8.2' ],
145 silly audit   yargs: [ '17.7.2' ],
145 silly audit   'yargs-parser': [ '21.1.1' ],
145 silly audit   zod: [ '3.25.76' ],
145 silly audit   '@expensify/react-native-live-markdown': [ '0.1.324' ],
145 silly audit   'expensify-common': [ '2.0.171' ],
145 silly audit   'awesome-phonenumber': [ '5.11.0' ],
145 silly audit   classnames: [ '2.5.0' ],
145 silly audit   clipboard: [ '2.0.11' ],
145 silly audit   'html-entities': [ '2.6.0' ],
145 silly audit   jquery: [ '3.6.0' ],
145 silly audit   localforage: [ '1.10.0' ],
145 silly audit   lodash: [ '4.17.23' ],
145 silly audit   punycode: [ '2.3.1' ],
145 silly audit   'simply-deferred': [ '3.0.0' ],
145 silly audit   'good-listener': [ '1.2.2' ],
145 silly audit   select: [ '1.1.2' ],
145 silly audit   'tiny-emitter': [ '2.1.0' ],
145 silly audit   delegate: [ '3.2.0' ],
145 silly audit   lie: [ '3.1.1' ],
145 silly audit   immediate: [ '3.0.6' ]
145 silly audit }
146 warn skipping integrity check for git dependency ssh://git@github.com/Expensify/simply-deferred.git
147 verbose reify failed optional dependency /Users/marcopagnanini/code/Progetti/frontend/mobile/App-Unto/node_modules/lightningcss-win32-x64-msvc
148 silly reify mark deleted [
148 silly reify   '/Users/marcopagnanini/code/Progetti/frontend/mobile/App-Unto/node_modules/lightningcss-win32-x64-msvc'
148 silly reify ]
149 verbose reify failed optional dependency /Users/marcopagnanini/code/Progetti/frontend/mobile/App-Unto/node_modules/lightningcss-win32-arm64-msvc
150 silly reify mark deleted [
150 silly reify   '/Users/marcopagnanini/code/Progetti/frontend/mobile/App-Unto/node_modules/lightningcss-win32-arm64-msvc'
150 silly reify ]
151 verbose reify failed optional dependency /Users/marcopagnanini/code/Progetti/frontend/mobile/App-Unto/node_modules/lightningcss-linux-x64-musl
152 silly reify mark deleted [
152 silly reify   '/Users/marcopagnanini/code/Progetti/frontend/mobile/App-Unto/node_modules/lightningcss-linux-x64-musl'
152 silly reify ]
153 verbose reify failed optional dependency /Users/marcopagnanini/code/Progetti/frontend/mobile/App-Unto/node_modules/lightningcss-linux-x64-gnu
154 silly reify mark deleted [
154 silly reify   '/Users/marcopagnanini/code/Progetti/frontend/mobile/App-Unto/node_modules/lightningcss-linux-x64-gnu'
154 silly reify ]
155 verbose reify failed optional dependency /Users/marcopagnanini/code/Progetti/frontend/mobile/App-Unto/node_modules/lightningcss-linux-arm64-musl
156 silly reify mark deleted [
156 silly reify   '/Users/marcopagnanini/code/Progetti/frontend/mobile/App-Unto/node_modules/lightningcss-linux-arm64-musl'
156 silly reify ]
157 verbose reify failed optional dependency /Users/marcopagnanini/code/Progetti/frontend/mobile/App-Unto/node_modules/lightningcss-linux-arm64-gnu
158 silly reify mark deleted [
158 silly reify   '/Users/marcopagnanini/code/Progetti/frontend/mobile/App-Unto/node_modules/lightningcss-linux-arm64-gnu'
158 silly reify ]
159 verbose reify failed optional dependency /Users/marcopagnanini/code/Progetti/frontend/mobile/App-Unto/node_modules/lightningcss-linux-arm-gnueabihf
160 silly reify mark deleted [
160 silly reify   '/Users/marcopagnanini/code/Progetti/frontend/mobile/App-Unto/node_modules/lightningcss-linux-arm-gnueabihf'
160 silly reify ]
161 verbose reify failed optional dependency /Users/marcopagnanini/code/Progetti/frontend/mobile/App-Unto/node_modules/lightningcss-freebsd-x64
162 silly reify mark deleted [
162 silly reify   '/Users/marcopagnanini/code/Progetti/frontend/mobile/App-Unto/node_modules/lightningcss-freebsd-x64'
162 silly reify ]
163 verbose reify failed optional dependency /Users/marcopagnanini/code/Progetti/frontend/mobile/App-Unto/node_modules/lightningcss-darwin-x64
164 silly reify mark deleted [
164 silly reify   '/Users/marcopagnanini/code/Progetti/frontend/mobile/App-Unto/node_modules/lightningcss-darwin-x64'
164 silly reify ]
165 verbose reify failed optional dependency /Users/marcopagnanini/code/Progetti/frontend/mobile/App-Unto/node_modules/lightningcss-android-arm64
166 silly reify mark deleted [
166 silly reify   '/Users/marcopagnanini/code/Progetti/frontend/mobile/App-Unto/node_modules/lightningcss-android-arm64'
166 silly reify ]
167 http cache lie@https://registry.npmjs.org/lie/-/lie-3.1.1.tgz 0ms (cache hit)
168 http cache tiny-emitter@https://registry.npmjs.org/tiny-emitter/-/tiny-emitter-2.1.0.tgz 0ms (cache hit)
169 http cache select@https://registry.npmjs.org/select/-/select-1.1.2.tgz 0ms (cache hit)
170 http cache immediate@https://registry.npmjs.org/immediate/-/immediate-3.0.6.tgz 0ms (cache hit)
171 http cache good-listener@https://registry.npmjs.org/good-listener/-/good-listener-1.2.2.tgz 0ms (cache hit)
172 http cache delegate@https://registry.npmjs.org/delegate/-/delegate-3.2.0.tgz 0ms (cache hit)
173 http cache lodash@https://registry.npmjs.org/lodash/-/lodash-4.17.23.tgz 1ms (cache hit)
174 http cache jquery@https://registry.npmjs.org/jquery/-/jquery-3.6.0.tgz 0ms (cache hit)
175 http cache localforage@https://registry.npmjs.org/localforage/-/localforage-1.10.0.tgz 0ms (cache hit)
176 http cache awesome-phonenumber@https://registry.npmjs.org/awesome-phonenumber/-/awesome-phonenumber-5.11.0.tgz 0ms (cache hit)
177 http cache classnames@https://registry.npmjs.org/classnames/-/classnames-2.5.0.tgz 0ms (cache hit)
178 http cache clipboard@https://registry.npmjs.org/clipboard/-/clipboard-2.0.11.tgz 0ms (cache hit)
179 http cache expensify-common@https://registry.npmjs.org/expensify-common/-/expensify-common-2.0.171.tgz 0ms (cache hit)
180 http cache html-entities@https://registry.npmjs.org/html-entities/-/html-entities-2.6.0.tgz 0ms (cache hit)
181 http cache punycode@https://registry.npmjs.org/punycode/-/punycode-2.3.1.tgz 0ms (cache hit)
182 http cache react-dom@https://registry.npmjs.org/react-dom/-/react-dom-16.12.0.tgz 0ms (cache hit)
183 http cache semver@https://registry.npmjs.org/semver/-/semver-7.7.4.tgz 0ms (cache hit)
184 http cache scheduler@https://registry.npmjs.org/scheduler/-/scheduler-0.18.0.tgz 0ms (cache hit)
185 http cache ua-parser-js@https://registry.npmjs.org/ua-parser-js/-/ua-parser-js-1.0.41.tgz 0ms (cache hit)
186 http cache @expensify/react-native-live-markdown@https://registry.npmjs.org/@expensify/react-native-live-markdown/-/react-native-live-markdown-0.1.324.tgz 0ms (cache hit)
187 http cache react@https://registry.npmjs.org/react/-/react-16.12.0.tgz 0ms (cache hit)
188 silly tarball no local data for lie@https://registry.npmjs.org/lie/-/lie-3.1.1.tgz. Extracting by manifest.
189 silly tarball no local data for tiny-emitter@https://registry.npmjs.org/tiny-emitter/-/tiny-emitter-2.1.0.tgz. Extracting by manifest.
190 silly tarball no local data for select@https://registry.npmjs.org/select/-/select-1.1.2.tgz. Extracting by manifest.
191 silly tarball no local data for immediate@https://registry.npmjs.org/immediate/-/immediate-3.0.6.tgz. Extracting by manifest.
192 silly tarball no local data for good-listener@https://registry.npmjs.org/good-listener/-/good-listener-1.2.2.tgz. Extracting by manifest.
193 silly tarball no local data for delegate@https://registry.npmjs.org/delegate/-/delegate-3.2.0.tgz. Extracting by manifest.
194 silly tarball no local data for lodash@https://registry.npmjs.org/lodash/-/lodash-4.17.23.tgz. Extracting by manifest.
195 silly tarball no local data for jquery@https://registry.npmjs.org/jquery/-/jquery-3.6.0.tgz. Extracting by manifest.
196 silly tarball no local data for localforage@https://registry.npmjs.org/localforage/-/localforage-1.10.0.tgz. Extracting by manifest.
197 silly tarball no local data for awesome-phonenumber@https://registry.npmjs.org/awesome-phonenumber/-/awesome-phonenumber-5.11.0.tgz. Extracting by manifest.
198 silly tarball no local data for classnames@https://registry.npmjs.org/classnames/-/classnames-2.5.0.tgz. Extracting by manifest.
199 silly tarball no local data for clipboard@https://registry.npmjs.org/clipboard/-/clipboard-2.0.11.tgz. Extracting by manifest.
200 silly tarball no local data for expensify-common@https://registry.npmjs.org/expensify-common/-/expensify-common-2.0.171.tgz. Extracting by manifest.
201 silly tarball no local data for html-entities@https://registry.npmjs.org/html-entities/-/html-entities-2.6.0.tgz. Extracting by manifest.
202 silly tarball no local data for punycode@https://registry.npmjs.org/punycode/-/punycode-2.3.1.tgz. Extracting by manifest.
203 silly tarball no local data for react-dom@https://registry.npmjs.org/react-dom/-/react-dom-16.12.0.tgz. Extracting by manifest.
204 silly tarball no local data for semver@https://registry.npmjs.org/semver/-/semver-7.7.4.tgz. Extracting by manifest.
205 silly tarball no local data for scheduler@https://registry.npmjs.org/scheduler/-/scheduler-0.18.0.tgz. Extracting by manifest.
206 silly tarball no local data for ua-parser-js@https://registry.npmjs.org/ua-parser-js/-/ua-parser-js-1.0.41.tgz. Extracting by manifest.
207 silly tarball no local data for @expensify/react-native-live-markdown@https://registry.npmjs.org/@expensify/react-native-live-markdown/-/react-native-live-markdown-0.1.324.tgz. Extracting by manifest.
208 silly tarball no local data for react@https://registry.npmjs.org/react/-/react-16.12.0.tgz. Extracting by manifest.
209 http fetch GET 200 https://registry.npmjs.org/immediate/-/immediate-3.0.6.tgz 64ms (cache miss)
210 http fetch GET 200 https://registry.npmjs.org/delegate/-/delegate-3.2.0.tgz 65ms (cache miss)
211 http fetch GET 200 https://registry.npmjs.org/good-listener/-/good-listener-1.2.2.tgz 66ms (cache miss)
212 http fetch GET 200 https://registry.npmjs.org/lie/-/lie-3.1.1.tgz 68ms (cache miss)
213 http fetch GET 200 https://registry.npmjs.org/tiny-emitter/-/tiny-emitter-2.1.0.tgz 67ms (cache miss)
214 http fetch GET 200 https://registry.npmjs.org/select/-/select-1.1.2.tgz 68ms (cache miss)
215 http fetch GET 200 https://registry.npmjs.org/punycode/-/punycode-2.3.1.tgz 143ms (cache miss)
216 http fetch GET 200 https://registry.npmjs.org/ua-parser-js/-/ua-parser-js-1.0.41.tgz 150ms (cache miss)
217 http fetch GET 200 https://registry.npmjs.org/scheduler/-/scheduler-0.18.0.tgz 153ms (cache miss)
218 http fetch GET 200 https://registry.npmjs.org/semver/-/semver-7.7.4.tgz 158ms (cache miss)
219 http fetch GET 200 https://codeload.github.com/Expensify/simply-deferred/tar.gz/77a08a95754660c7bd6e0b6979fdf84e8e831bf5 162ms (cache revalidated)
220 http fetch GET 200 https://registry.npmjs.org/react/-/react-16.12.0.tgz 191ms (cache miss)
221 http fetch POST 200 https://registry.npmjs.org/-/npm/v1/security/advisories/bulk 219ms
222 silly audit report {
222 silly audit report   'markdown-it': [
222 silly audit report     {
222 silly audit report       id: 1092663,
222 silly audit report       url: 'https://github.com/advisories/GHSA-6vfc-qv3f-vr6c',
222 silly audit report       title: 'Uncontrolled Resource Consumption in markdown-it',
222 silly audit report       severity: 'moderate',
222 silly audit report       vulnerable_versions: '<12.3.2',
222 silly audit report       cwe: [Array],
222 silly audit report       cvss: [Object]
222 silly audit report     }
222 silly audit report   ]
222 silly audit report }
223 silly packumentCache corgi:https://registry.npmjs.org/markdown-it cache-miss
224 http fetch GET 200 https://registry.npmjs.org/classnames/-/classnames-2.5.0.tgz 213ms (cache miss)
225 http fetch GET 200 https://registry.npmjs.org/html-entities/-/html-entities-2.6.0.tgz 228ms (cache miss)
226 http fetch GET 200 https://registry.npmjs.org/localforage/-/localforage-1.10.0.tgz 251ms (cache miss)
227 http fetch GET 200 https://registry.npmjs.org/clipboard/-/clipboard-2.0.11.tgz 257ms (cache miss)
228 http fetch GET 200 https://registry.npmjs.org/markdown-it 61ms (cache revalidated)
229 silly packumentCache corgi:https://registry.npmjs.org/markdown-it set size:123533 disposed:false
230 silly packumentCache corgi:https://registry.npmjs.org/react-native-markdown-display cache-miss
231 http fetch GET 200 https://registry.npmjs.org/expensify-common/-/expensify-common-2.0.171.tgz 289ms (cache miss)
232 http fetch GET 200 https://registry.npmjs.org/react-dom/-/react-dom-16.12.0.tgz 294ms (cache miss)
233 http fetch GET 200 https://registry.npmjs.org/jquery/-/jquery-3.6.0.tgz 312ms (cache miss)
234 http fetch GET 200 https://registry.npmjs.org/react-native-markdown-display 83ms (cache revalidated)
235 silly packumentCache corgi:https://registry.npmjs.org/react-native-markdown-display set size:60097 disposed:false
236 http fetch GET 200 https://registry.npmjs.org/lodash/-/lodash-4.17.23.tgz 554ms (cache miss)
237 http fetch GET 200 https://registry.npmjs.org/awesome-phonenumber/-/awesome-phonenumber-5.11.0.tgz 781ms (cache miss)
238 http fetch GET 200 https://registry.npmjs.org/@expensify/react-native-live-markdown/-/react-native-live-markdown-0.1.324.tgz 999ms (cache miss)
239 silly packumentCache heap:2197815296 maxSize:549453824 maxEntrySize:274726912
240 silly ADD node_modules/immediate
241 silly ADD node_modules/lie
242 silly ADD node_modules/delegate
243 silly ADD node_modules/tiny-emitter
244 silly ADD node_modules/select
245 silly ADD node_modules/good-listener
246 silly ADD node_modules/simply-deferred
247 silly ADD node_modules/punycode
248 silly ADD node_modules/lodash
249 silly ADD node_modules/localforage
250 silly ADD node_modules/jquery
251 silly ADD node_modules/html-entities
252 silly ADD node_modules/clipboard
253 silly ADD node_modules/classnames
254 silly ADD node_modules/awesome-phonenumber
255 silly ADD node_modules/expensify-common
256 silly ADD node_modules/expensify-common/node_modules/scheduler
257 silly ADD node_modules/expensify-common/node_modules/ua-parser-js
258 silly ADD node_modules/expensify-common/node_modules/semver
259 silly ADD node_modules/expensify-common/node_modules/react-dom
260 silly ADD node_modules/expensify-common/node_modules/react
261 silly ADD node_modules/@expensify/react-native-live-markdown
262 silly ADD
263 silly ADD
264 silly ADD
265 silly ADD
266 silly ADD
267 silly ADD
268 silly ADD
269 silly ADD
270 silly ADD
271 silly ADD
272 verbose cwd /Users/marcopagnanini/code/Progetti/frontend/mobile/App-Unto
273 verbose os Darwin 24.4.0
274 verbose node v23.10.0
275 verbose npm  v10.9.2
276 verbose exit 0
277 info ok
