0 verbose cli /opt/homebrew/Cellar/node/23.10.0_1/bin/node /opt/homebrew/lib/node_modules/npm/bin/npm-cli.js
1 info using npm@10.9.2
2 info using node@v23.10.0
3 silly config load:file:/opt/homebrew/lib/node_modules/npm/npmrc
4 silly config load:file:/Users/marcopagnanini/code/Progetti/frontend/mobile/App-Unto/~/.npm/_cacache/tmp/git-clone4aD8TJ/.npmrc
5 silly config load:file:/Users/marcopagnanini/code/Progetti/frontend/mobile/App-Unto/~/.npmrc
6 silly config load:file:/opt/homebrew/etc/npmrc
7 verbose title npm install
8 verbose argv "install" "--force" "--cache" "/Users/marcopagnanini/code/Progetti/frontend/mobile/App-Unto/~/.npm" "--prefer-offline" "false" "--prefer-online" "false" "--offline" "false" "--no-progress" "--no-save" "--no-audit" "--include" "dev" "--include" "peer" "--include" "optional" "--no-package-lock-only" "--no-dry-run"
9 verbose logfile logs-max:10 dir:/Users/marcopagnanini/code/Progetti/frontend/mobile/App-Unto/~/.npm/_logs/2026-03-09T11_14_18_853Z-
10 verbose logfile /Users/marcopagnanini/code/Progetti/frontend/mobile/App-Unto/~/.npm/_logs/2026-03-09T11_14_18_853Z-debug-0.log
11 warn using --force Recommended protections disabled.
12 silly logfile done cleaning log files
13 silly packumentCache heap:2197815296 maxSize:549453824 maxEntrySize:274726912
14 silly idealTree buildDeps
15 silly fetch manifest coffee-script@^1.10.0
16 silly packumentCache full:https://registry.npmjs.org/coffee-script cache-miss
17 http cache https://registry.npmjs.org/coffee-script 7ms (cache hit)
18 silly packumentCache full:https://registry.npmjs.org/coffee-script set size:74177 disposed:false
19 silly fetch manifest mocha@*
20 silly packumentCache full:https://registry.npmjs.org/mocha cache-miss
21 http cache https://registry.npmjs.org/mocha 13ms (cache hit)
22 silly packumentCache full:https://registry.npmjs.org/mocha set size:3969701 disposed:false
23 silly fetch manifest uglify-js@*
24 silly packumentCache full:https://registry.npmjs.org/uglify-js cache-miss
25 http cache https://registry.npmjs.org/uglify-js 4ms (cache hit)
26 silly packumentCache full:https://registry.npmjs.org/uglify-js set size:673858 disposed:false
27 silly fetch manifest underscore@*
28 silly packumentCache full:https://registry.npmjs.org/underscore cache-miss
29 http cache https://registry.npmjs.org/underscore 2ms (cache hit)
30 silly packumentCache full:https://registry.npmjs.org/underscore set size:160144 disposed:false
31 silly placeDep ROOT coffee-script@1.12.7 OK for: simply-deferred@3.0.0 want: ^1.10.0
32 silly placeDep ROOT mocha@11.7.5 OK for: simply-deferred@3.0.0 want: *
33 silly placeDep ROOT uglify-js@3.19.3 OK for: simply-deferred@3.0.0 want: *
34 silly placeDep ROOT underscore@1.13.8 OK for: simply-deferred@3.0.0 want: *
35 silly fetch manifest he@^1.2.0
36 silly packumentCache full:https://registry.npmjs.org/he cache-miss
37 silly fetch manifest ms@^2.1.3
38 silly packumentCache full:https://registry.npmjs.org/ms cache-miss
39 silly fetch manifest diff@^7.0.0
40 silly packumentCache full:https://registry.npmjs.org/diff cache-miss
41 silly fetch manifest glob@^10.4.5
42 silly packumentCache full:https://registry.npmjs.org/glob cache-miss
43 silly fetch manifest debug@^4.3.5
44 silly packumentCache full:https://registry.npmjs.org/debug cache-miss
45 silly fetch manifest yargs@^17.7.2
46 silly packumentCache full:https://registry.npmjs.org/yargs cache-miss
47 silly fetch manifest find-up@^5.0.0
48 silly packumentCache full:https://registry.npmjs.org/find-up cache-miss
49 http cache https://registry.npmjs.org/diff 9ms (cache hit)
50 silly packumentCache full:https://registry.npmjs.org/diff set size:146701 disposed:false
51 silly fetch manifest js-yaml@^4.1.0
52 silly packumentCache full:https://registry.npmjs.org/js-yaml cache-miss
53 http cache https://registry.npmjs.org/he 11ms (cache hit)
54 silly packumentCache full:https://registry.npmjs.org/he set size:58773 disposed:false
55 silly fetch manifest chokidar@^4.0.1
56 silly packumentCache full:https://registry.npmjs.org/chokidar cache-miss
57 http cache https://registry.npmjs.org/ms 13ms (cache hit)
58 silly packumentCache full:https://registry.npmjs.org/ms set size:92208 disposed:false
59 silly fetch manifest minimatch@^9.0.5
60 silly packumentCache full:https://registry.npmjs.org/minimatch cache-miss
61 http cache https://registry.npmjs.org/glob 14ms (cache hit)
62 silly packumentCache full:https://registry.npmjs.org/glob set size:469465 disposed:false
63 silly fetch manifest picocolors@^1.1.1
64 silly packumentCache full:https://registry.npmjs.org/picocolors cache-miss
65 http cache https://registry.npmjs.org/yargs 18ms (cache hit)
66 silly packumentCache full:https://registry.npmjs.org/yargs set size:743056 disposed:false
67 silly fetch manifest workerpool@^9.2.0
68 silly packumentCache full:https://registry.npmjs.org/workerpool cache-miss
69 http cache https://registry.npmjs.org/debug 25ms (cache hit)
70 silly packumentCache full:https://registry.npmjs.org/debug set size:195840 disposed:false
71 silly fetch manifest log-symbols@^4.1.0
72 silly packumentCache full:https://registry.npmjs.org/log-symbols cache-miss
73 http cache https://registry.npmjs.org/find-up 28ms (cache hit)
74 silly packumentCache full:https://registry.npmjs.org/find-up set size:42620 disposed:false
75 silly fetch manifest yargs-parser@^21.1.1
76 silly packumentCache full:https://registry.npmjs.org/yargs-parser cache-miss
77 http cache https://registry.npmjs.org/js-yaml 32ms (cache hit)
78 silly packumentCache full:https://registry.npmjs.org/js-yaml set size:152232 disposed:false
79 silly fetch manifest browser-stdout@^1.3.1
80 silly packumentCache full:https://registry.npmjs.org/browser-stdout cache-miss
81 http cache https://registry.npmjs.org/chokidar 33ms (cache hit)
82 silly packumentCache full:https://registry.npmjs.org/chokidar set size:255902 disposed:false
83 silly fetch manifest is-path-inside@^3.0.3
84 silly packumentCache full:https://registry.npmjs.org/is-path-inside cache-miss
85 http cache https://registry.npmjs.org/picocolors 30ms (cache hit)
86 silly packumentCache full:https://registry.npmjs.org/picocolors set size:16648 disposed:false
87 silly fetch manifest supports-color@^8.1.1
88 silly packumentCache full:https://registry.npmjs.org/supports-color cache-miss
89 http cache https://registry.npmjs.org/minimatch 37ms (cache hit)
90 silly packumentCache full:https://registry.npmjs.org/minimatch set size:352359 disposed:false
91 silly fetch manifest yargs-unparser@^2.0.0
92 silly packumentCache full:https://registry.npmjs.org/yargs-unparser cache-miss
93 http cache https://registry.npmjs.org/log-symbols 43ms (cache hit)
94 silly packumentCache full:https://registry.npmjs.org/log-symbols set size:31977 disposed:false
95 silly fetch manifest strip-json-comments@^3.1.1
96 silly packumentCache full:https://registry.npmjs.org/strip-json-comments cache-miss
97 http cache https://registry.npmjs.org/workerpool 50ms (cache hit)
98 silly packumentCache full:https://registry.npmjs.org/workerpool set size:196593 disposed:false
99 silly fetch manifest escape-string-regexp@^4.0.0
100 silly packumentCache full:https://registry.npmjs.org/escape-string-regexp cache-miss
101 http cache https://registry.npmjs.org/yargs-parser 46ms (cache hit)
102 silly packumentCache full:https://registry.npmjs.org/yargs-parser set size:238630 disposed:false
103 silly fetch manifest serialize-javascript@^6.0.2
104 silly packumentCache full:https://registry.npmjs.org/serialize-javascript cache-miss
105 http cache https://registry.npmjs.org/is-path-inside 35ms (cache hit)
106 silly packumentCache full:https://registry.npmjs.org/is-path-inside set size:23585 disposed:false
107 http cache https://registry.npmjs.org/browser-stdout 39ms (cache hit)
108 silly packumentCache full:https://registry.npmjs.org/browser-stdout set size:9832 disposed:false
109 http cache https://registry.npmjs.org/supports-color 34ms (cache hit)
110 silly packumentCache full:https://registry.npmjs.org/supports-color set size:118680 disposed:false
111 http cache https://registry.npmjs.org/yargs-unparser 24ms (cache hit)
112 silly packumentCache full:https://registry.npmjs.org/yargs-unparser set size:56742 disposed:false
113 http cache https://registry.npmjs.org/strip-json-comments 14ms (cache hit)
114 silly packumentCache full:https://registry.npmjs.org/strip-json-comments set size:43569 disposed:false
115 http cache https://registry.npmjs.org/escape-string-regexp 10ms (cache hit)
116 silly packumentCache full:https://registry.npmjs.org/escape-string-regexp set size:22244 disposed:false
117 http cache https://registry.npmjs.org/serialize-javascript 8ms (cache hit)
118 silly packumentCache full:https://registry.npmjs.org/serialize-javascript set size:77939 disposed:false
119 silly placeDep ROOT browser-stdout@1.3.1 OK for: mocha@11.7.5 want: ^1.3.1
120 silly placeDep ROOT chokidar@4.0.3 OK for: mocha@11.7.5 want: ^4.0.1
121 silly placeDep ROOT debug@4.4.3 OK for: mocha@11.7.5 want: ^4.3.5
122 silly placeDep ROOT diff@7.0.0 OK for: mocha@11.7.5 want: ^7.0.0
123 silly placeDep ROOT escape-string-regexp@4.0.0 OK for: mocha@11.7.5 want: ^4.0.0
124 silly placeDep ROOT find-up@5.0.0 OK for: mocha@11.7.5 want: ^5.0.0
125 silly placeDep ROOT glob@10.5.0 OK for: mocha@11.7.5 want: ^10.4.5
126 silly placeDep ROOT he@1.2.0 OK for: mocha@11.7.5 want: ^1.2.0
127 silly placeDep ROOT is-path-inside@3.0.3 OK for: mocha@11.7.5 want: ^3.0.3
128 silly placeDep ROOT js-yaml@4.1.1 OK for: mocha@11.7.5 want: ^4.1.0
129 silly placeDep ROOT log-symbols@4.1.0 OK for: mocha@11.7.5 want: ^4.1.0
130 silly placeDep ROOT minimatch@9.0.9 OK for: mocha@11.7.5 want: ^9.0.5
131 silly placeDep ROOT ms@2.1.3 OK for: mocha@11.7.5 want: ^2.1.3
132 silly placeDep ROOT picocolors@1.1.1 OK for: mocha@11.7.5 want: ^1.1.1
133 silly placeDep ROOT serialize-javascript@6.0.2 OK for: mocha@11.7.5 want: ^6.0.2
134 silly placeDep ROOT strip-json-comments@3.1.1 OK for: mocha@11.7.5 want: ^3.1.1
135 silly placeDep ROOT supports-color@8.1.1 OK for: mocha@11.7.5 want: ^8.1.1
136 silly placeDep ROOT workerpool@9.3.4 OK for: mocha@11.7.5 want: ^9.2.0
137 silly placeDep ROOT yargs@17.7.2 OK for: mocha@11.7.5 want: ^17.7.2
138 silly placeDep ROOT yargs-parser@21.1.1 OK for: mocha@11.7.5 want: ^21.1.1
139 silly placeDep ROOT yargs-unparser@2.0.0 OK for: mocha@11.7.5 want: ^2.0.0
140 silly fetch manifest readdirp@^4.0.1
141 silly packumentCache full:https://registry.npmjs.org/readdirp cache-miss
142 silly fetch manifest locate-path@^6.0.0
143 silly packumentCache full:https://registry.npmjs.org/locate-path cache-miss
144 silly fetch manifest path-exists@^4.0.0
145 silly packumentCache full:https://registry.npmjs.org/path-exists cache-miss
146 silly fetch manifest minipass@^7.1.2
147 silly packumentCache full:https://registry.npmjs.org/minipass cache-miss
148 silly fetch manifest jackspeak@^3.1.2
149 silly packumentCache full:https://registry.npmjs.org/jackspeak cache-miss
150 silly fetch manifest minimatch@^9.0.4
151 silly packumentCache full:https://registry.npmjs.org/minimatch cache-hit
152 silly fetch manifest path-scurry@^1.11.1
153 silly packumentCache full:https://registry.npmjs.org/path-scurry cache-miss
154 silly fetch manifest foreground-child@^3.1.0
155 silly packumentCache full:https://registry.npmjs.org/foreground-child cache-miss
156 http cache https://registry.npmjs.org/path-exists 15ms (cache hit)
157 silly packumentCache full:https://registry.npmjs.org/path-exists set size:13704 disposed:false
158 silly fetch manifest package-json-from-dist@^1.0.0
159 silly packumentCache full:https://registry.npmjs.org/package-json-from-dist cache-miss
160 http cache https://registry.npmjs.org/locate-path 55ms (cache hit)
161 silly packumentCache full:https://registry.npmjs.org/locate-path set size:31329 disposed:false
162 silly fetch manifest argparse@^2.0.1
163 silly packumentCache full:https://registry.npmjs.org/argparse cache-miss
164 http cache https://registry.npmjs.org/jackspeak 66ms (cache hit)
165 silly packumentCache full:https://registry.npmjs.org/jackspeak set size:204267 disposed:false
166 silly fetch manifest chalk@^4.1.0
167 silly packumentCache full:https://registry.npmjs.org/chalk cache-miss
168 http cache https://registry.npmjs.org/minipass 68ms (cache hit)
169 silly packumentCache full:https://registry.npmjs.org/minipass set size:276925 disposed:false
170 silly fetch manifest is-unicode-supported@^0.1.0
171 silly packumentCache full:https://registry.npmjs.org/is-unicode-supported cache-miss
172 http cache https://registry.npmjs.org/foreground-child 70ms (cache hit)
173 silly packumentCache full:https://registry.npmjs.org/foreground-child set size:71503 disposed:false
174 silly fetch manifest brace-expansion@^2.0.2
175 silly packumentCache full:https://registry.npmjs.org/brace-expansion cache-miss
176 http cache https://registry.npmjs.org/path-scurry 71ms (cache hit)
177 silly packumentCache full:https://registry.npmjs.org/path-scurry set size:117612 disposed:false
178 silly fetch manifest randombytes@^2.1.0
179 silly packumentCache full:https://registry.npmjs.org/randombytes cache-miss
180 http cache https://registry.npmjs.org/readdirp 74ms (cache hit)
181 silly packumentCache full:https://registry.npmjs.org/readdirp set size:107589 disposed:false
182 silly fetch manifest has-flag@^4.0.0
183 silly packumentCache full:https://registry.npmjs.org/has-flag cache-miss
184 http cache https://registry.npmjs.org/argparse 19ms (cache hit)
185 silly packumentCache full:https://registry.npmjs.org/argparse set size:49266 disposed:false
186 silly fetch manifest y18n@^5.0.5
187 silly packumentCache full:https://registry.npmjs.org/y18n cache-miss
188 http cache https://registry.npmjs.org/package-json-from-dist 62ms (cache hit)
189 silly packumentCache full:https://registry.npmjs.org/package-json-from-dist set size:8854 disposed:false
190 silly fetch manifest cliui@^8.0.1
191 silly packumentCache full:https://registry.npmjs.org/cliui cache-miss
192 http cache https://registry.npmjs.org/is-unicode-supported 8ms (cache hit)
193 silly packumentCache full:https://registry.npmjs.org/is-unicode-supported set size:19461 disposed:false
194 silly fetch manifest escalade@^3.1.1
195 silly packumentCache full:https://registry.npmjs.org/escalade cache-miss
196 http cache https://registry.npmjs.org/chalk 10ms (cache hit)
197 silly packumentCache full:https://registry.npmjs.org/chalk set size:117861 disposed:false
198 silly fetch manifest string-width@^4.2.3
199 silly packumentCache full:https://registry.npmjs.org/string-width cache-miss
200 http cache https://registry.npmjs.org/brace-expansion 10ms (cache hit)
201 silly packumentCache full:https://registry.npmjs.org/brace-expansion set size:55744 disposed:false
202 silly fetch manifest get-caller-file@^2.0.5
203 silly packumentCache full:https://registry.npmjs.org/get-caller-file cache-miss
204 http cache https://registry.npmjs.org/randombytes 13ms (cache hit)
205 silly packumentCache full:https://registry.npmjs.org/randombytes set size:17505 disposed:false
206 silly fetch manifest require-directory@^2.1.1
207 silly packumentCache full:https://registry.npmjs.org/require-directory cache-miss
208 http cache https://registry.npmjs.org/has-flag 12ms (cache hit)
209 silly packumentCache full:https://registry.npmjs.org/has-flag set size:15180 disposed:false
210 silly fetch manifest camelcase@^6.0.0
211 silly packumentCache full:https://registry.npmjs.org/camelcase cache-miss
212 http cache https://registry.npmjs.org/y18n 16ms (cache hit)
213 silly packumentCache full:https://registry.npmjs.org/y18n set size:76155 disposed:false
214 silly fetch manifest decamelize@^4.0.0
215 silly packumentCache full:https://registry.npmjs.org/decamelize cache-miss
216 http cache https://registry.npmjs.org/string-width 12ms (cache hit)
217 silly packumentCache full:https://registry.npmjs.org/string-width set size:68305 disposed:false
218 silly fetch manifest flat@^5.0.2
219 silly packumentCache full:https://registry.npmjs.org/flat cache-miss
220 http cache https://registry.npmjs.org/escalade 15ms (cache hit)
221 silly packumentCache full:https://registry.npmjs.org/escalade set size:33724 disposed:false
222 silly fetch manifest is-plain-obj@^2.1.0
223 silly packumentCache full:https://registry.npmjs.org/is-plain-obj cache-miss
224 http cache https://registry.npmjs.org/cliui 16ms (cache hit)
225 silly packumentCache full:https://registry.npmjs.org/cliui set size:69089 disposed:false
226 http cache https://registry.npmjs.org/get-caller-file 12ms (cache hit)
227 silly packumentCache full:https://registry.npmjs.org/get-caller-file set size:26456 disposed:false
228 http cache https://registry.npmjs.org/require-directory 11ms (cache hit)
229 silly packumentCache full:https://registry.npmjs.org/require-directory set size:26866 disposed:false
230 http cache https://registry.npmjs.org/camelcase 11ms (cache hit)
231 silly packumentCache full:https://registry.npmjs.org/camelcase set size:60255 disposed:false
232 http cache https://registry.npmjs.org/flat 6ms (cache hit)
233 silly packumentCache full:https://registry.npmjs.org/flat set size:56541 disposed:false
234 http cache https://registry.npmjs.org/decamelize 7ms (cache hit)
235 silly packumentCache full:https://registry.npmjs.org/decamelize set size:34500 disposed:false
236 http cache https://registry.npmjs.org/is-plain-obj 5ms (cache hit)
237 silly packumentCache full:https://registry.npmjs.org/is-plain-obj set size:17899 disposed:false
238 silly placeDep ROOT readdirp@4.1.2 OK for: chokidar@4.0.3 want: ^4.0.1
239 silly placeDep ROOT locate-path@6.0.0 OK for: find-up@5.0.0 want: ^6.0.0
240 silly placeDep ROOT path-exists@4.0.0 OK for: find-up@5.0.0 want: ^4.0.0
241 silly fetch manifest p-locate@^5.0.0
242 silly packumentCache full:https://registry.npmjs.org/p-locate cache-miss
243 http cache https://registry.npmjs.org/p-locate 2ms (cache hit)
244 silly packumentCache full:https://registry.npmjs.org/p-locate set size:22488 disposed:false
245 silly placeDep ROOT foreground-child@3.3.1 OK for: glob@10.5.0 want: ^3.1.0
246 silly placeDep ROOT jackspeak@3.4.3 OK for: glob@10.5.0 want: ^3.1.2
247 silly placeDep ROOT minipass@7.1.3 OK for: glob@10.5.0 want: ^7.1.2
248 silly placeDep ROOT package-json-from-dist@1.0.1 OK for: glob@10.5.0 want: ^1.0.0
249 silly placeDep ROOT path-scurry@1.11.1 OK for: glob@10.5.0 want: ^1.11.1
250 silly fetch manifest cross-spawn@^7.0.6
251 silly packumentCache full:https://registry.npmjs.org/cross-spawn cache-miss
252 silly fetch manifest signal-exit@^4.0.1
253 silly packumentCache full:https://registry.npmjs.org/signal-exit cache-miss
254 silly fetch manifest @isaacs/cliui@^8.0.2
255 silly packumentCache full:https://registry.npmjs.org/@isaacs%2fcliui cache-miss
256 silly fetch manifest @pkgjs/parseargs@^0.11.0
257 silly packumentCache full:https://registry.npmjs.org/@pkgjs%2fparseargs cache-miss
258 silly fetch manifest lru-cache@^10.2.0
259 silly packumentCache full:https://registry.npmjs.org/lru-cache cache-miss
260 http cache https://registry.npmjs.org/@pkgjs%2fparseargs 2ms (cache hit)
261 silly packumentCache full:https://registry.npmjs.org/@pkgjs%2fparseargs set size:51085 disposed:false
262 http cache https://registry.npmjs.org/cross-spawn 4ms (cache hit)
263 silly packumentCache full:https://registry.npmjs.org/cross-spawn set size:109066 disposed:false
264 http cache https://registry.npmjs.org/signal-exit 4ms (cache hit)
265 silly packumentCache full:https://registry.npmjs.org/signal-exit set size:53489 disposed:false
266 http cache https://registry.npmjs.org/@isaacs%2fcliui 4ms (cache hit)
267 silly packumentCache full:https://registry.npmjs.org/@isaacs%2fcliui set size:12263 disposed:false
268 http cache https://registry.npmjs.org/lru-cache 5ms (cache hit)
269 silly packumentCache full:https://registry.npmjs.org/lru-cache set size:413591 disposed:false
270 silly placeDep ROOT cross-spawn@7.0.6 OK for: foreground-child@3.3.1 want: ^7.0.6
271 silly placeDep ROOT signal-exit@4.1.0 OK for: foreground-child@3.3.1 want: ^4.0.1
272 silly fetch manifest which@^2.0.1
273 silly packumentCache full:https://registry.npmjs.org/which cache-miss
274 silly fetch manifest path-key@^3.1.0
275 silly packumentCache full:https://registry.npmjs.org/path-key cache-miss
276 silly fetch manifest shebang-command@^2.0.0
277 silly packumentCache full:https://registry.npmjs.org/shebang-command cache-miss
278 http cache https://registry.npmjs.org/path-key 1ms (cache hit)
279 silly packumentCache full:https://registry.npmjs.org/path-key set size:16975 disposed:false
280 http cache https://registry.npmjs.org/shebang-command 2ms (cache hit)
281 silly packumentCache full:https://registry.npmjs.org/shebang-command set size:8525 disposed:false
282 http cache https://registry.npmjs.org/which 3ms (cache hit)
283 silly packumentCache full:https://registry.npmjs.org/which set size:67805 disposed:false
284 silly placeDep ROOT path-key@3.1.1 OK for: cross-spawn@7.0.6 want: ^3.1.0
285 silly placeDep ROOT shebang-command@2.0.0 OK for: cross-spawn@7.0.6 want: ^2.0.0
286 silly placeDep ROOT which@2.0.2 OK for: cross-spawn@7.0.6 want: ^2.0.1
287 silly fetch manifest shebang-regex@^3.0.0
288 silly packumentCache full:https://registry.npmjs.org/shebang-regex cache-miss
289 silly fetch manifest isexe@^2.0.0
290 silly packumentCache full:https://registry.npmjs.org/isexe cache-miss
291 http cache https://registry.npmjs.org/shebang-regex 1ms (cache hit)
292 silly packumentCache full:https://registry.npmjs.org/shebang-regex set size:9763 disposed:false
293 http cache https://registry.npmjs.org/isexe 2ms (cache hit)
294 silly packumentCache full:https://registry.npmjs.org/isexe set size:31756 disposed:false
295 silly placeDep ROOT @isaacs/cliui@8.0.2 OK for: jackspeak@3.4.3 want: ^8.0.2
296 silly placeDep ROOT @pkgjs/parseargs@0.11.0 OK for: jackspeak@3.4.3 want: ^0.11.0
297 silly fetch manifest wrap-ansi@^8.1.0
298 silly packumentCache full:https://registry.npmjs.org/wrap-ansi cache-miss
299 silly fetch manifest strip-ansi@^7.0.1
300 silly packumentCache full:https://registry.npmjs.org/strip-ansi cache-miss
301 silly fetch manifest string-width@^5.1.2
302 silly packumentCache full:https://registry.npmjs.org/string-width cache-hit
303 silly fetch manifest wrap-ansi-cjs@npm:wrap-ansi@^7.0.0
304 silly packumentCache full:https://registry.npmjs.org/wrap-ansi cache-miss
305 silly fetch manifest strip-ansi-cjs@npm:strip-ansi@^6.0.1
306 silly packumentCache full:https://registry.npmjs.org/strip-ansi cache-miss
307 silly fetch manifest string-width-cjs@npm:string-width@^4.2.0
308 silly packumentCache full:https://registry.npmjs.org/string-width cache-hit
309 http cache https://registry.npmjs.org/wrap-ansi 4ms (cache hit)
310 silly packumentCache full:https://registry.npmjs.org/wrap-ansi set size:55299 disposed:false
311 http cache https://registry.npmjs.org/wrap-ansi 4ms (cache hit)
312 silly packumentCache full:https://registry.npmjs.org/wrap-ansi set size:55299 disposed:false
313 silly packumentCache full:https://registry.npmjs.org/wrap-ansi dispose
314 http cache https://registry.npmjs.org/strip-ansi 5ms (cache hit)
315 silly packumentCache full:https://registry.npmjs.org/strip-ansi set size:44998 disposed:false
316 http cache https://registry.npmjs.org/strip-ansi 5ms (cache hit)
317 silly packumentCache full:https://registry.npmjs.org/strip-ansi set size:44998 disposed:false
318 silly packumentCache full:https://registry.npmjs.org/strip-ansi dispose
319 silly placeDep ROOT string-width@5.1.2 OK for: @isaacs/cliui@8.0.2 want: ^5.1.2
320 silly placeDep ROOT string-width-cjs@4.2.3 OK for: @isaacs/cliui@8.0.2 want: npm:string-width@^4.2.0
321 silly placeDep ROOT strip-ansi@7.2.0 OK for: @isaacs/cliui@8.0.2 want: ^7.0.1
322 silly placeDep ROOT strip-ansi-cjs@6.0.1 OK for: @isaacs/cliui@8.0.2 want: npm:strip-ansi@^6.0.1
323 silly placeDep ROOT wrap-ansi@8.1.0 OK for: @isaacs/cliui@8.0.2 want: ^8.1.0
324 silly placeDep ROOT wrap-ansi-cjs@7.0.0 OK for: @isaacs/cliui@8.0.2 want: npm:wrap-ansi@^7.0.0
325 silly fetch manifest emoji-regex@^9.2.2
326 silly packumentCache full:https://registry.npmjs.org/emoji-regex cache-miss
327 silly fetch manifest eastasianwidth@^0.2.0
328 silly packumentCache full:https://registry.npmjs.org/eastasianwidth cache-miss
329 silly fetch manifest strip-ansi@^6.0.1
330 silly packumentCache full:https://registry.npmjs.org/strip-ansi cache-hit
331 silly fetch manifest emoji-regex@^8.0.0
332 silly packumentCache full:https://registry.npmjs.org/emoji-regex cache-miss
333 silly fetch manifest is-fullwidth-code-point@^3.0.0
334 silly packumentCache full:https://registry.npmjs.org/is-fullwidth-code-point cache-miss
335 silly fetch manifest ansi-regex@^6.2.2
336 silly packumentCache full:https://registry.npmjs.org/ansi-regex cache-miss
337 silly fetch manifest ansi-regex@^5.0.1
338 silly packumentCache full:https://registry.npmjs.org/ansi-regex cache-miss
339 silly fetch manifest ansi-styles@^6.1.0
340 silly packumentCache full:https://registry.npmjs.org/ansi-styles cache-miss
341 http cache https://registry.npmjs.org/eastasianwidth 6ms (cache hit)
342 silly packumentCache full:https://registry.npmjs.org/eastasianwidth set size:7890 disposed:false
343 silly fetch manifest strip-ansi@^6.0.0
344 silly packumentCache full:https://registry.npmjs.org/strip-ansi cache-hit
345 silly fetch manifest ansi-styles@^4.0.0
346 silly packumentCache full:https://registry.npmjs.org/ansi-styles cache-miss
347 http cache https://registry.npmjs.org/emoji-regex 6ms (cache hit)
348 silly packumentCache full:https://registry.npmjs.org/emoji-regex set size:89088 disposed:false
349 silly fetch manifest string-width@^4.1.0
350 silly packumentCache full:https://registry.npmjs.org/string-width cache-hit
351 http cache https://registry.npmjs.org/emoji-regex 8ms (cache hit)
352 silly packumentCache full:https://registry.npmjs.org/emoji-regex set size:89088 disposed:false
353 silly packumentCache full:https://registry.npmjs.org/emoji-regex dispose
354 http cache https://registry.npmjs.org/is-fullwidth-code-point 7ms (cache hit)
355 silly packumentCache full:https://registry.npmjs.org/is-fullwidth-code-point set size:14578 disposed:false
356 http cache https://registry.npmjs.org/ansi-regex 7ms (cache hit)
357 silly packumentCache full:https://registry.npmjs.org/ansi-regex set size:43572 disposed:false
358 http cache https://registry.npmjs.org/ansi-regex 7ms (cache hit)
359 silly packumentCache full:https://registry.npmjs.org/ansi-regex set size:43572 disposed:false
360 silly packumentCache full:https://registry.npmjs.org/ansi-regex dispose
361 http cache https://registry.npmjs.org/ansi-styles 7ms (cache hit)
362 silly packumentCache full:https://registry.npmjs.org/ansi-styles set size:63233 disposed:false
363 http cache https://registry.npmjs.org/ansi-styles 2ms (cache hit)
364 silly packumentCache full:https://registry.npmjs.org/ansi-styles set size:63233 disposed:false
365 silly packumentCache full:https://registry.npmjs.org/ansi-styles dispose
366 silly placeDep ROOT argparse@2.0.1 OK for: js-yaml@4.1.1 want: ^2.0.1
367 silly placeDep ROOT p-locate@5.0.0 OK for: locate-path@6.0.0 want: ^5.0.0
368 silly fetch manifest p-limit@^3.0.2
369 silly packumentCache full:https://registry.npmjs.org/p-limit cache-miss
370 http cache https://registry.npmjs.org/p-limit 1ms (cache hit)
371 silly packumentCache full:https://registry.npmjs.org/p-limit set size:61867 disposed:false
372 silly placeDep ROOT chalk@4.1.2 OK for: log-symbols@4.1.0 want: ^4.1.0
373 silly placeDep ROOT is-unicode-supported@0.1.0 OK for: log-symbols@4.1.0 want: ^0.1.0
374 silly fetch manifest ansi-styles@^4.1.0
375 silly packumentCache full:https://registry.npmjs.org/ansi-styles cache-hit
376 silly fetch manifest supports-color@^7.1.0
377 silly packumentCache full:https://registry.npmjs.org/supports-color cache-hit
378 silly placeDep ROOT ansi-styles@4.3.0 OK for: chalk@4.1.2 want: ^4.1.0
379 silly placeDep node_modules/chalk supports-color@7.2.0 OK for: chalk@4.1.2 want: ^7.1.0
380 silly fetch manifest color-convert@^2.0.1
381 silly packumentCache full:https://registry.npmjs.org/color-convert cache-miss
382 http cache https://registry.npmjs.org/color-convert 2ms (cache hit)
383 silly packumentCache full:https://registry.npmjs.org/color-convert set size:72663 disposed:false
384 silly placeDep ROOT color-convert@2.0.1 OK for: ansi-styles@4.3.0 want: ^2.0.1
385 silly fetch manifest color-name@~1.1.4
386 silly packumentCache full:https://registry.npmjs.org/color-name cache-miss
387 http cache https://registry.npmjs.org/color-name 1ms (cache hit)
388 silly packumentCache full:https://registry.npmjs.org/color-name set size:19467 disposed:false
389 silly placeDep ROOT color-name@1.1.4 OK for: color-convert@2.0.1 want: ~1.1.4
390 silly placeDep ROOT brace-expansion@2.0.2 OK for: minimatch@9.0.9 want: ^2.0.2
391 silly fetch manifest balanced-match@^1.0.0
392 silly packumentCache full:https://registry.npmjs.org/balanced-match cache-miss
393 http cache https://registry.npmjs.org/balanced-match 2ms (cache hit)
394 silly packumentCache full:https://registry.npmjs.org/balanced-match set size:39082 disposed:false
395 silly placeDep ROOT balanced-match@1.0.2 OK for: brace-expansion@2.0.2 want: ^1.0.0
396 silly placeDep ROOT p-limit@3.1.0 OK for: p-locate@5.0.0 want: ^3.0.2
397 silly fetch manifest yocto-queue@^0.1.0
398 silly packumentCache full:https://registry.npmjs.org/yocto-queue cache-miss
399 http cache https://registry.npmjs.org/yocto-queue 2ms (cache hit)
400 silly packumentCache full:https://registry.npmjs.org/yocto-queue set size:20256 disposed:false
401 silly placeDep ROOT yocto-queue@0.1.0 OK for: p-limit@3.1.0 want: ^0.1.0
402 silly placeDep ROOT lru-cache@10.4.3 OK for: path-scurry@1.11.1 want: ^10.2.0
403 silly placeDep ROOT randombytes@2.1.0 OK for: serialize-javascript@6.0.2 want: ^2.1.0
404 silly fetch manifest safe-buffer@^5.1.0
405 silly packumentCache full:https://registry.npmjs.org/safe-buffer cache-miss
406 http cache https://registry.npmjs.org/safe-buffer 2ms (cache hit)
407 silly packumentCache full:https://registry.npmjs.org/safe-buffer set size:41183 disposed:false
408 silly placeDep ROOT safe-buffer@5.2.1 OK for: randombytes@2.1.0 want: ^5.1.0
409 silly placeDep ROOT shebang-regex@3.0.0 OK for: shebang-command@2.0.0 want: ^3.0.0
410 silly placeDep ROOT eastasianwidth@0.2.0 OK for: string-width@5.1.2 want: ^0.2.0
411 silly placeDep ROOT emoji-regex@9.2.2 OK for: string-width@5.1.2 want: ^9.2.2
412 silly placeDep node_modules/string-width-cjs emoji-regex@8.0.0 OK for: string-width@4.2.3 want: ^8.0.0
413 silly placeDep ROOT is-fullwidth-code-point@3.0.0 OK for: string-width@4.2.3 want: ^3.0.0
414 silly placeDep node_modules/string-width-cjs strip-ansi@6.0.1 OK for: string-width@4.2.3 want: ^6.0.1
415 silly placeDep ROOT ansi-regex@6.2.2 OK for: strip-ansi@7.2.0 want: ^6.2.2
416 silly placeDep node_modules/strip-ansi-cjs ansi-regex@5.0.1 OK for: strip-ansi@6.0.1 want: ^5.0.1
417 silly placeDep ROOT has-flag@4.0.0 OK for: supports-color@8.1.1 want: ^4.0.0
418 silly placeDep ROOT isexe@2.0.0 OK for: which@2.0.2 want: ^2.0.0
419 silly placeDep node_modules/wrap-ansi ansi-styles@6.2.3 OK for: wrap-ansi@8.1.0 want: ^6.1.0
420 silly placeDep node_modules/wrap-ansi-cjs string-width@4.2.3 OK for: wrap-ansi@7.0.0 want: ^4.1.0
421 silly placeDep node_modules/wrap-ansi-cjs strip-ansi@6.0.1 OK for: wrap-ansi@7.0.0 want: ^6.0.0
422 silly placeDep ROOT cliui@8.0.1 OK for: yargs@17.7.2 want: ^8.0.1
423 silly placeDep ROOT escalade@3.2.0 OK for: yargs@17.7.2 want: ^3.1.1
424 silly placeDep ROOT get-caller-file@2.0.5 OK for: yargs@17.7.2 want: ^2.0.5
425 silly placeDep ROOT require-directory@2.1.1 OK for: yargs@17.7.2 want: ^2.1.1
426 silly placeDep node_modules/yargs string-width@4.2.3 OK for: yargs@17.7.2 want: ^4.2.3
427 silly placeDep ROOT y18n@5.0.8 OK for: yargs@17.7.2 want: ^5.0.5
428 silly fetch manifest wrap-ansi@^7.0.0
429 silly packumentCache full:https://registry.npmjs.org/wrap-ansi cache-hit
430 silly fetch manifest string-width@^4.2.0
431 silly packumentCache full:https://registry.npmjs.org/string-width cache-hit
432 silly placeDep node_modules/cliui string-width@4.2.3 OK for: cliui@8.0.1 want: ^4.2.0
433 silly placeDep node_modules/cliui strip-ansi@6.0.1 OK for: cliui@8.0.1 want: ^6.0.1
434 silly placeDep node_modules/cliui wrap-ansi@7.0.0 OK for: cliui@8.0.1 want: ^7.0.0
435 silly placeDep ROOT camelcase@6.3.0 OK for: yargs-unparser@2.0.0 want: ^6.0.0
436 silly placeDep ROOT decamelize@4.0.0 OK for: yargs-unparser@2.0.0 want: ^4.0.0
437 silly placeDep ROOT flat@5.0.2 OK for: yargs-unparser@2.0.0 want: ^5.0.2
438 silly placeDep ROOT is-plain-obj@2.1.0 OK for: yargs-unparser@2.0.0 want: ^2.1.0
439 silly placeDep node_modules/cliui emoji-regex@8.0.0 OK for: string-width@4.2.3 want: ^8.0.0
440 silly placeDep node_modules/cliui ansi-regex@5.0.1 OK for: strip-ansi@6.0.1 want: ^5.0.1
441 silly placeDep node_modules/string-width-cjs ansi-regex@5.0.1 OK for: strip-ansi@6.0.1 want: ^5.0.1
442 silly placeDep node_modules/wrap-ansi-cjs emoji-regex@8.0.0 OK for: string-width@4.2.3 want: ^8.0.0
443 silly placeDep node_modules/wrap-ansi-cjs ansi-regex@5.0.1 OK for: strip-ansi@6.0.1 want: ^5.0.1
444 silly placeDep node_modules/yargs emoji-regex@8.0.0 OK for: string-width@4.2.3 want: ^8.0.0
445 silly placeDep node_modules/yargs strip-ansi@6.0.1 OK for: string-width@4.2.3 want: ^6.0.1
446 silly placeDep node_modules/yargs ansi-regex@5.0.1 OK for: strip-ansi@6.0.1 want: ^5.0.1
447 silly reify moves {}
448 http cache is-plain-obj@https://registry.npmjs.org/is-plain-obj/-/is-plain-obj-2.1.0.tgz 0ms (cache hit)
449 http cache decamelize@https://registry.npmjs.org/decamelize/-/decamelize-4.0.0.tgz 0ms (cache hit)
450 http cache camelcase@https://registry.npmjs.org/camelcase/-/camelcase-6.3.0.tgz 0ms (cache hit)
451 http cache get-caller-file@https://registry.npmjs.org/get-caller-file/-/get-caller-file-2.0.5.tgz 0ms (cache hit)
452 http cache require-directory@https://registry.npmjs.org/require-directory/-/require-directory-2.1.1.tgz 0ms (cache hit)
453 http cache cliui@https://registry.npmjs.org/cliui/-/cliui-8.0.1.tgz 0ms (cache hit)
454 http cache ansi-regex@https://registry.npmjs.org/ansi-regex/-/ansi-regex-5.0.1.tgz 0ms (cache hit)
455 http cache escalade@https://registry.npmjs.org/escalade/-/escalade-3.2.0.tgz 0ms (cache hit)
456 http cache emoji-regex@https://registry.npmjs.org/emoji-regex/-/emoji-regex-8.0.0.tgz 0ms (cache hit)
457 http cache y18n@https://registry.npmjs.org/y18n/-/y18n-5.0.8.tgz 0ms (cache hit)
458 http cache strip-ansi@https://registry.npmjs.org/strip-ansi/-/strip-ansi-6.0.1.tgz 0ms (cache hit)
459 http cache wrap-ansi@https://registry.npmjs.org/wrap-ansi/-/wrap-ansi-7.0.0.tgz 0ms (cache hit)
460 http cache flat@https://registry.npmjs.org/flat/-/flat-5.0.2.tgz 0ms (cache hit)
461 http cache has-flag@https://registry.npmjs.org/has-flag/-/has-flag-4.0.0.tgz 0ms (cache hit)
462 http cache emoji-regex@https://registry.npmjs.org/emoji-regex/-/emoji-regex-9.2.2.tgz 0ms (cache hit)
463 http cache isexe@https://registry.npmjs.org/isexe/-/isexe-2.0.0.tgz 0ms (cache hit)
464 http cache ansi-regex@https://registry.npmjs.org/ansi-regex/-/ansi-regex-6.2.2.tgz 0ms (cache hit)
465 http cache string-width@https://registry.npmjs.org/string-width/-/string-width-4.2.3.tgz 0ms (cache hit)
466 http cache is-fullwidth-code-point@https://registry.npmjs.org/is-fullwidth-code-point/-/is-fullwidth-code-point-3.0.0.tgz 0ms (cache hit)
467 http cache eastasianwidth@https://registry.npmjs.org/eastasianwidth/-/eastasianwidth-0.2.0.tgz 0ms (cache hit)
468 http cache shebang-regex@https://registry.npmjs.org/shebang-regex/-/shebang-regex-3.0.0.tgz 0ms (cache hit)
469 http cache safe-buffer@https://registry.npmjs.org/safe-buffer/-/safe-buffer-5.2.1.tgz 0ms (cache hit)
470 http cache yocto-queue@https://registry.npmjs.org/yocto-queue/-/yocto-queue-0.1.0.tgz 0ms (cache hit)
471 http cache lru-cache@https://registry.npmjs.org/lru-cache/-/lru-cache-10.4.3.tgz 0ms (cache hit)
472 http cache p-limit@https://registry.npmjs.org/p-limit/-/p-limit-3.1.0.tgz 0ms (cache hit)
473 http cache balanced-match@https://registry.npmjs.org/balanced-match/-/balanced-match-1.0.2.tgz 0ms (cache hit)
474 http cache brace-expansion@https://registry.npmjs.org/brace-expansion/-/brace-expansion-2.0.2.tgz 0ms (cache hit)
475 http cache randombytes@https://registry.npmjs.org/randombytes/-/randombytes-2.1.0.tgz 0ms (cache hit)
476 http cache color-name@https://registry.npmjs.org/color-name/-/color-name-1.1.4.tgz 0ms (cache hit)
477 http cache ansi-styles@https://registry.npmjs.org/ansi-styles/-/ansi-styles-4.3.0.tgz 0ms (cache hit)
478 http cache is-unicode-supported@https://registry.npmjs.org/is-unicode-supported/-/is-unicode-supported-0.1.0.tgz 0ms (cache hit)
479 http cache color-convert@https://registry.npmjs.org/color-convert/-/color-convert-2.0.1.tgz 0ms (cache hit)
480 http cache p-locate@https://registry.npmjs.org/p-locate/-/p-locate-5.0.0.tgz 0ms (cache hit)
481 http cache supports-color@https://registry.npmjs.org/supports-color/-/supports-color-7.2.0.tgz 0ms (cache hit)
482 http cache wrap-ansi-cjs@https://registry.npmjs.org/wrap-ansi/-/wrap-ansi-7.0.0.tgz 0ms (cache hit)
483 http cache argparse@https://registry.npmjs.org/argparse/-/argparse-2.0.1.tgz 0ms (cache hit)
484 http cache chalk@https://registry.npmjs.org/chalk/-/chalk-4.1.2.tgz 0ms (cache hit)
485 http cache ansi-regex@https://registry.npmjs.org/ansi-regex/-/ansi-regex-5.0.1.tgz 0ms (cache hit)
486 http cache emoji-regex@https://registry.npmjs.org/emoji-regex/-/emoji-regex-8.0.0.tgz 0ms (cache hit)
487 http cache wrap-ansi@https://registry.npmjs.org/wrap-ansi/-/wrap-ansi-8.1.0.tgz 0ms (cache hit)
488 http cache ansi-styles@https://registry.npmjs.org/ansi-styles/-/ansi-styles-6.2.3.tgz 0ms (cache hit)
489 http cache strip-ansi@https://registry.npmjs.org/strip-ansi/-/strip-ansi-6.0.1.tgz 0ms (cache hit)
490 http cache string-width@https://registry.npmjs.org/string-width/-/string-width-4.2.3.tgz 0ms (cache hit)
491 http cache strip-ansi-cjs@https://registry.npmjs.org/strip-ansi/-/strip-ansi-6.0.1.tgz 0ms (cache hit)
492 http cache ansi-regex@https://registry.npmjs.org/ansi-regex/-/ansi-regex-5.0.1.tgz 0ms (cache hit)
493 http cache string-width-cjs@https://registry.npmjs.org/string-width/-/string-width-4.2.3.tgz 0ms (cache hit)
494 http cache ansi-regex@https://registry.npmjs.org/ansi-regex/-/ansi-regex-5.0.1.tgz 0ms (cache hit)
495 http cache emoji-regex@https://registry.npmjs.org/emoji-regex/-/emoji-regex-8.0.0.tgz 0ms (cache hit)
496 http cache strip-ansi@https://registry.npmjs.org/strip-ansi/-/strip-ansi-6.0.1.tgz 0ms (cache hit)
497 http cache string-width@https://registry.npmjs.org/string-width/-/string-width-5.1.2.tgz 0ms (cache hit)
498 http cache @pkgjs/parseargs@https://registry.npmjs.org/@pkgjs/parseargs/-/parseargs-0.11.0.tgz 0ms (cache hit)
499 http cache strip-ansi@https://registry.npmjs.org/strip-ansi/-/strip-ansi-7.2.0.tgz 0ms (cache hit)
500 http cache path-key@https://registry.npmjs.org/path-key/-/path-key-3.1.1.tgz 0ms (cache hit)
501 http cache @isaacs/cliui@https://registry.npmjs.org/@isaacs/cliui/-/cliui-8.0.2.tgz 0ms (cache hit)
502 http cache cross-spawn@https://registry.npmjs.org/cross-spawn/-/cross-spawn-7.0.6.tgz 0ms (cache hit)
503 http cache shebang-command@https://registry.npmjs.org/shebang-command/-/shebang-command-2.0.0.tgz 0ms (cache hit)
504 http cache signal-exit@https://registry.npmjs.org/signal-exit/-/signal-exit-4.1.0.tgz 0ms (cache hit)
505 http cache minipass@https://registry.npmjs.org/minipass/-/minipass-7.1.3.tgz 0ms (cache hit)
506 http cache package-json-from-dist@https://registry.npmjs.org/package-json-from-dist/-/package-json-from-dist-1.0.1.tgz 0ms (cache hit)
507 http cache path-scurry@https://registry.npmjs.org/path-scurry/-/path-scurry-1.11.1.tgz 0ms (cache hit)
508 http cache path-exists@https://registry.npmjs.org/path-exists/-/path-exists-4.0.0.tgz 0ms (cache hit)
509 http cache jackspeak@https://registry.npmjs.org/jackspeak/-/jackspeak-3.4.3.tgz 0ms (cache hit)
510 http cache foreground-child@https://registry.npmjs.org/foreground-child/-/foreground-child-3.3.1.tgz 0ms (cache hit)
511 http cache locate-path@https://registry.npmjs.org/locate-path/-/locate-path-6.0.0.tgz 0ms (cache hit)
512 http cache ansi-regex@https://registry.npmjs.org/ansi-regex/-/ansi-regex-5.0.1.tgz 0ms (cache hit)
513 http cache yargs-unparser@https://registry.npmjs.org/yargs-unparser/-/yargs-unparser-2.0.0.tgz 0ms (cache hit)
514 http cache yargs-parser@https://registry.npmjs.org/yargs-parser/-/yargs-parser-21.1.1.tgz 0ms (cache hit)
515 http cache which@https://registry.npmjs.org/which/-/which-2.0.2.tgz 0ms (cache hit)
516 http cache emoji-regex@https://registry.npmjs.org/emoji-regex/-/emoji-regex-8.0.0.tgz 0ms (cache hit)
517 http cache strip-ansi@https://registry.npmjs.org/strip-ansi/-/strip-ansi-6.0.1.tgz 0ms (cache hit)
518 http cache string-width@https://registry.npmjs.org/string-width/-/string-width-4.2.3.tgz 0ms (cache hit)
519 http cache readdirp@https://registry.npmjs.org/readdirp/-/readdirp-4.1.2.tgz 0ms (cache hit)
520 http cache supports-color@https://registry.npmjs.org/supports-color/-/supports-color-8.1.1.tgz 0ms (cache hit)
521 http cache workerpool@https://registry.npmjs.org/workerpool/-/workerpool-9.3.4.tgz 0ms (cache hit)
522 http cache strip-json-comments@https://registry.npmjs.org/strip-json-comments/-/strip-json-comments-3.1.1.tgz 0ms (cache hit)
523 http cache yargs@https://registry.npmjs.org/yargs/-/yargs-17.7.2.tgz 0ms (cache hit)
524 http cache serialize-javascript@https://registry.npmjs.org/serialize-javascript/-/serialize-javascript-6.0.2.tgz 0ms (cache hit)
525 http cache picocolors@https://registry.npmjs.org/picocolors/-/picocolors-1.1.1.tgz 0ms (cache hit)
526 http cache log-symbols@https://registry.npmjs.org/log-symbols/-/log-symbols-4.1.0.tgz 0ms (cache hit)
527 http cache minimatch@https://registry.npmjs.org/minimatch/-/minimatch-9.0.9.tgz 0ms (cache hit)
528 http cache js-yaml@https://registry.npmjs.org/js-yaml/-/js-yaml-4.1.1.tgz 0ms (cache hit)
529 http cache he@https://registry.npmjs.org/he/-/he-1.2.0.tgz 0ms (cache hit)
530 http cache is-path-inside@https://registry.npmjs.org/is-path-inside/-/is-path-inside-3.0.3.tgz 0ms (cache hit)
531 http cache find-up@https://registry.npmjs.org/find-up/-/find-up-5.0.0.tgz 0ms (cache hit)
532 http cache ms@https://registry.npmjs.org/ms/-/ms-2.1.3.tgz 0ms (cache hit)
533 http cache escape-string-regexp@https://registry.npmjs.org/escape-string-regexp/-/escape-string-regexp-4.0.0.tgz 0ms (cache hit)
534 http cache chokidar@https://registry.npmjs.org/chokidar/-/chokidar-4.0.3.tgz 0ms (cache hit)
535 http cache glob@https://registry.npmjs.org/glob/-/glob-10.5.0.tgz 0ms (cache hit)
536 http cache browser-stdout@https://registry.npmjs.org/browser-stdout/-/browser-stdout-1.3.1.tgz 0ms (cache hit)
537 http cache diff@https://registry.npmjs.org/diff/-/diff-7.0.0.tgz 0ms (cache hit)
538 http cache uglify-js@https://registry.npmjs.org/uglify-js/-/uglify-js-3.19.3.tgz 0ms (cache hit)
539 http cache mocha@https://registry.npmjs.org/mocha/-/mocha-11.7.5.tgz 0ms (cache hit)
540 http cache coffee-script@https://registry.npmjs.org/coffee-script/-/coffee-script-1.12.7.tgz 0ms (cache hit)
541 http cache underscore@https://registry.npmjs.org/underscore/-/underscore-1.13.8.tgz 0ms (cache hit)
542 http cache debug@https://registry.npmjs.org/debug/-/debug-4.4.3.tgz 0ms (cache hit)
543 warn deprecated coffee-script@1.12.7: CoffeeScript on NPM has moved to "coffeescript" (no hyphen)
544 warn deprecated glob@10.5.0: Old versions of glob are not supported, and contain widely publicized security vulnerabilities, which have been fixed in the current version. Please update. Support for old versions may be purchased (at exorbitant rates) by contacting i@izs.me
545 silly ADD node_modules/is-plain-obj
546 silly ADD node_modules/flat
547 silly ADD node_modules/decamelize
548 silly ADD node_modules/camelcase
549 silly ADD node_modules/y18n
550 silly ADD node_modules/require-directory
551 silly ADD node_modules/get-caller-file
552 silly ADD node_modules/escalade
553 silly ADD node_modules/cliui
554 silly ADD node_modules/cliui/node_modules/ansi-regex
555 silly ADD node_modules/cliui/node_modules/emoji-regex
556 silly ADD node_modules/cliui/node_modules/wrap-ansi
557 silly ADD node_modules/cliui/node_modules/strip-ansi
558 silly ADD node_modules/cliui/node_modules/string-width
559 silly ADD node_modules/isexe
560 silly ADD node_modules/has-flag
561 silly ADD node_modules/ansi-regex
562 silly ADD node_modules/is-fullwidth-code-point
563 silly ADD node_modules/emoji-regex
564 silly ADD node_modules/eastasianwidth
565 silly ADD node_modules/shebang-regex
566 silly ADD node_modules/safe-buffer
567 silly ADD node_modules/randombytes
568 silly ADD node_modules/lru-cache
569 silly ADD node_modules/yocto-queue
570 silly ADD node_modules/p-limit
571 silly ADD node_modules/balanced-match
572 silly ADD node_modules/brace-expansion
573 silly ADD node_modules/color-name
574 silly ADD node_modules/color-convert
575 silly ADD node_modules/ansi-styles
576 silly ADD node_modules/is-unicode-supported
577 silly ADD node_modules/chalk
578 silly ADD node_modules/chalk/node_modules/supports-color
579 silly ADD node_modules/p-locate
580 silly ADD node_modules/argparse
581 silly ADD node_modules/wrap-ansi-cjs
582 silly ADD node_modules/wrap-ansi-cjs/node_modules/ansi-regex
583 silly ADD node_modules/wrap-ansi-cjs/node_modules/emoji-regex
584 silly ADD node_modules/wrap-ansi-cjs/node_modules/strip-ansi
585 silly ADD node_modules/wrap-ansi-cjs/node_modules/string-width
586 silly ADD node_modules/wrap-ansi
587 silly ADD node_modules/wrap-ansi/node_modules/ansi-styles
588 silly ADD node_modules/strip-ansi-cjs
589 silly ADD node_modules/strip-ansi-cjs/node_modules/ansi-regex
590 silly ADD node_modules/strip-ansi
591 silly ADD node_modules/string-width-cjs
592 silly ADD node_modules/string-width-cjs/node_modules/ansi-regex
593 silly ADD node_modules/string-width-cjs/node_modules/strip-ansi
594 silly ADD node_modules/string-width-cjs/node_modules/emoji-regex
595 silly ADD node_modules/string-width
596 silly ADD node_modules/@pkgjs/parseargs
597 silly ADD node_modules/@isaacs/cliui
598 silly ADD node_modules/which
599 silly ADD node_modules/shebang-command
600 silly ADD node_modules/path-key
601 silly ADD node_modules/signal-exit
602 silly ADD node_modules/cross-spawn
603 silly ADD node_modules/path-scurry
604 silly ADD node_modules/package-json-from-dist
605 silly ADD node_modules/minipass
606 silly ADD node_modules/jackspeak
607 silly ADD node_modules/foreground-child
608 silly ADD node_modules/path-exists
609 silly ADD node_modules/locate-path
610 silly ADD node_modules/readdirp
611 silly ADD node_modules/yargs-unparser
612 silly ADD node_modules/yargs-parser
613 silly ADD node_modules/yargs
614 silly ADD node_modules/yargs/node_modules/ansi-regex
615 silly ADD node_modules/yargs/node_modules/strip-ansi
616 silly ADD node_modules/yargs/node_modules/emoji-regex
617 silly ADD node_modules/yargs/node_modules/string-width
618 silly ADD node_modules/workerpool
619 silly ADD node_modules/supports-color
620 silly ADD node_modules/strip-json-comments
621 silly ADD node_modules/serialize-javascript
622 silly ADD node_modules/picocolors
623 silly ADD node_modules/ms
624 silly ADD node_modules/minimatch
625 silly ADD node_modules/log-symbols
626 silly ADD node_modules/js-yaml
627 silly ADD node_modules/is-path-inside
628 silly ADD node_modules/he
629 silly ADD node_modules/glob
630 silly ADD node_modules/find-up
631 silly ADD node_modules/escape-string-regexp
632 silly ADD node_modules/diff
633 silly ADD node_modules/debug
634 silly ADD node_modules/chokidar
635 silly ADD node_modules/browser-stdout
636 silly ADD node_modules/underscore
637 silly ADD node_modules/uglify-js
638 silly ADD node_modules/mocha
639 silly ADD node_modules/coffee-script
640 verbose cwd /Users/marcopagnanini/code/Progetti/frontend/mobile/App-Unto/~/.npm/_cacache/tmp/git-clone4aD8TJ
641 verbose os Darwin 24.4.0
642 verbose node v23.10.0
643 verbose npm  v10.9.2
644 verbose exit 0
645 info ok
