0 verbose cli /opt/homebrew/Cellar/node/23.10.0_1/bin/node /opt/homebrew/bin/npm
1 info using npm@10.9.2
2 info using node@v23.10.0
3 silly config load:file:/opt/homebrew/lib/node_modules/npm/npmrc
4 silly config load:file:/Users/marcopagnanini/code/Progetti/frontend/mobile/App-Unto/.npmrc
5 silly config load:file:/Users/marcopagnanini/code/Progetti/frontend/mobile/App-Unto/~/.npmrc
6 silly config load:file:/opt/homebrew/etc/npmrc
7 verbose title npm install patch-package
8 verbose argv "install" "patch-package" "--save-dev"
9 verbose logfile logs-max:10 dir:/Users/marcopagnanini/code/Progetti/frontend/mobile/App-Unto/~/.npm/_logs/2026-03-09T11_21_34_296Z-
10 verbose logfile /Users/marcopagnanini/code/Progetti/frontend/mobile/App-Unto/~/.npm/_logs/2026-03-09T11_21_34_296Z-debug-0.log
11 silly logfile done cleaning log files
12 silly packumentCache heap:2197815296 maxSize:549453824 maxEntrySize:274726912
13 silly idealTree buildDeps
14 silly fetch manifest patch-package@*
15 silly packumentCache full:https://registry.npmjs.org/patch-package cache-miss
16 http fetch GET 200 https://registry.npmjs.org/patch-package 400ms (cache miss)
17 silly packumentCache full:https://registry.npmjs.org/patch-package set size:undefined disposed:false
18 silly placeDep ROOT patch-package@8.0.1 OK for: app-unto@1.0.0 want: *
19 silly fetch manifest @yarnpkg/lockfile@^1.1.0
20 silly packumentCache full:https://registry.npmjs.org/@yarnpkg%2flockfile cache-miss
21 silly fetch manifest ci-info@^3.7.0
22 silly packumentCache full:https://registry.npmjs.org/ci-info cache-miss
23 silly fetch manifest find-yarn-workspace-root@^2.0.0
24 silly packumentCache full:https://registry.npmjs.org/find-yarn-workspace-root cache-miss
25 silly fetch manifest fs-extra@^10.0.0
26 silly packumentCache full:https://registry.npmjs.org/fs-extra cache-miss
27 silly fetch manifest json-stable-stringify@^1.0.2
28 silly packumentCache full:https://registry.npmjs.org/json-stable-stringify cache-miss
29 silly fetch manifest klaw-sync@^6.0.0
30 silly packumentCache full:https://registry.npmjs.org/klaw-sync cache-miss
31 silly fetch manifest minimist@^1.2.6
32 silly packumentCache full:https://registry.npmjs.org/minimist cache-miss
33 http fetch GET 200 https://registry.npmjs.org/@yarnpkg%2flockfile 70ms (cache miss)
34 silly packumentCache full:https://registry.npmjs.org/@yarnpkg%2flockfile set size:undefined disposed:false
35 silly fetch manifest semver@^7.5.3
36 silly packumentCache full:https://registry.npmjs.org/semver cache-miss
37 http fetch GET 200 https://registry.npmjs.org/semver 53ms (cache revalidated)
38 silly packumentCache full:https://registry.npmjs.org/semver set size:229678 disposed:false
39 silly fetch manifest slash@^2.0.0
40 silly packumentCache full:https://registry.npmjs.org/slash cache-miss
41 http fetch GET 200 https://registry.npmjs.org/json-stable-stringify 160ms (cache miss)
42 silly packumentCache full:https://registry.npmjs.org/json-stable-stringify set size:undefined disposed:false
43 silly fetch manifest tmp@^0.2.4
44 silly packumentCache full:https://registry.npmjs.org/tmp cache-miss
45 http fetch GET 200 https://registry.npmjs.org/slash 74ms (cache miss)
46 silly packumentCache full:https://registry.npmjs.org/slash set size:undefined disposed:false
47 http fetch GET 200 https://registry.npmjs.org/minimist 206ms (cache miss)
48 silly packumentCache full:https://registry.npmjs.org/minimist set size:undefined disposed:false
49 http fetch GET 200 https://registry.npmjs.org/ci-info 208ms (cache miss)
50 silly packumentCache full:https://registry.npmjs.org/ci-info set size:undefined disposed:false
51 http fetch GET 200 https://registry.npmjs.org/fs-extra 212ms (cache miss)
52 silly packumentCache full:https://registry.npmjs.org/fs-extra set size:undefined disposed:false
53 http fetch GET 200 https://registry.npmjs.org/tmp 54ms (cache miss)
54 silly packumentCache full:https://registry.npmjs.org/tmp set size:undefined disposed:false
55 http fetch GET 200 https://registry.npmjs.org/klaw-sync 334ms (cache miss)
56 silly packumentCache full:https://registry.npmjs.org/klaw-sync set size:undefined disposed:false
57 http fetch GET 200 https://registry.npmjs.org/find-yarn-workspace-root 346ms (cache miss)
58 silly packumentCache full:https://registry.npmjs.org/find-yarn-workspace-root set size:undefined disposed:false
59 silly placeDep ROOT @yarnpkg/lockfile@1.1.0 OK for: patch-package@8.0.1 want: ^1.1.0
60 silly placeDep node_modules/patch-package ci-info@3.9.0 OK for: patch-package@8.0.1 want: ^3.7.0
61 silly placeDep ROOT find-yarn-workspace-root@2.0.0 OK for: patch-package@8.0.1 want: ^2.0.0
62 silly placeDep ROOT fs-extra@10.1.0 OK for: patch-package@8.0.1 want: ^10.0.0
63 silly placeDep ROOT json-stable-stringify@1.3.0 OK for: patch-package@8.0.1 want: ^1.0.2
64 silly placeDep ROOT klaw-sync@6.0.0 OK for: patch-package@8.0.1 want: ^6.0.0
65 silly placeDep ROOT minimist@1.2.8 OK for: patch-package@8.0.1 want: ^1.2.6
66 silly placeDep node_modules/patch-package semver@7.7.4 OK for: patch-package@8.0.1 want: ^7.5.3
67 silly placeDep node_modules/patch-package slash@2.0.0 OK for: patch-package@8.0.1 want: ^2.0.0
68 silly placeDep ROOT tmp@0.2.5 OK for: patch-package@8.0.1 want: ^0.2.4
69 silly fetch manifest jsonfile@^6.0.1
70 silly packumentCache full:https://registry.npmjs.org/jsonfile cache-miss
71 silly fetch manifest universalify@^2.0.0
72 silly packumentCache full:https://registry.npmjs.org/universalify cache-miss
73 silly fetch manifest call-bind@^1.0.8
74 silly packumentCache full:https://registry.npmjs.org/call-bind cache-miss
75 silly fetch manifest call-bound@^1.0.4
76 silly packumentCache full:https://registry.npmjs.org/call-bound cache-miss
77 silly fetch manifest isarray@^2.0.5
78 silly packumentCache full:https://registry.npmjs.org/isarray cache-miss
79 silly fetch manifest jsonify@^0.0.1
80 silly packumentCache full:https://registry.npmjs.org/jsonify cache-miss
81 silly fetch manifest object-keys@^1.1.1
82 silly packumentCache full:https://registry.npmjs.org/object-keys cache-miss
83 http fetch GET 200 https://registry.npmjs.org/call-bound 62ms (cache miss)
84 silly packumentCache full:https://registry.npmjs.org/call-bound set size:undefined disposed:false
85 http fetch GET 200 https://registry.npmjs.org/universalify 65ms (cache miss)
86 silly packumentCache full:https://registry.npmjs.org/universalify set size:undefined disposed:false
87 http fetch GET 200 https://registry.npmjs.org/isarray 66ms (cache miss)
88 silly packumentCache full:https://registry.npmjs.org/isarray set size:undefined disposed:false
89 http fetch GET 200 https://registry.npmjs.org/object-keys 67ms (cache miss)
90 silly packumentCache full:https://registry.npmjs.org/object-keys set size:undefined disposed:false
91 http fetch GET 200 https://registry.npmjs.org/jsonfile 70ms (cache miss)
92 silly packumentCache full:https://registry.npmjs.org/jsonfile set size:undefined disposed:false
93 http fetch GET 200 https://registry.npmjs.org/jsonify 70ms (cache miss)
94 silly packumentCache full:https://registry.npmjs.org/jsonify set size:undefined disposed:false
95 http fetch GET 200 https://registry.npmjs.org/call-bind 70ms (cache miss)
96 silly packumentCache full:https://registry.npmjs.org/call-bind set size:undefined disposed:false
97 silly placeDep ROOT jsonfile@6.2.0 OK for: fs-extra@10.1.0 want: ^6.0.1
98 silly placeDep ROOT universalify@2.0.1 OK for: fs-extra@10.1.0 want: ^2.0.0
99 silly placeDep ROOT call-bind@1.0.8 OK for: json-stable-stringify@1.3.0 want: ^1.0.8
100 silly placeDep ROOT call-bound@1.0.4 OK for: json-stable-stringify@1.3.0 want: ^1.0.4
101 silly placeDep ROOT isarray@2.0.5 OK for: json-stable-stringify@1.3.0 want: ^2.0.5
102 silly placeDep ROOT jsonify@0.0.1 OK for: json-stable-stringify@1.3.0 want: ^0.0.1
103 silly placeDep ROOT object-keys@1.1.1 OK for: json-stable-stringify@1.3.0 want: ^1.1.1
104 silly fetch manifest set-function-length@^1.2.2
105 silly packumentCache full:https://registry.npmjs.org/set-function-length cache-miss
106 http fetch GET 200 https://registry.npmjs.org/set-function-length 53ms (cache miss)
107 silly packumentCache full:https://registry.npmjs.org/set-function-length set size:undefined disposed:false
108 silly placeDep ROOT set-function-length@1.2.2 OK for: call-bind@1.0.8 want: ^1.2.2
109 silly fetch manifest define-data-property@^1.1.4
110 silly packumentCache full:https://registry.npmjs.org/define-data-property cache-miss
111 silly fetch manifest has-property-descriptors@^1.0.2
112 silly packumentCache full:https://registry.npmjs.org/has-property-descriptors cache-miss
113 http fetch GET 200 https://registry.npmjs.org/has-property-descriptors 49ms (cache miss)
114 silly packumentCache full:https://registry.npmjs.org/has-property-descriptors set size:undefined disposed:false
115 http fetch GET 200 https://registry.npmjs.org/define-data-property 49ms (cache miss)
116 silly packumentCache full:https://registry.npmjs.org/define-data-property set size:undefined disposed:false
117 silly placeDep ROOT define-data-property@1.1.4 OK for: set-function-length@1.2.2 want: ^1.1.4
118 silly placeDep ROOT has-property-descriptors@1.0.2 OK for: set-function-length@1.2.2 want: ^1.0.2
119 silly reify moves {}
120 silly audit bulk request {
120 silly audit   '@babel/code-frame': [ '7.29.0' ],
120 silly audit   '@babel/compat-data': [ '7.29.0' ],
120 silly audit   '@babel/core': [ '7.29.0' ],
120 silly audit   '@babel/generator': [ '7.29.1' ],
120 silly audit   '@babel/helper-annotate-as-pure': [ '7.27.3' ],
120 silly audit   '@babel/helper-compilation-targets': [ '7.28.6' ],
120 silly audit   '@babel/helper-create-class-features-plugin': [ '7.28.6' ],
120 silly audit   '@babel/helper-create-regexp-features-plugin': [ '7.28.5' ],
120 silly audit   '@babel/helper-define-polyfill-provider': [ '0.6.7' ],
120 silly audit   '@babel/helper-globals': [ '7.28.0' ],
120 silly audit   '@babel/helper-member-expression-to-functions': [ '7.28.5' ],
120 silly audit   '@babel/helper-module-imports': [ '7.28.6' ],
120 silly audit   '@babel/helper-module-transforms': [ '7.28.6' ],
120 silly audit   '@babel/helper-optimise-call-expression': [ '7.27.1' ],
120 silly audit   '@babel/helper-plugin-utils': [ '7.28.6' ],
120 silly audit   '@babel/helper-remap-async-to-generator': [ '7.27.1' ],
120 silly audit   '@babel/helper-replace-supers': [ '7.28.6' ],
120 silly audit   '@babel/helper-skip-transparent-expression-wrappers': [ '7.27.1' ],
120 silly audit   '@babel/helper-string-parser': [ '7.27.1' ],
120 silly audit   '@babel/helper-validator-identifier': [ '7.28.5' ],
120 silly audit   '@babel/helper-validator-option': [ '7.27.1' ],
120 silly audit   '@babel/helper-wrap-function': [ '7.28.6' ],
120 silly audit   '@babel/helpers': [ '7.28.6' ],
120 silly audit   '@babel/parser': [ '7.29.0' ],
120 silly audit   '@babel/plugin-proposal-decorators': [ '7.29.0' ],
120 silly audit   '@babel/plugin-proposal-export-default-from': [ '7.27.1' ],
120 silly audit   '@babel/plugin-syntax-async-generators': [ '7.8.4' ],
120 silly audit   '@babel/plugin-syntax-bigint': [ '7.8.3' ],
120 silly audit   '@babel/plugin-syntax-class-properties': [ '7.12.13' ],
120 silly audit   '@babel/plugin-syntax-class-static-block': [ '7.14.5' ],
120 silly audit   '@babel/plugin-syntax-decorators': [ '7.28.6' ],
120 silly audit   '@babel/plugin-syntax-dynamic-import': [ '7.8.3' ],
120 silly audit   '@babel/plugin-syntax-export-default-from': [ '7.28.6' ],
120 silly audit   '@babel/plugin-syntax-flow': [ '7.28.6' ],
120 silly audit   '@babel/plugin-syntax-import-attributes': [ '7.28.6' ],
120 silly audit   '@babel/plugin-syntax-import-meta': [ '7.10.4' ],
120 silly audit   '@babel/plugin-syntax-json-strings': [ '7.8.3' ],
120 silly audit   '@babel/plugin-syntax-jsx': [ '7.28.6' ],
120 silly audit   '@babel/plugin-syntax-logical-assignment-operators': [ '7.10.4' ],
120 silly audit   '@babel/plugin-syntax-nullish-coalescing-operator': [ '7.8.3' ],
120 silly audit   '@babel/plugin-syntax-numeric-separator': [ '7.10.4' ],
120 silly audit   '@babel/plugin-syntax-object-rest-spread': [ '7.8.3' ],
120 silly audit   '@babel/plugin-syntax-optional-catch-binding': [ '7.8.3' ],
120 silly audit   '@babel/plugin-syntax-optional-chaining': [ '7.8.3' ],
120 silly audit   '@babel/plugin-syntax-private-property-in-object': [ '7.14.5' ],
120 silly audit   '@babel/plugin-syntax-top-level-await': [ '7.14.5' ],
120 silly audit   '@babel/plugin-syntax-typescript': [ '7.28.6' ],
120 silly audit   '@babel/plugin-transform-arrow-functions': [ '7.27.1' ],
120 silly audit   '@babel/plugin-transform-async-generator-functions': [ '7.29.0' ],
120 silly audit   '@babel/plugin-transform-async-to-generator': [ '7.28.6' ],
120 silly audit   '@babel/plugin-transform-block-scoping': [ '7.28.6' ],
120 silly audit   '@babel/plugin-transform-class-properties': [ '7.28.6', '7.27.1' ],
120 silly audit   '@babel/plugin-transform-class-static-block': [ '7.28.6' ],
120 silly audit   '@babel/plugin-transform-classes': [ '7.28.6', '7.28.4' ],
120 silly audit   '@babel/plugin-transform-computed-properties': [ '7.28.6' ],
120 silly audit   '@babel/plugin-transform-destructuring': [ '7.28.5' ],
120 silly audit   '@babel/plugin-transform-export-namespace-from': [ '7.27.1' ],
120 silly audit   '@babel/plugin-transform-flow-strip-types': [ '7.27.1' ],
120 silly audit   '@babel/plugin-transform-for-of': [ '7.27.1' ],
120 silly audit   '@babel/plugin-transform-function-name': [ '7.27.1' ],
120 silly audit   '@babel/plugin-transform-literals': [ '7.27.1' ],
120 silly audit   '@babel/plugin-transform-logical-assignment-operators': [ '7.28.6' ],
120 silly audit   '@babel/plugin-transform-modules-commonjs': [ '7.28.6' ],
120 silly audit   '@babel/plugin-transform-named-capturing-groups-regex': [ '7.29.0' ],
120 silly audit   '@babel/plugin-transform-nullish-coalescing-operator': [ '7.28.6', '7.27.1' ],
120 silly audit   '@babel/plugin-transform-numeric-separator': [ '7.28.6' ],
120 silly audit   '@babel/plugin-transform-object-rest-spread': [ '7.28.6' ],
120 silly audit   '@babel/plugin-transform-optional-catch-binding': [ '7.28.6' ],
120 silly audit   '@babel/plugin-transform-optional-chaining': [ '7.28.6', '7.27.1' ],
120 silly audit   '@babel/plugin-transform-parameters': [ '7.27.7' ],
120 silly audit   '@babel/plugin-transform-private-methods': [ '7.28.6' ],
120 silly audit   '@babel/plugin-transform-private-property-in-object': [ '7.28.6' ],
120 silly audit   '@babel/plugin-transform-react-display-name': [ '7.28.0' ],
120 silly audit   '@babel/plugin-transform-react-jsx': [ '7.28.6' ],
120 silly audit   '@babel/plugin-transform-react-jsx-development': [ '7.27.1' ],
120 silly audit   '@babel/plugin-transform-react-jsx-self': [ '7.27.1' ],
120 silly audit   '@babel/plugin-transform-react-jsx-source': [ '7.27.1' ],
120 silly audit   '@babel/plugin-transform-react-pure-annotations': [ '7.27.1' ],
120 silly audit   '@babel/plugin-transform-regenerator': [ '7.29.0' ],
120 silly audit   '@babel/plugin-transform-runtime': [ '7.29.0' ],
120 silly audit   '@babel/plugin-transform-shorthand-properties': [ '7.27.1' ],
120 silly audit   '@babel/plugin-transform-spread': [ '7.28.6' ],
120 silly audit   '@babel/plugin-transform-sticky-regex': [ '7.27.1' ],
120 silly audit   '@babel/plugin-transform-template-literals': [ '7.27.1' ],
120 silly audit   '@babel/plugin-transform-typescript': [ '7.28.6' ],
120 silly audit   '@babel/plugin-transform-unicode-regex': [ '7.27.1' ],
120 silly audit   '@babel/preset-react': [ '7.28.5' ],
120 silly audit   '@babel/preset-typescript': [ '7.28.5', '7.27.1' ],
120 silly audit   '@babel/runtime': [ '7.28.6' ],
120 silly audit   '@babel/template': [ '7.28.6' ],
120 silly audit   '@babel/traverse': [ '7.29.0' ],
120 silly audit   '@babel/types': [ '7.29.0' ],
120 silly audit   '@egjs/hammerjs': [ '2.0.17' ],
120 silly audit   '@expensify/react-native-live-markdown': [ '0.1.324' ],
120 silly audit   '@expo-google-fonts/geist': [ '0.4.1' ],
120 silly audit   '@expo-google-fonts/geist-mono': [ '0.4.1' ],
120 silly audit   '@expo-google-fonts/instrument-serif': [ '0.4.1' ],
120 silly audit   '@expo-google-fonts/material-symbols': [ '0.4.25' ],
120 silly audit   '@expo/code-signing-certificates': [ '0.0.6' ],
120 silly audit   '@expo/config': [ '55.0.8' ],
120 silly audit   '@expo/config-plugins': [ '55.0.6' ],
120 silly audit   semver: [ '7.7.4', '7.6.3', '7.7.3', '6.3.1' ],
120 silly audit   '@expo/config-types': [ '55.0.5' ],
120 silly audit   '@expo/devcert': [ '1.2.1' ],
120 silly audit   debug: [ '3.2.7', '2.6.9', '4.4.3' ],
120 silly audit   '@expo/devtools': [ '55.0.2' ],
120 silly audit   '@expo/dom-webview': [ '55.0.3' ],
120 silly audit   '@expo/env': [ '2.1.1' ],
120 silly audit   '@expo/fingerprint': [ '0.16.5' ],
120 silly audit   '@expo/image-utils': [ '0.8.12' ],
120 silly audit   '@expo/json-file': [ '10.0.12' ],
120 silly audit   '@expo/local-build-cache-provider': [ '55.0.6' ],
120 silly audit   '@expo/log-box': [ '55.0.7' ],
120 silly audit   '@expo/metro': [ '54.2.0' ],
120 silly audit   '@expo/metro-config': [ '55.0.9' ],
120 silly audit   '@expo/metro-runtime': [ '55.0.6' ],
120 silly audit   '@expo/osascript': [ '2.4.2' ],
120 silly audit   '@expo/package-manager': [ '1.10.3' ],
120 silly audit   '@expo/plist': [ '0.5.2' ],
120 silly audit   '@expo/prebuild-config': [ '55.0.8' ],
120 silly audit   '@expo/require-utils': [ '55.0.2' ],
120 silly audit   '@expo/schema-utils': [ '55.0.2' ],
120 silly audit   '@expo/sdk-runtime-versions': [ '1.0.0' ],
120 silly audit   '@expo/spawn-async': [ '1.7.2' ],
120 silly audit   '@expo/sudo-prompt': [ '9.3.2' ],
120 silly audit   '@expo/vector-icons': [ '15.1.1' ],
120 silly audit   '@expo/ws-tunnel': [ '1.0.6' ],
120 silly audit   '@expo/xcpretty': [ '4.4.1' ],
120 silly audit   argparse: [ '2.0.1', '1.0.10' ],
120 silly audit   'js-yaml': [ '4.1.1', '3.14.2' ],
120 silly audit   '@isaacs/ttlcache': [ '1.4.1' ],
120 silly audit   '@istanbuljs/load-nyc-config': [ '1.1.0' ],
120 silly audit   camelcase: [ '5.3.1', '6.3.0' ],
120 silly audit   '@istanbuljs/schema': [ '0.1.3' ],
120 silly audit   '@jest/create-cache-key-function': [ '29.7.0' ],
120 silly audit   '@jest/environment': [ '29.7.0' ],
120 silly audit   '@jest/fake-timers': [ '29.7.0' ],
120 silly audit   '@jest/schemas': [ '29.6.3' ],
120 silly audit   '@jest/transform': [ '29.7.0' ],
120 silly audit   '@jest/types': [ '29.6.3' ],
120 silly audit   '@jridgewell/gen-mapping': [ '0.3.13' ],
120 silly audit   '@jridgewell/remapping': [ '2.3.5' ],
120 silly audit   '@jridgewell/resolve-uri': [ '3.1.2' ],
120 silly audit   '@jridgewell/source-map': [ '0.3.11' ],
120 silly audit   '@jridgewell/sourcemap-codec': [ '1.5.5' ],
120 silly audit   '@jridgewell/trace-mapping': [ '0.3.31' ],
120 silly audit   '@radix-ui/primitive': [ '1.1.3' ],
120 silly audit   '@radix-ui/react-collection': [ '1.1.7' ],
120 silly audit   '@radix-ui/react-slot': [ '1.2.3', '1.2.4' ],
120 silly audit   '@radix-ui/react-compose-refs': [ '1.1.2' ],
120 silly audit   '@radix-ui/react-context': [ '1.1.2' ],
120 silly audit   '@radix-ui/react-dialog': [ '1.1.15' ],
120 silly audit   '@radix-ui/react-direction': [ '1.1.1' ],
120 silly audit   '@radix-ui/react-dismissable-layer': [ '1.1.11' ],
120 silly audit   '@radix-ui/react-focus-guards': [ '1.1.3' ],
120 silly audit   '@radix-ui/react-focus-scope': [ '1.1.7' ],
120 silly audit   '@radix-ui/react-id': [ '1.1.1' ],
120 silly audit   '@radix-ui/react-portal': [ '1.1.9' ],
120 silly audit   '@radix-ui/react-presence': [ '1.1.5' ],
120 silly audit   '@radix-ui/react-primitive': [ '2.1.3' ],
120 silly audit   '@radix-ui/react-roving-focus': [ '1.1.11' ],
120 silly audit   '@radix-ui/react-tabs': [ '1.1.13' ],
120 silly audit   '@radix-ui/react-use-callback-ref': [ '1.1.1' ],
120 silly audit   '@radix-ui/react-use-controllable-state': [ '1.2.2' ],
120 silly audit   '@radix-ui/react-use-effect-event': [ '0.0.2' ],
120 silly audit   '@radix-ui/react-use-escape-keydown': [ '1.1.1' ],
120 silly audit   '@radix-ui/react-use-layout-effect': [ '1.1.1' ],
120 silly audit   '@react-native/assets-registry': [ '0.83.2' ],
120 silly audit   '@react-native/babel-plugin-codegen': [ '0.83.2' ],
120 silly audit   '@react-native/babel-preset': [ '0.83.2' ],
120 silly audit   'babel-plugin-syntax-hermes-parser': [ '0.32.0', '0.32.1' ],
120 silly audit   'hermes-estree': [ '0.32.0', '0.32.1' ],
120 silly audit   'hermes-parser': [ '0.32.0', '0.32.1' ],
120 silly audit   '@react-native/codegen': [ '0.83.2' ],
120 silly audit   'balanced-match': [ '1.0.2', '4.0.4' ],
120 silly audit   'brace-expansion': [ '1.1.12', '5.0.4' ],
120 silly audit   glob: [ '7.2.3', '13.0.6' ],
120 silly audit   minimatch: [ '3.1.5', '10.2.4' ],
120 silly audit   '@react-native/community-cli-plugin': [ '0.83.2' ],
120 silly audit   '@react-native/debugger-frontend': [ '0.83.2' ],
120 silly audit   '@react-native/debugger-shell': [ '0.83.2' ],
120 silly audit   '@react-native/dev-middleware': [ '0.83.2' ],
120 silly audit   '@react-native/gradle-plugin': [ '0.83.2' ],
120 silly audit   '@react-native/js-polyfills': [ '0.83.2' ],
120 silly audit   '@react-native/normalize-colors': [ '0.83.2', '0.74.89' ],
120 silly audit   '@react-native/virtualized-lists': [ '0.83.2' ],
120 silly audit   '@react-navigation/bottom-tabs': [ '7.15.5' ],
120 silly audit   '@react-navigation/core': [ '7.16.1' ],
120 silly audit   '@react-navigation/elements': [ '2.9.10' ],
120 silly audit   '@react-navigation/native': [ '7.1.33' ],
120 silly audit   '@react-navigation/native-stack': [ '7.14.4' ],
120 silly audit   '@react-navigation/routers': [ '7.5.3' ],
120 silly audit   '@sinclair/typebox': [ '0.27.10' ],
120 silly audit   '@sinonjs/commons': [ '3.0.1' ],
120 silly audit   '@sinonjs/fake-timers': [ '10.3.0' ],
120 silly audit   '@types/babel__core': [ '7.20.5' ],
120 silly audit   '@types/babel__generator': [ '7.27.0' ],
120 silly audit   '@types/babel__template': [ '7.4.4' ],
120 silly audit   '@types/babel__traverse': [ '7.28.0' ],
120 silly audit   '@types/graceful-fs': [ '4.1.9' ],
120 silly audit   '@types/hammerjs': [ '2.0.46' ],
120 silly audit   '@types/istanbul-lib-coverage': [ '2.0.6' ],
120 silly audit   '@types/istanbul-lib-report': [ '3.0.3' ],
120 silly audit   '@types/istanbul-reports': [ '3.0.4' ],
120 silly audit   '@types/node': [ '25.3.5' ],
120 silly audit   '@types/react': [ '19.2.14' ],
120 silly audit   '@types/stack-utils': [ '2.0.3' ],
120 silly audit   '@types/yargs': [ '17.0.35' ],
120 silly audit   '@types/yargs-parser': [ '21.0.3' ],
120 silly audit   '@ungap/structured-clone': [ '1.3.0' ],
120 silly audit   '@xmldom/xmldom': [ '0.8.11' ],
120 silly audit   'abort-controller': [ '3.0.0' ],
120 silly audit   accepts: [ '1.3.8' ],
120 silly audit   acorn: [ '8.16.0' ],
120 silly audit   'agent-base': [ '7.1.4' ],
120 silly audit   anser: [ '1.4.10' ],
120 silly audit   'ansi-escapes': [ '4.3.2' ],
120 silly audit   'type-fest': [ '0.21.3', '0.7.1' ],
120 silly audit   'ansi-regex': [ '5.0.1', '4.1.1' ],
120 silly audit   'ansi-styles': [ '4.3.0', '3.2.1', '5.2.0' ],
120 silly audit   anymatch: [ '3.1.3' ],
120 silly audit   picomatch: [ '2.3.1', '4.0.3' ],
120 silly audit   arg: [ '5.0.2' ],
120 silly audit   'aria-hidden': [ '1.2.6' ],
120 silly audit   asap: [ '2.0.6' ],
120 silly audit   asynckit: [ '0.4.0' ],
120 silly audit   'awesome-phonenumber': [ '5.11.0' ],
120 silly audit   axios: [ '1.13.6' ],
120 silly audit   'babel-jest': [ '29.7.0' ],
120 silly audit   'babel-plugin-istanbul': [ '6.1.1' ],
120 silly audit   'babel-plugin-jest-hoist': [ '29.6.3' ],
120 silly audit   'babel-plugin-polyfill-corejs2': [ '0.4.16' ],
120 silly audit   'babel-plugin-polyfill-corejs3': [ '0.13.0' ],
120 silly audit   'babel-plugin-polyfill-regenerator': [ '0.6.7' ],
120 silly audit   'babel-plugin-react-compiler': [ '1.0.0' ],
120 silly audit   'babel-plugin-react-native-web': [ '0.21.2' ],
120 silly audit   'babel-plugin-transform-flow-enums': [ '0.0.2' ],
120 silly audit   'babel-preset-current-node-syntax': [ '1.2.0' ],
120 silly audit   'babel-preset-expo': [ '55.0.10' ],
120 silly audit   'babel-preset-jest': [ '29.6.3' ],
120 silly audit   'base64-js': [ '1.5.1' ],
120 silly audit   'baseline-browser-mapping': [ '2.10.0' ],
120 silly audit   'better-opn': [ '3.0.2' ],
120 silly audit   open: [ '8.4.2', '7.4.2' ],
120 silly audit   'big-integer': [ '1.6.52' ],
120 silly audit   'bplist-creator': [ '0.1.0' ],
120 silly audit   'bplist-parser': [ '0.3.1' ],
120 silly audit   braces: [ '3.0.3' ],
120 silly audit   browserslist: [ '4.28.1' ],
120 silly audit   bser: [ '2.1.1' ],
120 silly audit   'buffer-from': [ '1.1.2' ],
120 silly audit   bytes: [ '3.1.2' ],
120 silly audit   'call-bind-apply-helpers': [ '1.0.2' ],
120 silly audit   camelize: [ '1.0.1' ],
120 silly audit   'caniuse-lite': [ '1.0.30001777' ],
120 silly audit   chalk: [ '4.1.2', '2.4.2' ],
120 silly audit   'chrome-launcher': [ '0.15.2' ],
120 silly audit   'chromium-edge-launcher': [ '0.2.0' ],
120 silly audit   'ci-info': [ '2.0.0', '3.9.0' ],
120 silly audit   classnames: [ '2.5.0' ],
120 silly audit   'cli-cursor': [ '2.1.0' ],
120 silly audit   'cli-spinners': [ '2.9.2' ],
120 silly audit   'client-only': [ '0.0.1' ],
120 silly audit   clipboard: [ '2.0.11' ],
120 silly audit   cliui: [ '8.0.1' ],
120 silly audit   clone: [ '1.0.4' ],
120 silly audit   color: [ '4.2.3' ],
120 silly audit   'color-convert': [ '2.0.1', '1.9.3' ],
120 silly audit   'color-name': [ '1.1.4', '1.1.3' ],
120 silly audit   'color-string': [ '1.9.1' ],
120 silly audit   'combined-stream': [ '1.0.8' ],
120 silly audit   commander: [ '7.2.0', '12.1.0', '2.20.3' ],
120 silly audit   compressible: [ '2.0.18' ],
120 silly audit   compression: [ '1.8.1' ],
120 silly audit   ms: [ '2.0.0', '2.1.3' ],
120 silly audit   negotiator: [ '0.6.4', '0.6.3' ],
120 silly audit   'concat-map': [ '0.0.1' ],
120 silly audit   connect: [ '3.7.0' ],
120 silly audit   'convert-source-map': [ '2.0.0' ],
120 silly audit   'core-js-compat': [ '3.48.0' ],
120 silly audit   'cross-fetch': [ '3.2.0' ],
120 silly audit   'cross-spawn': [ '7.0.6' ],
120 silly audit   'css-color-keywords': [ '1.0.0' ],
120 silly audit   'css-in-js-utils': [ '3.1.0' ],
120 silly audit   'css-to-react-native': [ '3.2.0' ],
120 silly audit   csstype: [ '3.2.3' ],
120 silly audit   'decode-uri-component': [ '0.2.2' ],
120 silly audit   deepmerge: [ '4.3.1' ],
120 silly audit   defaults: [ '1.0.4' ],
120 silly audit   'define-lazy-prop': [ '2.0.0' ],
120 silly audit   'delayed-stream': [ '1.0.0' ],
120 silly audit   delegate: [ '3.2.0' ],
120 silly audit   depd: [ '2.0.0' ],
120 silly audit   destroy: [ '1.2.0' ],
120 silly audit   'detect-libc': [ '2.1.2' ],
120 silly audit   'detect-node-es': [ '1.1.0' ],
120 silly audit   'dnssd-advertise': [ '1.1.3' ],
120 silly audit   'dunder-proto': [ '1.0.1' ],
120 silly audit   'ee-first': [ '1.1.1' ],
120 silly audit   'electron-to-chromium': [ '1.5.307' ],
120 silly audit   'emoji-regex': [ '8.0.0' ],
120 silly audit   encodeurl: [ '1.0.2', '2.0.0' ],
120 silly audit   entities: [ '2.0.3' ],
120 silly audit   'error-stack-parser': [ '2.1.4' ],
120 silly audit   'es-define-property': [ '1.0.1' ],
120 silly audit   'es-errors': [ '1.3.0' ],
120 silly audit   'es-object-atoms': [ '1.1.1' ],
120 silly audit   'es-set-tostringtag': [ '2.1.0' ],
120 silly audit   escalade: [ '3.2.0' ],
120 silly audit   'escape-html': [ '1.0.3' ],
120 silly audit   'escape-string-regexp': [ '4.0.0', '1.0.5', '2.0.0' ],
120 silly audit   esprima: [ '4.0.1' ],
120 silly audit   etag: [ '1.8.1' ],
120 silly audit   'event-target-shim': [ '5.0.1' ],
120 silly audit   'expensify-common': [ '2.0.171' ],
120 silly audit   react: [ '16.12.0', '19.2.0' ],
120 silly audit   'react-dom': [ '16.12.0', '19.2.0' ],
120 silly audit   scheduler: [ '0.18.0', '0.27.0' ],
120 silly audit   'ua-parser-js': [ '1.0.41', '0.7.41' ],
120 silly audit   expo: [ '55.0.5' ],
120 silly audit   'expo-asset': [ '55.0.8' ],
120 silly audit   'expo-constants': [ '55.0.7' ],
120 silly audit   'expo-device': [ '55.0.9' ],
120 silly audit   'expo-file-system': [ '55.0.10' ],
120 silly audit   'expo-font': [ '55.0.4' ],
120 silly audit   'expo-glass-effect': [ '55.0.7' ],
120 silly audit   'expo-image': [ '55.0.6' ],
120 silly audit   'expo-keep-awake': [ '55.0.4' ],
120 silly audit   'expo-linking': [ '55.0.7' ],
120 silly audit   'expo-modules-autolinking': [ '55.0.8' ],
120 silly audit   'expo-modules-core': [ '55.0.14' ],
120 silly audit   'expo-router': [ '55.0.4' ],
120 silly audit   'expo-secure-store': [ '55.0.8' ],
120 silly audit   'expo-server': [ '55.0.6' ],
120 silly audit   'expo-splash-screen': [ '55.0.10' ],
120 silly audit   'expo-status-bar': [ '55.0.4' ],
120 silly audit   'expo-symbols': [ '55.0.5' ],
120 silly audit   'expo-system-ui': [ '55.0.9' ],
120 silly audit   'expo-web-browser': [ '55.0.9' ],
120 silly audit   '@expo/cli': [ '55.0.15' ],
120 silly audit   '@expo/router-server': [ '55.0.9' ],
120 silly audit   ws: [ '8.19.0', '7.5.10' ],
120 silly audit   'exponential-backoff': [ '3.1.3' ],
120 silly audit   'fast-deep-equal': [ '3.1.3' ],
120 silly audit   'fast-json-stable-stringify': [ '2.1.0' ],
120 silly audit   'fb-dotslash': [ '0.5.8' ],
120 silly audit   'fb-watchman': [ '2.0.2' ],
120 silly audit   fbjs: [ '3.0.5' ],
120 silly audit   'fbjs-css-vars': [ '1.0.2' ],
120 silly audit   promise: [ '7.3.1', '8.3.0' ],
120 silly audit   'fetch-nodeshim': [ '0.4.9' ],
120 silly audit   'fill-range': [ '7.1.1' ],
120 silly audit   'filter-obj': [ '1.1.0' ],
120 silly audit   finalhandler: [ '1.1.2' ],
120 silly audit   'find-up': [ '4.1.0' ],
120 silly audit   'flow-enums-runtime': [ '0.0.6' ],
120 silly audit   'follow-redirects': [ '1.15.11' ],
120 silly audit   fontfaceobserver: [ '2.3.0' ],
120 silly audit   'form-data': [ '4.0.5' ],
120 silly audit   fresh: [ '0.5.2' ],
120 silly audit   'fs.realpath': [ '1.0.0' ],
120 silly audit   fsevents: [ '2.3.3' ],
120 silly audit   'function-bind': [ '1.1.2' ],
120 silly audit   gensync: [ '1.0.0-beta.2' ],
120 silly audit   'get-caller-file': [ '2.0.5' ],
120 silly audit   'get-intrinsic': [ '1.3.0' ],
120 silly audit   'get-nonce': [ '1.0.1' ],
120 silly audit   'get-package-type': [ '0.1.0' ],
120 silly audit   'get-proto': [ '1.0.1' ],
120 silly audit   getenv: [ '2.0.0' ],
120 silly audit   'good-listener': [ '1.2.2' ],
120 silly audit   gopd: [ '1.2.0' ],
120 silly audit   'graceful-fs': [ '4.2.11' ],
120 silly audit   'has-flag': [ '4.0.0', '3.0.0' ],
120 silly audit   'has-symbols': [ '1.1.0' ],
120 silly audit   'has-tostringtag': [ '1.0.2' ],
120 silly audit   hasown: [ '2.0.2' ],
120 silly audit   'hermes-compiler': [ '0.14.1' ],
120 silly audit   'hoist-non-react-statics': [ '3.3.2' ],
120 silly audit   'react-is': [ '16.13.1', '18.3.1', '19.2.4' ],
120 silly audit   'hosted-git-info': [ '7.0.2' ],
120 silly audit   'lru-cache': [ '10.4.3', '5.1.1', '11.2.6' ],
120 silly audit   'html-entities': [ '2.5.3' ],
120 silly audit   'http-errors': [ '2.0.1' ],
120 silly audit   statuses: [ '2.0.2', '1.5.0' ],
120 silly audit   'https-proxy-agent': [ '7.0.6' ],
120 silly audit   'hyphenate-style-name': [ '1.1.0' ],
120 silly audit   ignore: [ '5.3.2' ],
120 silly audit   'image-size': [ '1.2.1' ],
120 silly audit   immediate: [ '3.0.6' ],
120 silly audit   imurmurhash: [ '0.1.4' ],
120 silly audit   inflight: [ '1.0.6' ],
120 silly audit   inherits: [ '2.0.4' ],
120 silly audit   'inline-style-prefixer': [ '7.0.1' ],
120 silly audit   invariant: [ '2.2.4' ],
120 silly audit   'is-arrayish': [ '0.3.4' ],
120 silly audit   'is-core-module': [ '2.16.1' ],
120 silly audit   'is-docker': [ '2.2.1' ],
120 silly audit   'is-fullwidth-code-point': [ '3.0.0' ],
120 silly audit   'is-number': [ '7.0.0' ],
120 silly audit   'is-wsl': [ '2.2.0' ],
120 silly audit   isexe: [ '2.0.0' ],
120 silly audit   'istanbul-lib-coverage': [ '3.2.2' ],
120 silly audit   'istanbul-lib-instrument': [ '5.2.1' ],
120 silly audit   'jest-environment-node': [ '29.7.0' ],
120 silly audit   'jest-get-type': [ '29.6.3' ],
120 silly audit   'jest-haste-map': [ '29.7.0' ],
120 silly audit   'jest-message-util': [ '29.7.0' ],
120 silly audit   'jest-mock': [ '29.7.0' ],
120 silly audit   'jest-regex-util': [ '29.6.3' ],
120 silly audit   'jest-util': [ '29.7.0' ],
120 silly audit   'jest-validate': [ '29.7.0' ],
120 silly audit   'jest-worker': [ '29.7.0' ],
120 silly audit   'supports-color': [ '8.1.1', '5.5.0', '7.2.0' ],
120 silly audit   'jimp-compact': [ '0.16.1' ],
120 silly audit   jquery: [ '3.6.0' ],
120 silly audit   'js-tokens': [ '4.0.0' ],
120 silly audit   'jsc-safe-url': [ '0.2.4' ],
120 silly audit   jsesc: [ '3.1.0' ],
120 silly audit   json5: [ '2.2.3' ],
120 silly audit   kleur: [ '3.0.3' ],
120 silly audit   'lan-network': [ '0.2.0' ],
120 silly audit   leven: [ '3.1.0' ],
120 silly audit   lie: [ '3.1.1' ],
120 silly audit   'lighthouse-logger': [ '1.4.2' ],
120 silly audit   lightningcss: [ '1.31.1' ],
120 silly audit   'lightningcss-android-arm64': [ '1.31.1' ],
120 silly audit   'lightningcss-darwin-arm64': [ '1.31.1' ],
120 silly audit   'lightningcss-darwin-x64': [ '1.31.1' ],
120 silly audit   'lightningcss-freebsd-x64': [ '1.31.1' ],
120 silly audit   'lightningcss-linux-arm-gnueabihf': [ '1.31.1' ],
120 silly audit   'lightningcss-linux-arm64-gnu': [ '1.31.1' ],
120 silly audit   'lightningcss-linux-arm64-musl': [ '1.31.1' ],
120 silly audit   'lightningcss-linux-x64-gnu': [ '1.31.1' ],
120 silly audit   'lightningcss-linux-x64-musl': [ '1.31.1' ],
120 silly audit   'lightningcss-win32-arm64-msvc': [ '1.31.1' ],
120 silly audit   'lightningcss-win32-x64-msvc': [ '1.31.1' ],
120 silly audit   'linkify-it': [ '2.2.0' ],
120 silly audit   localforage: [ '1.10.0' ],
120 silly audit   'locate-path': [ '5.0.0' ],
120 silly audit   lodash: [ '4.17.23' ],
120 silly audit   'lodash.debounce': [ '4.0.8' ],
120 silly audit   'lodash.throttle': [ '4.1.1' ],
120 silly audit   'log-symbols': [ '2.2.0' ],
120 silly audit   'loose-envify': [ '1.4.0' ],
120 silly audit   makeerror: [ '1.0.12' ],
120 silly audit   'markdown-it': [ '10.0.0' ],
120 silly audit   marky: [ '1.3.0' ],
120 silly audit   'math-intrinsics': [ '1.1.0' ],
120 silly audit   mdurl: [ '1.0.1' ],
120 silly audit   'memoize-one': [ '5.2.1', '6.0.0' ],
120 silly audit   'merge-stream': [ '2.0.0' ],
120 silly audit   metro: [ '0.83.3' ],
120 silly audit   'metro-babel-transformer': [ '0.83.3' ],
120 silly audit   'metro-cache': [ '0.83.3' ],
120 silly audit   'metro-cache-key': [ '0.83.3' ],
120 silly audit   'metro-config': [ '0.83.3' ],
120 silly audit   'metro-core': [ '0.83.3' ],
120 silly audit   'metro-file-map': [ '0.83.3' ],
120 silly audit   'metro-minify-terser': [ '0.83.3' ],
120 silly audit   'metro-resolver': [ '0.83.3' ],
120 silly audit   'metro-runtime': [ '0.83.3' ],
120 silly audit   'metro-source-map': [ '0.83.3' ],
120 silly audit   'metro-symbolicate': [ '0.83.3' ],
120 silly audit   'metro-transform-plugins': [ '0.83.3' ],
120 silly audit   'metro-transform-worker': [ '0.83.3' ],
120 silly audit   micromatch: [ '4.0.8' ],
120 silly audit   mime: [ '1.6.0' ],
120 silly audit   'mime-db': [ '1.52.0' ],
120 silly audit   'mime-types': [ '2.1.35' ],
120 silly audit   'mimic-fn': [ '1.2.0' ],
120 silly audit   minipass: [ '7.1.3' ],
120 silly audit   mkdirp: [ '1.0.4' ],
120 silly audit   multitars: [ '0.2.4' ],
120 silly audit   nanoid: [ '3.3.11' ],
120 silly audit   'node-fetch': [ '2.7.0' ],
120 silly audit   'node-forge': [ '1.3.3' ],
120 silly audit   'node-int64': [ '0.4.0' ],
120 silly audit   'node-releases': [ '2.0.36' ],
120 silly audit   'normalize-path': [ '3.0.0' ],
120 silly audit   'npm-package-arg': [ '11.0.3' ],
120 silly audit   nullthrows: [ '1.1.1' ],
120 silly audit   ob1: [ '0.83.3' ],
120 silly audit   'object-assign': [ '4.1.1' ],
120 silly audit   'on-finished': [ '2.3.0', '2.4.1' ],
120 silly audit   'on-headers': [ '1.1.0' ],
120 silly audit   once: [ '1.4.0' ],
120 silly audit   onetime: [ '2.0.1' ],
120 silly audit   ora: [ '3.4.0' ],
120 silly audit   'strip-ansi': [ '5.2.0', '6.0.1' ],
120 silly audit   'p-limit': [ '2.3.0' ],
120 silly audit   'p-locate': [ '4.1.0' ],
120 silly audit   'p-try': [ '2.2.0' ],
120 silly audit   'parse-png': [ '2.1.0' ],
120 silly audit   parseurl: [ '1.3.3' ],
120 silly audit   'path-exists': [ '4.0.0' ],
120 silly audit   'path-is-absolute': [ '1.0.1' ],
120 silly audit   'path-key': [ '3.1.1' ],
120 silly audit   'path-parse': [ '1.0.7' ],
120 silly audit   'path-scurry': [ '2.0.2' ],
120 silly audit   picocolors: [ '1.1.1' ],
120 silly audit   pirates: [ '4.0.7' ],
120 silly audit   plist: [ '3.1.0' ],
120 silly audit   pngjs: [ '3.4.0' ],
120 silly audit   postcss: [ '8.4.49' ],
120 silly audit   'postcss-value-parser': [ '4.2.0' ],
120 silly audit   'pretty-format': [ '29.7.0' ],
120 silly audit   'proc-log': [ '4.2.0' ],
120 silly audit   progress: [ '2.0.3' ],
120 silly audit   prompts: [ '2.4.2' ],
120 silly audit   'prop-types': [ '15.8.1' ],
120 silly audit   'proxy-from-env': [ '1.1.0' ],
120 silly audit   punycode: [ '2.3.1' ],
120 silly audit   'query-string': [ '7.1.3' ],
120 silly audit   queue: [ '6.0.2' ],
120 silly audit   'range-parser': [ '1.2.1' ],
120 silly audit   'react-devtools-core': [ '6.1.5' ],
120 silly audit   'react-fast-compare': [ '3.2.2' ],
120 silly audit   'react-freeze': [ '1.0.4' ],
120 silly audit   'react-native': [ '0.83.2' ],
120 silly audit   'react-native-fit-image': [ '1.5.5' ],
120 silly audit   'react-native-gesture-handler': [ '2.30.0' ],
120 silly audit   'react-native-is-edge-to-edge': [ '1.3.1', '1.2.1' ],
120 silly audit   'react-native-markdown-display': [ '7.0.2' ],
120 silly audit   'react-native-reanimated': [ '4.2.1' ],
120 silly audit   'react-native-safe-area-context': [ '5.6.2' ],
120 silly audit   'react-native-screens': [ '4.23.0' ],
120 silly audit   'react-native-web': [ '0.21.2' ],
120 silly audit   'react-native-worklets': [ '0.7.2' ],
120 silly audit   'react-refresh': [ '0.14.2' ],
120 silly audit   'react-remove-scroll': [ '2.7.2' ],
120 silly audit   'react-remove-scroll-bar': [ '2.3.8' ],
120 silly audit   'react-style-singleton': [ '2.2.3' ],
120 silly audit   regenerate: [ '1.4.2' ],
120 silly audit   'regenerate-unicode-properties': [ '10.2.2' ],
120 silly audit   'regenerator-runtime': [ '0.13.11' ],
120 silly audit   'regexpu-core': [ '6.4.0' ],
120 silly audit   regjsgen: [ '0.8.0' ],
120 silly audit   regjsparser: [ '0.13.0' ],
120 silly audit   'require-directory': [ '2.1.1' ],
120 silly audit   resolve: [ '1.22.11' ],
120 silly audit   'resolve-from': [ '5.0.0' ],
120 silly audit   'resolve-workspace-root': [ '2.0.1' ],
120 silly audit   'restore-cursor': [ '2.0.0' ],
120 silly audit   rimraf: [ '3.0.2' ],
120 silly audit   'safe-buffer': [ '5.2.1' ],
120 silly audit   sax: [ '1.5.0' ],
120 silly audit   select: [ '1.1.2' ],
120 silly audit   send: [ '0.19.2' ],
120 silly audit   'serialize-error': [ '2.1.0' ],
120 silly audit   'serve-static': [ '1.16.3' ],
120 silly audit   'server-only': [ '0.0.1' ],
120 silly audit   setimmediate: [ '1.0.5' ],
120 silly audit   setprototypeof: [ '1.2.0' ],
120 silly audit   'sf-symbols-typescript': [ '2.2.0' ],
120 silly audit   shallowequal: [ '1.1.0' ],
120 silly audit   'shebang-command': [ '2.0.0' ],
120 silly audit   'shebang-regex': [ '3.0.0' ],
120 silly audit   'shell-quote': [ '1.8.3' ],
120 silly audit   'signal-exit': [ '3.0.7' ],
120 silly audit   'simple-plist': [ '1.3.1' ],
120 silly audit   'simple-swizzle': [ '0.2.4' ],
120 silly audit   'simply-deferred': [ '3.0.0' ],
120 silly audit   sisteransi: [ '1.0.5' ],
120 silly audit   slash: [ '3.0.0', '2.0.0' ],
120 silly audit   slugify: [ '1.6.6' ],
120 silly audit   'source-map': [ '0.5.7', '0.6.1' ],
120 silly audit   'source-map-js': [ '1.2.1' ],
120 silly audit   'source-map-support': [ '0.5.21' ],
120 silly audit   'split-on-first': [ '1.1.0' ],
120 silly audit   'sprintf-js': [ '1.0.3' ],
120 silly audit   'stack-utils': [ '2.0.6' ],
120 silly audit   stackframe: [ '1.3.4' ],
120 silly audit   'stacktrace-parser': [ '0.1.11' ],
120 silly audit   'stream-buffers': [ '2.2.0' ],
120 silly audit   'strict-uri-encode': [ '2.0.0' ],
120 silly audit   'string-width': [ '4.2.3' ],
120 silly audit   'structured-headers': [ '0.4.1' ],
120 silly audit   styleq: [ '0.1.3' ],
120 silly audit   'supports-hyperlinks': [ '2.3.0' ],
120 silly audit   'supports-preserve-symlinks-flag': [ '1.0.0' ],
120 silly audit   'terminal-link': [ '2.1.1' ],
120 silly audit   terser: [ '5.46.0' ],
120 silly audit   'test-exclude': [ '6.0.0' ],
120 silly audit   throat: [ '5.0.0' ],
120 silly audit   'tiny-emitter': [ '2.1.0' ],
120 silly audit   tmpl: [ '1.0.5' ],
120 silly audit   'to-regex-range': [ '5.0.1' ],
120 silly audit   toidentifier: [ '1.0.1' ],
120 silly audit   toqr: [ '0.1.1' ],
120 silly audit   tr46: [ '0.0.3' ],
120 silly audit   tslib: [ '2.8.1' ],
120 silly audit   'type-detect': [ '4.0.8' ],
120 silly audit   typescript: [ '5.9.3' ],
120 silly audit   'uc.micro': [ '1.0.6' ],
120 silly audit   'undici-types': [ '7.18.2' ],
120 silly audit   'unicode-canonical-property-names-ecmascript': [ '2.0.1' ],
120 silly audit   'unicode-match-property-ecmascript': [ '2.0.0' ],
120 silly audit   'unicode-match-property-value-ecmascript': [ '2.2.1' ],
120 silly audit   'unicode-property-aliases-ecmascript': [ '2.2.0' ],
120 silly audit   unpipe: [ '1.0.0' ],
120 silly audit   'update-browserslist-db': [ '1.2.3' ],
120 silly audit   'use-callback-ref': [ '1.3.3' ],
120 silly audit   'use-latest-callback': [ '0.2.6' ],
120 silly audit   'use-sidecar': [ '1.1.3' ],
120 silly audit   'use-sync-external-store': [ '1.6.0' ],
120 silly audit   'utils-merge': [ '1.0.1' ],
120 silly audit   uuid: [ '7.0.3' ],
120 silly audit   'validate-npm-package-name': [ '5.0.1' ],
120 silly audit   vary: [ '1.1.2' ],
120 silly audit   vaul: [ '1.1.2' ],
120 silly audit   vlq: [ '1.0.1' ],
120 silly audit   walker: [ '1.0.8' ],
120 silly audit   'warn-once': [ '0.1.1' ],
120 silly audit   wcwidth: [ '1.0.1' ],
120 silly audit   'webidl-conversions': [ '3.0.1' ],
120 silly audit   'whatwg-fetch': [ '3.6.20' ],
120 silly audit   'whatwg-url': [ '5.0.0' ],
120 silly audit   'whatwg-url-minimum': [ '0.1.1' ],
120 silly audit   which: [ '2.0.2' ],
120 silly audit   'wrap-ansi': [ '7.0.0' ],
120 silly audit   wrappy: [ '1.0.2' ],
120 silly audit   'write-file-atomic': [ '4.0.2' ],
120 silly audit   xcode: [ '3.0.1' ],
120 silly audit   xml2js: [ '0.6.0' ],
120 silly audit   xmlbuilder: [ '11.0.1', '15.1.1' ],
120 silly audit   y18n: [ '5.0.8' ],
120 silly audit   yallist: [ '3.1.1' ],
120 silly audit   yaml: [ '2.8.2' ],
120 silly audit   yargs: [ '17.7.2' ],
120 silly audit   'yargs-parser': [ '21.1.1' ],
120 silly audit   zod: [ '3.25.76' ],
120 silly audit   'patch-package': [ '8.0.1' ],
120 silly audit   '@yarnpkg/lockfile': [ '1.1.0' ],
120 silly audit   'find-yarn-workspace-root': [ '2.0.0' ],
120 silly audit   'fs-extra': [ '10.1.0' ],
120 silly audit   'json-stable-stringify': [ '1.3.0' ],
120 silly audit   'klaw-sync': [ '6.0.0' ],
120 silly audit   minimist: [ '1.2.8' ],
120 silly audit   tmp: [ '0.2.5' ],
120 silly audit   jsonfile: [ '6.2.0' ],
120 silly audit   universalify: [ '2.0.1' ],
120 silly audit   'call-bind': [ '1.0.8' ],
120 silly audit   'call-bound': [ '1.0.4' ],
120 silly audit   isarray: [ '2.0.5' ],
120 silly audit   jsonify: [ '0.0.1' ],
120 silly audit   'object-keys': [ '1.1.1' ],
120 silly audit   'set-function-length': [ '1.2.2' ],
120 silly audit   'define-data-property': [ '1.1.4' ],
120 silly audit   'has-property-descriptors': [ '1.0.2' ]
120 silly audit }
121 verbose reify failed optional dependency /Users/marcopagnanini/code/Progetti/frontend/mobile/App-Unto/node_modules/lightningcss-win32-x64-msvc
122 silly reify mark deleted [
122 silly reify   '/Users/marcopagnanini/code/Progetti/frontend/mobile/App-Unto/node_modules/lightningcss-win32-x64-msvc'
122 silly reify ]
123 verbose reify failed optional dependency /Users/marcopagnanini/code/Progetti/frontend/mobile/App-Unto/node_modules/lightningcss-win32-arm64-msvc
124 silly reify mark deleted [
124 silly reify   '/Users/marcopagnanini/code/Progetti/frontend/mobile/App-Unto/node_modules/lightningcss-win32-arm64-msvc'
124 silly reify ]
125 verbose reify failed optional dependency /Users/marcopagnanini/code/Progetti/frontend/mobile/App-Unto/node_modules/lightningcss-linux-x64-musl
126 silly reify mark deleted [
126 silly reify   '/Users/marcopagnanini/code/Progetti/frontend/mobile/App-Unto/node_modules/lightningcss-linux-x64-musl'
126 silly reify ]
127 verbose reify failed optional dependency /Users/marcopagnanini/code/Progetti/frontend/mobile/App-Unto/node_modules/lightningcss-linux-x64-gnu
128 silly reify mark deleted [
128 silly reify   '/Users/marcopagnanini/code/Progetti/frontend/mobile/App-Unto/node_modules/lightningcss-linux-x64-gnu'
128 silly reify ]
129 verbose reify failed optional dependency /Users/marcopagnanini/code/Progetti/frontend/mobile/App-Unto/node_modules/lightningcss-linux-arm64-musl
130 silly reify mark deleted [
130 silly reify   '/Users/marcopagnanini/code/Progetti/frontend/mobile/App-Unto/node_modules/lightningcss-linux-arm64-musl'
130 silly reify ]
131 verbose reify failed optional dependency /Users/marcopagnanini/code/Progetti/frontend/mobile/App-Unto/node_modules/lightningcss-linux-arm64-gnu
132 silly reify mark deleted [
132 silly reify   '/Users/marcopagnanini/code/Progetti/frontend/mobile/App-Unto/node_modules/lightningcss-linux-arm64-gnu'
132 silly reify ]
133 verbose reify failed optional dependency /Users/marcopagnanini/code/Progetti/frontend/mobile/App-Unto/node_modules/lightningcss-linux-arm-gnueabihf
134 silly reify mark deleted [
134 silly reify   '/Users/marcopagnanini/code/Progetti/frontend/mobile/App-Unto/node_modules/lightningcss-linux-arm-gnueabihf'
134 silly reify ]
135 verbose reify failed optional dependency /Users/marcopagnanini/code/Progetti/frontend/mobile/App-Unto/node_modules/lightningcss-freebsd-x64
136 silly reify mark deleted [
136 silly reify   '/Users/marcopagnanini/code/Progetti/frontend/mobile/App-Unto/node_modules/lightningcss-freebsd-x64'
136 silly reify ]
137 verbose reify failed optional dependency /Users/marcopagnanini/code/Progetti/frontend/mobile/App-Unto/node_modules/lightningcss-darwin-x64
138 silly reify mark deleted [
138 silly reify   '/Users/marcopagnanini/code/Progetti/frontend/mobile/App-Unto/node_modules/lightningcss-darwin-x64'
138 silly reify ]
139 verbose reify failed optional dependency /Users/marcopagnanini/code/Progetti/frontend/mobile/App-Unto/node_modules/lightningcss-android-arm64
140 silly reify mark deleted [
140 silly reify   '/Users/marcopagnanini/code/Progetti/frontend/mobile/App-Unto/node_modules/lightningcss-android-arm64'
140 silly reify ]
141 http cache has-property-descriptors@https://registry.npmjs.org/has-property-descriptors/-/has-property-descriptors-1.0.2.tgz 0ms (cache hit)
142 http cache define-data-property@https://registry.npmjs.org/define-data-property/-/define-data-property-1.1.4.tgz 0ms (cache hit)
143 http cache set-function-length@https://registry.npmjs.org/set-function-length/-/set-function-length-1.2.2.tgz 1ms (cache hit)
144 http cache jsonify@https://registry.npmjs.org/jsonify/-/jsonify-0.0.1.tgz 0ms (cache hit)
145 http cache object-keys@https://registry.npmjs.org/object-keys/-/object-keys-1.1.1.tgz 0ms (cache hit)
146 http cache call-bound@https://registry.npmjs.org/call-bound/-/call-bound-1.0.4.tgz 0ms (cache hit)
147 http cache call-bind@https://registry.npmjs.org/call-bind/-/call-bind-1.0.8.tgz 0ms (cache hit)
148 http cache universalify@https://registry.npmjs.org/universalify/-/universalify-2.0.1.tgz 0ms (cache hit)
149 http cache jsonfile@https://registry.npmjs.org/jsonfile/-/jsonfile-6.2.0.tgz 0ms (cache hit)
150 http cache tmp@https://registry.npmjs.org/tmp/-/tmp-0.2.5.tgz 0ms (cache hit)
151 http cache minimist@https://registry.npmjs.org/minimist/-/minimist-1.2.8.tgz 0ms (cache hit)
152 http cache klaw-sync@https://registry.npmjs.org/klaw-sync/-/klaw-sync-6.0.0.tgz 0ms (cache hit)
153 http cache json-stable-stringify@https://registry.npmjs.org/json-stable-stringify/-/json-stable-stringify-1.3.0.tgz 0ms (cache hit)
154 http cache fs-extra@https://registry.npmjs.org/fs-extra/-/fs-extra-10.1.0.tgz 0ms (cache hit)
155 http cache find-yarn-workspace-root@https://registry.npmjs.org/find-yarn-workspace-root/-/find-yarn-workspace-root-2.0.0.tgz 0ms (cache hit)
156 http cache @yarnpkg/lockfile@https://registry.npmjs.org/@yarnpkg/lockfile/-/lockfile-1.1.0.tgz 0ms (cache hit)
157 http cache patch-package@https://registry.npmjs.org/patch-package/-/patch-package-8.0.1.tgz 0ms (cache hit)
158 http cache slash@https://registry.npmjs.org/slash/-/slash-2.0.0.tgz 0ms (cache hit)
159 http cache semver@https://registry.npmjs.org/semver/-/semver-7.7.4.tgz 0ms (cache hit)
160 http cache ci-info@https://registry.npmjs.org/ci-info/-/ci-info-3.9.0.tgz 0ms (cache hit)
161 http cache isarray@https://registry.npmjs.org/isarray/-/isarray-2.0.5.tgz 0ms (cache hit)
162 silly tarball no local data for has-property-descriptors@https://registry.npmjs.org/has-property-descriptors/-/has-property-descriptors-1.0.2.tgz. Extracting by manifest.
163 silly tarball no local data for define-data-property@https://registry.npmjs.org/define-data-property/-/define-data-property-1.1.4.tgz. Extracting by manifest.
164 silly tarball no local data for set-function-length@https://registry.npmjs.org/set-function-length/-/set-function-length-1.2.2.tgz. Extracting by manifest.
165 silly tarball no local data for jsonify@https://registry.npmjs.org/jsonify/-/jsonify-0.0.1.tgz. Extracting by manifest.
166 silly tarball no local data for object-keys@https://registry.npmjs.org/object-keys/-/object-keys-1.1.1.tgz. Extracting by manifest.
167 silly tarball no local data for call-bound@https://registry.npmjs.org/call-bound/-/call-bound-1.0.4.tgz. Extracting by manifest.
168 silly tarball no local data for call-bind@https://registry.npmjs.org/call-bind/-/call-bind-1.0.8.tgz. Extracting by manifest.
169 silly tarball no local data for universalify@https://registry.npmjs.org/universalify/-/universalify-2.0.1.tgz. Extracting by manifest.
170 silly tarball no local data for jsonfile@https://registry.npmjs.org/jsonfile/-/jsonfile-6.2.0.tgz. Extracting by manifest.
171 silly tarball no local data for tmp@https://registry.npmjs.org/tmp/-/tmp-0.2.5.tgz. Extracting by manifest.
172 silly tarball no local data for minimist@https://registry.npmjs.org/minimist/-/minimist-1.2.8.tgz. Extracting by manifest.
173 silly tarball no local data for klaw-sync@https://registry.npmjs.org/klaw-sync/-/klaw-sync-6.0.0.tgz. Extracting by manifest.
174 silly tarball no local data for json-stable-stringify@https://registry.npmjs.org/json-stable-stringify/-/json-stable-stringify-1.3.0.tgz. Extracting by manifest.
175 silly tarball no local data for fs-extra@https://registry.npmjs.org/fs-extra/-/fs-extra-10.1.0.tgz. Extracting by manifest.
176 silly tarball no local data for find-yarn-workspace-root@https://registry.npmjs.org/find-yarn-workspace-root/-/find-yarn-workspace-root-2.0.0.tgz. Extracting by manifest.
177 silly tarball no local data for @yarnpkg/lockfile@https://registry.npmjs.org/@yarnpkg/lockfile/-/lockfile-1.1.0.tgz. Extracting by manifest.
178 silly tarball no local data for patch-package@https://registry.npmjs.org/patch-package/-/patch-package-8.0.1.tgz. Extracting by manifest.
179 silly tarball no local data for slash@https://registry.npmjs.org/slash/-/slash-2.0.0.tgz. Extracting by manifest.
180 silly tarball no local data for ci-info@https://registry.npmjs.org/ci-info/-/ci-info-3.9.0.tgz. Extracting by manifest.
181 silly tarball no local data for isarray@https://registry.npmjs.org/isarray/-/isarray-2.0.5.tgz. Extracting by manifest.
182 http fetch GET 200 https://registry.npmjs.org/set-function-length/-/set-function-length-1.2.2.tgz 65ms (cache miss)
183 http fetch GET 200 https://registry.npmjs.org/call-bound/-/call-bound-1.0.4.tgz 65ms (cache miss)
184 http fetch GET 200 https://registry.npmjs.org/has-property-descriptors/-/has-property-descriptors-1.0.2.tgz 65ms (cache miss)
185 http fetch GET 200 https://registry.npmjs.org/define-data-property/-/define-data-property-1.1.4.tgz 66ms (cache miss)
186 http fetch GET 200 https://registry.npmjs.org/object-keys/-/object-keys-1.1.1.tgz 66ms (cache miss)
187 http fetch GET 200 https://registry.npmjs.org/jsonify/-/jsonify-0.0.1.tgz 67ms (cache miss)
188 http fetch GET 200 https://registry.npmjs.org/slash/-/slash-2.0.0.tgz 106ms (cache miss)
189 http fetch GET 200 https://registry.npmjs.org/find-yarn-workspace-root/-/find-yarn-workspace-root-2.0.0.tgz 111ms (cache miss)
190 http fetch GET 200 https://registry.npmjs.org/ci-info/-/ci-info-3.9.0.tgz 123ms (cache miss)
191 http fetch GET 200 https://registry.npmjs.org/isarray/-/isarray-2.0.5.tgz 124ms (cache miss)
192 http fetch GET 200 https://registry.npmjs.org/@yarnpkg/lockfile/-/lockfile-1.1.0.tgz 141ms (cache miss)
193 http fetch GET 200 https://registry.npmjs.org/patch-package/-/patch-package-8.0.1.tgz 153ms (cache miss)
194 http fetch GET 200 https://registry.npmjs.org/klaw-sync/-/klaw-sync-6.0.0.tgz 156ms (cache miss)
195 http fetch GET 200 https://registry.npmjs.org/tmp/-/tmp-0.2.5.tgz 172ms (cache miss)
196 http fetch GET 200 https://registry.npmjs.org/universalify/-/universalify-2.0.1.tgz 177ms (cache miss)
197 http fetch GET 200 https://registry.npmjs.org/jsonfile/-/jsonfile-6.2.0.tgz 177ms (cache miss)
198 http fetch GET 200 https://registry.npmjs.org/json-stable-stringify/-/json-stable-stringify-1.3.0.tgz 179ms (cache miss)
199 http fetch GET 200 https://registry.npmjs.org/minimist/-/minimist-1.2.8.tgz 180ms (cache miss)
200 http fetch GET 200 https://registry.npmjs.org/call-bind/-/call-bind-1.0.8.tgz 187ms (cache miss)
201 http fetch GET 200 https://registry.npmjs.org/fs-extra/-/fs-extra-10.1.0.tgz 186ms (cache miss)
202 http fetch POST 200 https://registry.npmjs.org/-/npm/v1/security/advisories/bulk 274ms
203 silly audit report {
203 silly audit report   'markdown-it': [
203 silly audit report     {
203 silly audit report       id: 1092663,
203 silly audit report       url: 'https://github.com/advisories/GHSA-6vfc-qv3f-vr6c',
203 silly audit report       title: 'Uncontrolled Resource Consumption in markdown-it',
203 silly audit report       severity: 'moderate',
203 silly audit report       vulnerable_versions: '<12.3.2',
203 silly audit report       cwe: [Array],
203 silly audit report       cvss: [Object]
203 silly audit report     }
203 silly audit report   ]
203 silly audit report }
204 silly packumentCache corgi:https://registry.npmjs.org/markdown-it cache-miss
205 http cache https://registry.npmjs.org/markdown-it 3ms (cache hit)
206 silly packumentCache corgi:https://registry.npmjs.org/markdown-it set size:123533 disposed:false
207 silly packumentCache corgi:https://registry.npmjs.org/react-native-markdown-display cache-miss
208 http cache https://registry.npmjs.org/react-native-markdown-display 2ms (cache hit)
209 silly packumentCache corgi:https://registry.npmjs.org/react-native-markdown-display set size:60097 disposed:false
210 silly ADD node_modules/has-property-descriptors
211 silly ADD node_modules/define-data-property
212 silly ADD node_modules/set-function-length
213 silly ADD node_modules/object-keys
214 silly ADD node_modules/jsonify
215 silly ADD node_modules/isarray
216 silly ADD node_modules/call-bound
217 silly ADD node_modules/call-bind
218 silly ADD node_modules/universalify
219 silly ADD node_modules/jsonfile
220 silly ADD node_modules/tmp
221 silly ADD node_modules/minimist
222 silly ADD node_modules/klaw-sync
223 silly ADD node_modules/json-stable-stringify
224 silly ADD node_modules/fs-extra
225 silly ADD node_modules/find-yarn-workspace-root
226 silly ADD node_modules/@yarnpkg/lockfile
227 silly ADD node_modules/patch-package
228 silly ADD node_modules/patch-package/node_modules/slash
229 silly ADD node_modules/patch-package/node_modules/semver
230 silly ADD node_modules/patch-package/node_modules/ci-info
231 silly ADD
232 silly ADD
233 silly ADD
234 silly ADD
235 silly ADD
236 silly ADD
237 silly ADD
238 silly ADD
239 silly ADD
240 silly ADD
241 verbose cwd /Users/marcopagnanini/code/Progetti/frontend/mobile/App-Unto
242 verbose os Darwin 24.4.0
243 verbose node v23.10.0
244 verbose npm  v10.9.2
245 verbose exit 0
246 info ok
